#
# There is insufficient memory for the Java Runtime Environment to continue.
# Native memory allocation (mmap) failed to map 100663296 bytes for G1 virtual space
# Possible reasons:
#   The system is out of physical RAM or swap space
#   The process is running with CompressedOops enabled, and the Java Heap may be blocking the growth of the native heap
# Possible solutions:
#   Reduce memory load on the system
#   Increase physical memory or swap space
#   Check if swap backing store is full
#   Decrease Java heap size (-Xmx/-Xms)
#   Decrease number of Java threads
#   Decrease Java thread stack sizes (-Xss)
#   Set larger code cache with -XX:ReservedCodeCacheSize=
#   JVM is running with Unscaled Compressed Oops mode in which the Java heap is
#     placed in the first 4GB address space. The Java Heap base address is the
#     maximum limit for the native heap growth. Please use -XX:HeapBaseMinAddress
#     to set the Java Heap base and to place the Java Heap above 4GB virtual address.
# This output file may be truncated or incomplete.
#
#  Out of Memory Error (os_windows.cpp:3532), pid=3740, tid=2260
#
# JRE version: Java(TM) SE Runtime Environment (17.0.2+8) (build 17.0.2+8-LTS-86)
# Java VM: Java HotSpot(TM) 64-Bit Server VM (17.0.2+8-LTS-86, mixed mode, emulated-client, sharing, tiered, compressed oops, compressed class ptrs, g1 gc, windows-amd64)
# No core dump will be written. Minidumps are not enabled by default on client versions of Windows
#

---------------  S U M M A R Y ------------

Command Line: -Dquarkus-internal.serialized-app-model.path=C:\Users\ANNA\IdeaProjects\geekocon-crud-service\target\quarkus\bootstrap\dev-app-model.dat -javaagent:C:\Users\ANNA\.m2\repository\io\quarkus\quarkus-class-change-agent\2.6.3.Final\quarkus-class-change-agent-2.6.3.Final.jar -XX:TieredStopAtLevel=1 -agentlib:jdwp=transport=dt_socket,address=localhost:5005,server=y,suspend=n -Djava.util.logging.manager=org.jboss.logmanager.LogManager C:\Users\ANNA\IdeaProjects\geekocon-crud-service\target\geekocon-crud-service-dev.jar

Host: AMD Ryzen 3 3200U with Radeon Vega Mobile Gfx  , 4 cores, 5G,  Windows 10 , 64 bit Build 19041 (10.0.19041.1566)
Time: Mon Mar 21 20:54:19 2022 RTZ 4 (s 10 , 64 bit Build 19041 (10.0.19041.1566) elapsed time: 1.263602 seconds (0d 0h 0m 1s)

---------------  T H R E A D  ---------------

Current thread (0x000001f66991e300):  VMThread "VM Thread" [stack: 0x0000009c95700000,0x0000009c95800000] [id=2260]

Stack: [0x0000009c95700000,0x0000009c95800000]
Native frames: (J=compiled Java code, j=interpreted, Vv=VM code, C=native code)
V  [jvm.dll+0x670baa]
V  [jvm.dll+0x7cfcb4]
V  [jvm.dll+0x7d145e]
V  [jvm.dll+0x7d1ac3]
V  [jvm.dll+0x242bc5]
V  [jvm.dll+0x66dac9]
V  [jvm.dll+0x662412]
V  [jvm.dll+0x300c0b]
V  [jvm.dll+0x3081a6]
V  [jvm.dll+0x357d0e]
V  [jvm.dll+0x357f3f]
V  [jvm.dll+0x2d7ec8]
V  [jvm.dll+0x2d6194]
V  [jvm.dll+0x2d579c]
V  [jvm.dll+0x3190eb]
V  [jvm.dll+0x7d5f9b]
V  [jvm.dll+0x7d6cd4]
V  [jvm.dll+0x7d71ec]
V  [jvm.dll+0x7d75c4]
V  [jvm.dll+0x7d7690]
V  [jvm.dll+0x77ff7a]
V  [jvm.dll+0x66fa35]
C  [ucrtbase.dll+0x21bb2]
C  [KERNEL32.DLL+0x17034]
C  [ntdll.dll+0x52651]

VM_Operation (0x0000009c951fd2f0): G1CollectForAllocation, mode: safepoint, requested by thread 0x000001f66984e880


---------------  P R O C E S S  ---------------

Threads class SMR info:
_java_thread_list=0x000001f67dfe1e80, length=16, elements={
0x000001f66984e880, 0x000001f6699243d0, 0x000001f669925240, 0x000001f67bb7a3b0,
0x000001f67bb7ac30, 0x000001f67bb7c5f0, 0x000001f67bb7cfa0, 0x000001f67bb85a10,
0x000001f67bb86400, 0x000001f66990cfe0, 0x000001f67bc4e800, 0x000001f67c825070,
0x000001f67ccae1a0, 0x000001f67ccd9f80, 0x000001f67ccdc9f0, 0x000001f67dfd62f0
}

Java Threads: ( => current thread )
  0x000001f66984e880 JavaThread "main" [_thread_blocked, id=3588, stack(0x0000009c95100000,0x0000009c95200000)]
  0x000001f6699243d0 JavaThread "Reference Handler" daemon [_thread_blocked, id=4996, stack(0x0000009c95800000,0x0000009c95900000)]
  0x000001f669925240 JavaThread "Finalizer" daemon [_thread_blocked, id=6176, stack(0x0000009c95900000,0x0000009c95a00000)]
  0x000001f67bb7a3b0 JavaThread "Signal Dispatcher" daemon [_thread_blocked, id=9236, stack(0x0000009c95a00000,0x0000009c95b00000)]
  0x000001f67bb7ac30 JavaThread "Attach Listener" daemon [_thread_blocked, id=12992, stack(0x0000009c95b00000,0x0000009c95c00000)]
  0x000001f67bb7c5f0 JavaThread "Service Thread" daemon [_thread_blocked, id=11868, stack(0x0000009c95c00000,0x0000009c95d00000)]
  0x000001f67bb7cfa0 JavaThread "Monitor Deflation Thread" daemon [_thread_blocked, id=4580, stack(0x0000009c95d00000,0x0000009c95e00000)]
  0x000001f67bb85a10 JavaThread "C1 CompilerThread0" daemon [_thread_blocked, id=6236, stack(0x0000009c95e00000,0x0000009c95f00000)]
  0x000001f67bb86400 JavaThread "Sweeper thread" daemon [_thread_blocked, id=4232, stack(0x0000009c95f00000,0x0000009c96000000)]
  0x000001f66990cfe0 JavaThread "Common-Cleaner" daemon [_thread_blocked, id=9160, stack(0x0000009c96000000,0x0000009c96100000)]
  0x000001f67bc4e800 JavaThread "C1 CompilerThread1" daemon [_thread_blocked, id=6412, stack(0x0000009c96100000,0x0000009c96200000)]
  0x000001f67c825070 JavaThread "C1 CompilerThread2" daemon [_thread_blocked, id=10088, stack(0x0000009c96200000,0x0000009c96300000)]
  0x000001f67ccae1a0 JavaThread "JDWP Transport Listener: dt_socket" daemon [_thread_in_native, id=2860, stack(0x0000009c96300000,0x0000009c96400000)]
  0x000001f67ccd9f80 JavaThread "JDWP Event Helper Thread" daemon [_thread_blocked, id=10540, stack(0x0000009c96400000,0x0000009c96500000)]
  0x000001f67ccdc9f0 JavaThread "Notification Thread" daemon [_thread_blocked, id=10256, stack(0x0000009c96500000,0x0000009c96600000)]
  0x000001f67dfd62f0 JavaThread "Quarkus Devmode keep alive thread" [_thread_blocked, id=2780, stack(0x0000009c96c00000,0x0000009c96d00000)]

Other Threads:
=>0x000001f66991e300 VMThread "VM Thread" [stack: 0x0000009c95700000,0x0000009c95800000] [id=2260]
  0x000001f66984fa20 WatcherThread [stack: 0x0000009c96600000,0x0000009c96700000] [id=12784]
  0x000001f669884f60 GCTaskThread "GC Thread#0" [stack: 0x0000009c95200000,0x0000009c95300000] [id=7212]
  0x000001f67cd5db80 GCTaskThread "GC Thread#1" [stack: 0x0000009c96700000,0x0000009c96800000] [id=11736]
  0x000001f67cd5eba0 GCTaskThread "GC Thread#2" [stack: 0x0000009c96800000,0x0000009c96900000] [id=12588]
  0x000001f67cd5e640 GCTaskThread "GC Thread#3" [stack: 0x0000009c96900000,0x0000009c96a00000] [id=1088]
  0x000001f669892530 ConcurrentGCThread "G1 Main Marker" [stack: 0x0000009c95300000,0x0000009c95400000] [id=8844]
  0x000001f669893750 ConcurrentGCThread "G1 Conc#0" [stack: 0x0000009c95400000,0x0000009c95500000] [id=3388]
  0x000001f6698f98a0 ConcurrentGCThread "G1 Refine#0" [stack: 0x0000009c95500000,0x0000009c95600000] [id=5640]
  0x000001f67cf9f8b0 ConcurrentGCThread "G1 Refine#1" [stack: 0x0000009c96a00000,0x0000009c96b00000] [id=7728]
  0x000001f67cf9fb90 ConcurrentGCThread "G1 Refine#2" [stack: 0x0000009c96b00000,0x0000009c96c00000] [id=3084]
  0x000001f6698fb2d0 ConcurrentGCThread "G1 Service" [stack: 0x0000009c95600000,0x0000009c95700000] [id=2388]

Threads with active compile tasks:

VM state: at safepoint (normal execution)

VM Mutex/Monitor currently owned by a thread:  ([mutex/lock_event])
[0x000001f66984a290] Threads_lock - owner thread: 0x000001f66991e300
[0x000001f66984a950] Heap_lock - owner thread: 0x000001f66984e880

Heap address: 0x00000000a0c00000, size: 1524 MB, Compressed Oops mode: 32-bit

CDS archive(s) mapped at: [0x0000000800000000-0x0000000800bc0000-0x0000000800bc0000), size 12320768, SharedBaseAddress: 0x0000000800000000, ArchiveRelocationMode: 0.
Compressed class space mapped at: 0x0000000800c00000-0x0000000840c00000, reserved size: 1073741824
Narrow klass base: 0x0000000800000000, Narrow klass shift: 0, Narrow klass range: 0x100000000

GC Precious Log:
 CPUs: 4 total, 4 available
 Memory: 6094M
 Large Page Support: Disabled
 NUMA Support: Disabled
 Compressed Oops: Enabled (32-bit)
 Heap Region Size: 1M
 Heap Min Capacity: 8M
 Heap Initial Capacity: 96M
 Heap Max Capacity: 1524M
 Pre-touch: Disabled
 Parallel Workers: 4
 Concurrent Workers: 1
 Concurrent Refinement Workers: 4
 Periodic GC: Disabled

Heap:
 garbage-first heap   total 98304K, used 37591K [0x00000000a0c00000, 0x0000000100000000)
  region size 1024K, 3 young (3072K), 3 survivors (3072K)
 Metaspace       used 3660K, committed 3904K, reserved 1056768K
  class space    used 436K, committed 512K, reserved 1048576K

Heap Regions: E=young(eden), S=young(survivor), O=old, HS=humongous(starts), HC=humongous(continues), CS=collection set, F=free, OA=open archive, CA=closed archive, TAMS=top-at-mark-start (previous, next)
|   0|0x00000000a0c00000, 0x00000000a0d00000, 0x00000000a0d00000|100%| O|  |TAMS 0x00000000a0c00000, 0x00000000a0c00000| Untracked 
|   1|0x00000000a0d00000, 0x00000000a0e00000, 0x00000000a0e00000|100%| O|  |TAMS 0x00000000a0d00000, 0x00000000a0d00000| Untracked 
|   2|0x00000000a0e00000, 0x00000000a0f00000, 0x00000000a0f00000|100%| O|  |TAMS 0x00000000a0e00000, 0x00000000a0e00000| Untracked 
|   3|0x00000000a0f00000, 0x00000000a1000000, 0x00000000a1000000|100%| O|  |TAMS 0x00000000a0f00000, 0x00000000a0f00000| Untracked 
|   4|0x00000000a1000000, 0x00000000a1100000, 0x00000000a1100000|100%|HS|  |TAMS 0x00000000a1000000, 0x00000000a1000000| Complete 
|   5|0x00000000a1100000, 0x00000000a1200000, 0x00000000a1200000|100%|HS|  |TAMS 0x00000000a1100000, 0x00000000a1100000| Complete 
|   6|0x00000000a1200000, 0x00000000a1300000, 0x00000000a1300000|100%|HC|  |TAMS 0x00000000a1200000, 0x00000000a1200000| Complete 
|   7|0x00000000a1300000, 0x00000000a1400000, 0x00000000a1400000|100%|HS|  |TAMS 0x00000000a1300000, 0x00000000a1300000| Complete 
|   8|0x00000000a1400000, 0x00000000a1500000, 0x00000000a1500000|100%| O|  |TAMS 0x00000000a1400000, 0x00000000a1400000| Untracked 
|   9|0x00000000a1500000, 0x00000000a1600000, 0x00000000a1600000|100%| O|  |TAMS 0x00000000a1500000, 0x00000000a1500000| Untracked 
|  10|0x00000000a1600000, 0x00000000a1700000, 0x00000000a1700000|100%| O|  |TAMS 0x00000000a1600000, 0x00000000a1600000| Untracked 
|  11|0x00000000a1700000, 0x00000000a1800000, 0x00000000a1800000|100%| O|  |TAMS 0x00000000a1700000, 0x00000000a1700000| Untracked 
|  12|0x00000000a1800000, 0x00000000a1900000, 0x00000000a1900000|100%| O|  |TAMS 0x00000000a1800000, 0x00000000a1800000| Untracked 
|  13|0x00000000a1900000, 0x00000000a1a00000, 0x00000000a1a00000|100%| O|  |TAMS 0x00000000a1900000, 0x00000000a1900000| Untracked 
|  14|0x00000000a1a00000, 0x00000000a1b00000, 0x00000000a1b00000|100%| O|  |TAMS 0x00000000a1a00000, 0x00000000a1a00000| Untracked 
|  15|0x00000000a1b00000, 0x00000000a1c00000, 0x00000000a1c00000|100%| O|  |TAMS 0x00000000a1b00000, 0x00000000a1b00000| Untracked 
|  16|0x00000000a1c00000, 0x00000000a1d00000, 0x00000000a1d00000|100%| O|  |TAMS 0x00000000a1c00000, 0x00000000a1c00000| Untracked 
|  17|0x00000000a1d00000, 0x00000000a1e00000, 0x00000000a1e00000|100%| O|  |TAMS 0x00000000a1d00000, 0x00000000a1d00000| Untracked 
|  18|0x00000000a1e00000, 0x00000000a1f00000, 0x00000000a1f00000|100%| O|  |TAMS 0x00000000a1e00000, 0x00000000a1e00000| Untracked 
|  19|0x00000000a1f00000, 0x00000000a2000000, 0x00000000a2000000|100%| O|  |TAMS 0x00000000a1f00000, 0x00000000a1f00000| Untracked 
|  20|0x00000000a2000000, 0x00000000a2100000, 0x00000000a2100000|100%|HS|  |TAMS 0x00000000a2000000, 0x00000000a2000000| Complete 
|  21|0x00000000a2100000, 0x00000000a2200000, 0x00000000a2200000|100%| O|  |TAMS 0x00000000a2100000, 0x00000000a2100000| Untracked 
|  22|0x00000000a2200000, 0x00000000a2300000, 0x00000000a2300000|100%| O|  |TAMS 0x00000000a2200000, 0x00000000a2200000| Untracked 
|  23|0x00000000a2300000, 0x00000000a2400000, 0x00000000a2400000|100%| O|  |TAMS 0x00000000a2300000, 0x00000000a2300000| Untracked 
|  24|0x00000000a2400000, 0x00000000a2500000, 0x00000000a2500000|100%| O|  |TAMS 0x00000000a2400000, 0x00000000a2400000| Untracked 
|  25|0x00000000a2500000, 0x00000000a2600000, 0x00000000a2600000|100%| O|  |TAMS 0x00000000a2500000, 0x00000000a2500000| Untracked 
|  26|0x00000000a2600000, 0x00000000a2700000, 0x00000000a2700000|100%| O|  |TAMS 0x00000000a2600000, 0x00000000a2600000| Untracked 
|  27|0x00000000a2700000, 0x00000000a2800000, 0x00000000a2800000|100%| O|  |TAMS 0x00000000a2700000, 0x00000000a2700000| Untracked 
|  28|0x00000000a2800000, 0x00000000a2900000, 0x00000000a2900000|100%| O|  |TAMS 0x00000000a2800000, 0x00000000a2800000| Untracked 
|  29|0x00000000a2900000, 0x00000000a2900000, 0x00000000a2a00000|  0%| F|  |TAMS 0x00000000a2900000, 0x00000000a2900000| Untracked 
|  30|0x00000000a2a00000, 0x00000000a2b00000, 0x00000000a2b00000|100%| O|  |TAMS 0x00000000a2a00000, 0x00000000a2a00000| Untracked 
|  31|0x00000000a2b00000, 0x00000000a2c00000, 0x00000000a2c00000|100%| O|  |TAMS 0x00000000a2b00000, 0x00000000a2b00000| Untracked 
|  32|0x00000000a2c00000, 0x00000000a2d00000, 0x00000000a2d00000|100%| O|  |TAMS 0x00000000a2c00000, 0x00000000a2c00000| Untracked 
|  33|0x00000000a2d00000, 0x00000000a2e00000, 0x00000000a2e00000|100%| O|  |TAMS 0x00000000a2d00000, 0x00000000a2d00000| Untracked 
|  34|0x00000000a2e00000, 0x00000000a2eb5e00, 0x00000000a2f00000| 71%| O|  |TAMS 0x00000000a2e00000, 0x00000000a2e00000| Untracked 
|  35|0x00000000a2f00000, 0x00000000a2f00000, 0x00000000a3000000|  0%| F|  |TAMS 0x00000000a2f00000, 0x00000000a2f00000| Untracked 
|  36|0x00000000a3000000, 0x00000000a3000000, 0x00000000a3100000|  0%| F|  |TAMS 0x00000000a3000000, 0x00000000a3000000| Untracked 
|  37|0x00000000a3100000, 0x00000000a3100000, 0x00000000a3200000|  0%| F|  |TAMS 0x00000000a3100000, 0x00000000a3100000| Untracked 
|  38|0x00000000a3200000, 0x00000000a3200000, 0x00000000a3300000|  0%| F|  |TAMS 0x00000000a3200000, 0x00000000a3200000| Untracked 
|  39|0x00000000a3300000, 0x00000000a3300000, 0x00000000a3400000|  0%| F|  |TAMS 0x00000000a3300000, 0x00000000a3300000| Untracked 
|  40|0x00000000a3400000, 0x00000000a3400000, 0x00000000a3500000|  0%| F|  |TAMS 0x00000000a3400000, 0x00000000a3400000| Untracked 
|  41|0x00000000a3500000, 0x00000000a3500000, 0x00000000a3600000|  0%| F|  |TAMS 0x00000000a3500000, 0x00000000a3500000| Untracked 
|  42|0x00000000a3600000, 0x00000000a3600000, 0x00000000a3700000|  0%| F|  |TAMS 0x00000000a3600000, 0x00000000a3600000| Untracked 
|  43|0x00000000a3700000, 0x00000000a3700000, 0x00000000a3800000|  0%| F|  |TAMS 0x00000000a3700000, 0x00000000a3700000| Untracked 
|  44|0x00000000a3800000, 0x00000000a3800000, 0x00000000a3900000|  0%| F|  |TAMS 0x00000000a3800000, 0x00000000a3800000| Untracked 
|  45|0x00000000a3900000, 0x00000000a3900000, 0x00000000a3a00000|  0%| F|  |TAMS 0x00000000a3900000, 0x00000000a3900000| Untracked 
|  46|0x00000000a3a00000, 0x00000000a3a00000, 0x00000000a3b00000|  0%| F|  |TAMS 0x00000000a3a00000, 0x00000000a3a00000| Untracked 
|  47|0x00000000a3b00000, 0x00000000a3b00000, 0x00000000a3c00000|  0%| F|  |TAMS 0x00000000a3b00000, 0x00000000a3b00000| Untracked 
|  48|0x00000000a3c00000, 0x00000000a3c00000, 0x00000000a3d00000|  0%| F|  |TAMS 0x00000000a3c00000, 0x00000000a3c00000| Untracked 
|  49|0x00000000a3d00000, 0x00000000a3d00000, 0x00000000a3e00000|  0%| F|  |TAMS 0x00000000a3d00000, 0x00000000a3d00000| Untracked 
|  50|0x00000000a3e00000, 0x00000000a3e00000, 0x00000000a3f00000|  0%| F|  |TAMS 0x00000000a3e00000, 0x00000000a3e00000| Untracked 
|  51|0x00000000a3f00000, 0x00000000a3f00000, 0x00000000a4000000|  0%| F|  |TAMS 0x00000000a3f00000, 0x00000000a3f00000| Untracked 
|  52|0x00000000a4000000, 0x00000000a4000000, 0x00000000a4100000|  0%| F|  |TAMS 0x00000000a4000000, 0x00000000a4000000| Untracked 
|  53|0x00000000a4100000, 0x00000000a4100000, 0x00000000a4200000|  0%| F|  |TAMS 0x00000000a4100000, 0x00000000a4100000| Untracked 
|  54|0x00000000a4200000, 0x00000000a4200000, 0x00000000a4300000|  0%| F|  |TAMS 0x00000000a4200000, 0x00000000a4200000| Untracked 
|  55|0x00000000a4300000, 0x00000000a4300000, 0x00000000a4400000|  0%| F|  |TAMS 0x00000000a4300000, 0x00000000a4300000| Untracked 
|  56|0x00000000a4400000, 0x00000000a4400000, 0x00000000a4500000|  0%| F|  |TAMS 0x00000000a4400000, 0x00000000a4400000| Untracked 
|  57|0x00000000a4500000, 0x00000000a4500000, 0x00000000a4600000|  0%| F|  |TAMS 0x00000000a4500000, 0x00000000a4500000| Untracked 
|  58|0x00000000a4600000, 0x00000000a4600000, 0x00000000a4700000|  0%| F|  |TAMS 0x00000000a4600000, 0x00000000a4600000| Untracked 
|  59|0x00000000a4700000, 0x00000000a4700000, 0x00000000a4800000|  0%| F|  |TAMS 0x00000000a4700000, 0x00000000a4700000| Untracked 
|  60|0x00000000a4800000, 0x00000000a4800000, 0x00000000a4900000|  0%| F|  |TAMS 0x00000000a4800000, 0x00000000a4800000| Untracked 
|  61|0x00000000a4900000, 0x00000000a4900000, 0x00000000a4a00000|  0%| F|  |TAMS 0x00000000a4900000, 0x00000000a4900000| Untracked 
|  62|0x00000000a4a00000, 0x00000000a4a00000, 0x00000000a4b00000|  0%| F|  |TAMS 0x00000000a4a00000, 0x00000000a4a00000| Untracked 
|  63|0x00000000a4b00000, 0x00000000a4b00000, 0x00000000a4c00000|  0%| F|  |TAMS 0x00000000a4b00000, 0x00000000a4b00000| Untracked 
|  64|0x00000000a4c00000, 0x00000000a4c00000, 0x00000000a4d00000|  0%| F|  |TAMS 0x00000000a4c00000, 0x00000000a4c00000| Untracked 
|  65|0x00000000a4d00000, 0x00000000a4d00000, 0x00000000a4e00000|  0%| F|  |TAMS 0x00000000a4d00000, 0x00000000a4d00000| Untracked 
|  66|0x00000000a4e00000, 0x00000000a4e00000, 0x00000000a4f00000|  0%| F|  |TAMS 0x00000000a4e00000, 0x00000000a4e00000| Untracked 
|  67|0x00000000a4f00000, 0x00000000a4f00000, 0x00000000a5000000|  0%| F|  |TAMS 0x00000000a4f00000, 0x00000000a4f00000| Untracked 
|  68|0x00000000a5000000, 0x00000000a5000000, 0x00000000a5100000|  0%| F|  |TAMS 0x00000000a5000000, 0x00000000a5000000| Untracked 
|  69|0x00000000a5100000, 0x00000000a5100000, 0x00000000a5200000|  0%| F|  |TAMS 0x00000000a5100000, 0x00000000a5100000| Untracked 
|  70|0x00000000a5200000, 0x00000000a5300000, 0x00000000a5300000|100%| S|CS|TAMS 0x00000000a5200000, 0x00000000a5200000| Complete 
|  71|0x00000000a5300000, 0x00000000a5400000, 0x00000000a5400000|100%| S|CS|TAMS 0x00000000a5300000, 0x00000000a5300000| Complete 
|  72|0x00000000a5400000, 0x00000000a5500000, 0x00000000a5500000|100%| S|CS|TAMS 0x00000000a5400000, 0x00000000a5400000| Complete 
|  73|0x00000000a5500000, 0x00000000a5500000, 0x00000000a5600000|  0%| F|  |TAMS 0x00000000a5500000, 0x00000000a5500000| Untracked 
|  74|0x00000000a5600000, 0x00000000a5600000, 0x00000000a5700000|  0%| F|  |TAMS 0x00000000a5600000, 0x00000000a5600000| Untracked 
|  75|0x00000000a5700000, 0x00000000a5700000, 0x00000000a5800000|  0%| F|  |TAMS 0x00000000a5700000, 0x00000000a5700000| Untracked 
|  76|0x00000000a5800000, 0x00000000a5800000, 0x00000000a5900000|  0%| F|  |TAMS 0x00000000a5800000, 0x00000000a5800000| Untracked 
|  77|0x00000000a5900000, 0x00000000a5900000, 0x00000000a5a00000|  0%| F|  |TAMS 0x00000000a5900000, 0x00000000a5900000| Untracked 
|  78|0x00000000a5a00000, 0x00000000a5a00000, 0x00000000a5b00000|  0%| F|  |TAMS 0x00000000a5a00000, 0x00000000a5a00000| Untracked 
|  79|0x00000000a5b00000, 0x00000000a5b00000, 0x00000000a5c00000|  0%| F|  |TAMS 0x00000000a5b00000, 0x00000000a5b00000| Untracked 
|  80|0x00000000a5c00000, 0x00000000a5c00000, 0x00000000a5d00000|  0%| F|  |TAMS 0x00000000a5c00000, 0x00000000a5c00000| Untracked 
|  81|0x00000000a5d00000, 0x00000000a5d00000, 0x00000000a5e00000|  0%| F|  |TAMS 0x00000000a5d00000, 0x00000000a5d00000| Untracked 
|  82|0x00000000a5e00000, 0x00000000a5e00000, 0x00000000a5f00000|  0%| F|  |TAMS 0x00000000a5e00000, 0x00000000a5e00000| Untracked 
|  83|0x00000000a5f00000, 0x00000000a5f00000, 0x00000000a6000000|  0%| F|  |TAMS 0x00000000a5f00000, 0x00000000a5f00000| Untracked 
|  84|0x00000000a6000000, 0x00000000a6000000, 0x00000000a6100000|  0%| F|  |TAMS 0x00000000a6000000, 0x00000000a6000000| Untracked 
|  85|0x00000000a6100000, 0x00000000a6100000, 0x00000000a6200000|  0%| F|  |TAMS 0x00000000a6100000, 0x00000000a6100000| Untracked 
|  86|0x00000000a6200000, 0x00000000a6200000, 0x00000000a6300000|  0%| F|  |TAMS 0x00000000a6200000, 0x00000000a6200000| Untracked 
|  87|0x00000000a6300000, 0x00000000a6300000, 0x00000000a6400000|  0%| F|  |TAMS 0x00000000a6300000, 0x00000000a6300000| Untracked 
|  88|0x00000000a6400000, 0x00000000a6400000, 0x00000000a6500000|  0%| F|  |TAMS 0x00000000a6400000, 0x00000000a6400000| Untracked 
|  89|0x00000000a6500000, 0x00000000a6500000, 0x00000000a6600000|  0%| F|  |TAMS 0x00000000a6500000, 0x00000000a6500000| Untracked 
|  90|0x00000000a6600000, 0x00000000a6600000, 0x00000000a6700000|  0%| F|  |TAMS 0x00000000a6600000, 0x00000000a6600000| Untracked 
|  91|0x00000000a6700000, 0x00000000a6700000, 0x00000000a6800000|  0%| F|  |TAMS 0x00000000a6700000, 0x00000000a6700000| Untracked 
|  92|0x00000000a6800000, 0x00000000a6800000, 0x00000000a6900000|  0%| F|  |TAMS 0x00000000a6800000, 0x00000000a6800000| Untracked 
|  93|0x00000000a6900000, 0x00000000a6900000, 0x00000000a6a00000|  0%| F|  |TAMS 0x00000000a6900000, 0x00000000a6900000| Untracked 
|  94|0x00000000a6a00000, 0x00000000a6a00000, 0x00000000a6b00000|  0%| F|  |TAMS 0x00000000a6a00000, 0x00000000a6a00000| Untracked 
|  95|0x00000000a6b00000, 0x00000000a6b00000, 0x00000000a6c00000|  0%| F|  |TAMS 0x00000000a6b00000, 0x00000000a6b00000| Untracked 

Card table byte_map: [0x000001f676060000,0x000001f676360000] _byte_map_base: 0x000001f675b5a000

Marking Bits (Prev, Next): (CMBitMap*) 0x000001f669885570, (CMBitMap*) 0x000001f6698855b0
 Prev Bits: [0x000001f676660000, 0x000001f677e30000)
 Next Bits: [0x000001f677e30000, 0x000001f679600000)

Polling page: 0x000001f669930000

Metaspace:

Usage:
  Non-class:      3.15 MB used.
      Class:    436.48 KB used.
       Both:      3.58 MB used.

Virtual space:
  Non-class space:        8.00 MB reserved,       3.31 MB ( 41%) committed,  1 nodes.
      Class space:        1.00 GB reserved,     512.00 KB ( <1%) committed,  1 nodes.
             Both:        1.01 GB reserved,       3.81 MB ( <1%) committed. 

Chunk freelists:
   Non-Class:  2.81 MB
       Class:  3.50 MB
        Both:  6.31 MB

MaxMetaspaceSize: unlimited
CompressedClassSpaceSize: 1.00 GB
Initial GC threshold: 21.00 MB
Current GC threshold: 21.00 MB
CDS: on
MetaspaceReclaimPolicy: balanced
 - commit_granule_bytes: 65536.
 - commit_granule_words: 8192.
 - virtual_space_node_default_size: 1048576.
 - enlarge_chunks_in_place: 1.
 - new_chunks_are_fully_committed: 0.
 - uncommit_free_chunks: 1.
 - use_allocation_guard: 0.
 - handle_deallocations: 1.


Internal statistics:

num_allocs_failed_limit: 0.
num_arena_births: 172.
num_arena_deaths: 0.
num_vsnodes_births: 2.
num_vsnodes_deaths: 0.
num_space_committed: 61.
num_space_uncommitted: 0.
num_chunks_returned_to_freelist: 0.
num_chunks_taken_from_freelist: 300.
num_chunk_merges: 0.
num_chunk_splits: 162.
num_chunks_enlarged: 71.
num_purges: 0.
num_inconsistent_stats: 0.

CodeCache: size=49152Kb used=4624Kb max_used=4624Kb free=44527Kb
 bounds [0x000001f6728c0000, 0x000001f672d50000, 0x000001f6758c0000]
 total_blobs=1876 nmethods=1469 adapters=333
 compilation: enabled
              stopped_count=0, restarted_count=0
 full_count=0

Compilation events (20 events):
Event: 1.216 Thread 0x000001f67c825070 nmethod 1458 0x000001f672d3f910 code [0x000001f672d3faa0, 0x000001f672d3fbc8]
Event: 1.216 Thread 0x000001f67bc4e800 1460       1       java.lang.String::compareToIgnoreCase (11 bytes)
Event: 1.216 Thread 0x000001f67bb85a10 nmethod 1459 0x000001f672d3fd10 code [0x000001f672d3fea0, 0x000001f672d3ffc8]
Event: 1.216 Thread 0x000001f67c825070 1461       1       java.lang.String$CaseInsensitiveComparator::compare (13 bytes)
Event: 1.216 Thread 0x000001f67bb85a10 1462       1       java.lang.String$CaseInsensitiveComparator::compare (68 bytes)
Event: 1.216 Thread 0x000001f67bc4e800 nmethod 1460 0x000001f672d40110 code [0x000001f672d402a0, 0x000001f672d403a8]
Event: 1.216 Thread 0x000001f67c825070 nmethod 1461 0x000001f672d40490 code [0x000001f672d40620, 0x000001f672d40788]
Event: 1.216 Thread 0x000001f67bb85a10 nmethod 1462 0x000001f672d40890 code [0x000001f672d40a60, 0x000001f672d40cd8]
Event: 1.242 Thread 0x000001f67bb85a10 1464       1       java.lang.Class::descriptorString (170 bytes)
Event: 1.244 Thread 0x000001f67bb85a10 nmethod 1464 0x000001f672d41510 code [0x000001f672d41860, 0x000001f672d42458]
Event: 1.245 Thread 0x000001f67bb85a10 1465       1       java.lang.Character::charCount (12 bytes)
Event: 1.245 Thread 0x000001f67bc4e800 1466       1       java.lang.String::checkIndex (48 bytes)
Event: 1.245 Thread 0x000001f67c825070 1467       1       java.lang.Character::isJavaIdentifierPart (9 bytes)
Event: 1.246 Thread 0x000001f67bb85a10 nmethod 1465 0x000001f672d42b90 code [0x000001f672d42d20, 0x000001f672d42dd8]
Event: 1.246 Thread 0x000001f67c825070 nmethod 1467 0x000001f672d42e90 code [0x000001f672d43040, 0x000001f672d43138]
Event: 1.246 Thread 0x000001f67bb85a10 1468       1       java.lang.CharacterDataLatin1::isJavaIdentifierPart (20 bytes)
Event: 1.246 Thread 0x000001f67c825070 1469       1       java.lang.String::codePointAt (50 bytes)
Event: 1.246 Thread 0x000001f67bb85a10 nmethod 1468 0x000001f672d43210 code [0x000001f672d433a0, 0x000001f672d434b8]
Event: 1.246 Thread 0x000001f67c825070 nmethod 1469 0x000001f672d43590 code [0x000001f672d43740, 0x000001f672d43928]
Event: 1.246 Thread 0x000001f67bc4e800 nmethod 1466 0x000001f672d43a90 code [0x000001f672d43ca0, 0x000001f672d44098]

GC Heap History (9 events):
Event: 0.586 GC heap before
{Heap before GC invocations=0 (full 0):
 garbage-first heap   total 98304K, used 12288K [0x00000000a0c00000, 0x0000000100000000)
  region size 1024K, 13 young (13312K), 0 survivors (0K)
 Metaspace       used 3000K, committed 3200K, reserved 1056768K
  class space    used 342K, committed 448K, reserved 1048576K
}
Event: 0.592 GC heap after
{Heap after GC invocations=1 (full 0):
 garbage-first heap   total 98304K, used 5348K [0x00000000a0c00000, 0x0000000100000000)
  region size 1024K, 2 young (2048K), 2 survivors (2048K)
 Metaspace       used 3000K, committed 3200K, reserved 1056768K
  class space    used 342K, committed 448K, reserved 1048576K
}
Event: 0.739 GC heap before
{Heap before GC invocations=1 (full 0):
 garbage-first heap   total 98304K, used 19684K [0x00000000a0c00000, 0x0000000100000000)
  region size 1024K, 13 young (13312K), 2 survivors (2048K)
 Metaspace       used 3020K, committed 3200K, reserved 1056768K
  class space    used 346K, committed 448K, reserved 1048576K
}
Event: 0.747 GC heap after
{Heap after GC invocations=2 (full 0):
 garbage-first heap   total 98304K, used 14495K [0x00000000a0c00000, 0x0000000100000000)
  region size 1024K, 2 young (2048K), 2 survivors (2048K)
 Metaspace       used 3020K, committed 3200K, reserved 1056768K
  class space    used 346K, committed 448K, reserved 1048576K
}
Event: 0.814 GC heap before
{Heap before GC invocations=2 (full 0):
 garbage-first heap   total 98304K, used 31903K [0x00000000a0c00000, 0x0000000100000000)
  region size 1024K, 18 young (18432K), 2 survivors (2048K)
 Metaspace       used 3020K, committed 3200K, reserved 1056768K
  class space    used 346K, committed 448K, reserved 1048576K
}
Event: 0.832 GC heap after
{Heap after GC invocations=3 (full 0):
 garbage-first heap   total 98304K, used 23552K [0x00000000a0c00000, 0x0000000100000000)
  region size 1024K, 3 young (3072K), 3 survivors (3072K)
 Metaspace       used 3020K, committed 3200K, reserved 1056768K
  class space    used 346K, committed 448K, reserved 1048576K
}
Event: 0.892 GC heap before
{Heap before GC invocations=3 (full 0):
 garbage-first heap   total 98304K, used 36864K [0x00000000a0c00000, 0x0000000100000000)
  region size 1024K, 15 young (15360K), 3 survivors (3072K)
 Metaspace       used 3123K, committed 3328K, reserved 1056768K
  class space    used 362K, committed 448K, reserved 1048576K
}
Event: 0.908 GC heap after
{Heap after GC invocations=4 (full 0):
 garbage-first heap   total 98304K, used 31744K [0x00000000a0c00000, 0x0000000100000000)
  region size 1024K, 2 young (2048K), 2 survivors (2048K)
 Metaspace       used 3123K, committed 3328K, reserved 1056768K
  class space    used 362K, committed 448K, reserved 1048576K
}
Event: 1.248 GC heap before
{Heap before GC invocations=4 (full 0):
 garbage-first heap   total 98304K, used 54272K [0x00000000a0c00000, 0x0000000100000000)
  region size 1024K, 23 young (23552K), 2 survivors (2048K)
 Metaspace       used 3660K, committed 3904K, reserved 1056768K
  class space    used 436K, committed 512K, reserved 1048576K
}

Deoptimization events (2 events):
Event: 0.204 Thread 0x000001f66984e880 DEOPT PACKING pc=0x000001f672b35360 sp=0x0000009c951fdfb0
Event: 0.204 Thread 0x000001f66984e880 DEOPT UNPACKING pc=0x000001f672912b43 sp=0x0000009c951fd540 mode 3

Classes unloaded (0 events):
No events

Classes redefined (0 events):
No events

Internal exceptions (20 events):
Event: 0.481 Thread 0x000001f66984e880 Exception <a 'java/lang/NoSuchMethodError'{0x00000000a61a86b0}: static Lio/quarkus/paths/PathList;.<clinit>()V> (0x00000000a61a86b0) 
thrown [t:\workspace\open\src\hotspot\share\prims\jni.cpp, line 1107]
Event: 0.485 Thread 0x000001f66984e880 Exception <a 'java/lang/NoSuchMethodError'{0x00000000a61b6248}: static Lio/quarkus/maven/dependency/GAV;.<clinit>()V> (0x00000000a61b6248) 
thrown [t:\workspace\open\src\hotspot\share\prims\jni.cpp, line 1107]
Event: 0.487 Thread 0x000001f66984e880 Exception <a 'java/lang/NoSuchMethodError'{0x00000000a61c5240}: static Lio/quarkus/bootstrap/workspace/DefaultProcessedSources;.<clinit>()V> (0x00000000a61c5240) 
thrown [t:\workspace\open\src\hotspot\share\prims\jni.cpp, line 1107]
Event: 0.493 Thread 0x000001f66984e880 Exception <a 'java/lang/NoSuchMethodError'{0x00000000a61de108}: static Lio/quarkus/bootstrap/model/CapabilityContract;.<clinit>()V> (0x00000000a61de108) 
thrown [t:\workspace\open\src\hotspot\share\prims\jni.cpp, line 1107]
Event: 0.548 Thread 0x000001f66984e880 Exception <a 'java/lang/NoSuchMethodError'{0x00000000a5f12028}: static Lio/quarkus/bootstrap/model/PlatformImportsImpl;.<clinit>()V> (0x00000000a5f12028) 
thrown [t:\workspace\open\src\hotspot\share\prims\jni.cpp, line 1107]
Event: 0.551 Thread 0x000001f66984e880 Exception <a 'java/lang/NoSuchMethodError'{0x00000000a5f264c0}: static Lio/quarkus/bootstrap/model/PlatformInfo;.<clinit>()V> (0x00000000a5f264c0) 
thrown [t:\workspace\open\src\hotspot\share\prims\jni.cpp, line 1107]
Event: 0.552 Thread 0x000001f66984e880 Exception <a 'java/lang/NoSuchMethodError'{0x00000000a5f30e40}: static Lio/quarkus/bootstrap/model/PlatformStreamInfo;.<clinit>()V> (0x00000000a5f30e40) 
thrown [t:\workspace\open\src\hotspot\share\prims\jni.cpp, line 1107]
Event: 0.553 Thread 0x000001f66984e880 Exception <a 'java/lang/NoSuchMethodError'{0x00000000a5f3dc20}: static Lio/quarkus/bootstrap/model/PlatformReleaseInfo;.<clinit>()V> (0x00000000a5f3dc20) 
thrown [t:\workspace\open\src\hotspot\share\prims\jni.cpp, line 1107]
Event: 0.555 Thread 0x000001f66984e880 Exception <a 'java/lang/NoSuchMethodError'{0x00000000a5f4d7e0}: static Lio/quarkus/bootstrap/model/PlatformImportsImpl$PlatformImport;.<clinit>()V> (0x00000000a5f4d7e0) 
thrown [t:\workspace\open\src\hotspot\share\prims\jni.cpp, line 1107]
Event: 0.575 Thread 0x000001f66984e880 Exception <a 'java/lang/NoSuchMethodError'{0x00000000a5fa9fb8}: 'void java.lang.invoke.DirectMethodHandle$Holder.invokeSpecial(java.lang.Object, java.lang.Object, java.lang.Object, java.lang.Object, java.lang.Object)'> (0x00000000a5fa9fb8) 
thrown [t:\workspace\open\src\hotspot\share\interpreter\linkResolver.cpp, line 766]
Event: 0.871 Thread 0x000001f66984e880 Exception <a 'java/lang/NoSuchMethodError'{0x00000000a65b10e8}: 'int java.lang.invoke.DirectMethodHandle$Holder.invokeInterface(java.lang.Object, java.lang.Object)'> (0x00000000a65b10e8) 
thrown [t:\workspace\open\src\hotspot\share\interpreter\linkResolver.cpp, line 766]
Event: 0.872 Thread 0x000001f66984e880 Exception <a 'java/lang/IncompatibleClassChangeError'{0x00000000a65b46e8}: Found class java.lang.Object, but interface was expected> (0x00000000a65b46e8) 
thrown [t:\workspace\open\src\hotspot\share\interpreter\linkResolver.cpp, line 833]
Event: 0.939 Thread 0x000001f66984e880 Exception <a 'java/lang/NoSuchMethodError'{0x00000000a6388b00}: 'void java.lang.invoke.DirectMethodHandle$Holder.invokeVirtual(java.lang.Object, java.lang.Object)'> (0x00000000a6388b00) 
thrown [t:\workspace\open\src\hotspot\share\interpreter\linkResolver.cpp, line 766]
Event: 0.954 Thread 0x000001f66984e880 Exception <a 'java/lang/NoSuchMethodError'{0x00000000a61294f8}: static [Ljava/lang/String;.<clinit>()V> (0x00000000a61294f8) 
thrown [t:\workspace\open\src\hotspot\share\prims\jni.cpp, line 1107]
Event: 0.960 Thread 0x000001f66984e880 Exception <a 'java/lang/NoSuchMethodError'{0x00000000a614f3f8}: static Ljava/lang/Object;.<clinit>()V> (0x00000000a614f3f8) 
thrown [t:\workspace\open\src\hotspot\share\prims\jni.cpp, line 1107]
Event: 0.962 Thread 0x000001f66984e880 Exception <a 'java/lang/NoSuchMethodError'{0x00000000a61622d8}: static Lio/quarkus/deployment/dev/DevModeContext$ModuleInfo;.<clinit>()V> (0x00000000a61622d8) 
thrown [t:\workspace\open\src\hotspot\share\prims\jni.cpp, line 1107]
Event: 0.964 Thread 0x000001f66984e880 Exception <a 'java/lang/NoSuchMethodError'{0x00000000a6196b88}: static Lio/quarkus/deployment/dev/DevModeContext$CompilationUnit;.<clinit>()V> (0x00000000a6196b88) 
thrown [t:\workspace\open\src\hotspot\share\prims\jni.cpp, line 1107]
Event: 0.973 Thread 0x000001f66984e880 Exception <a 'java/lang/NoSuchMethodError'{0x00000000a6007e90}: 'void java.lang.invoke.DirectMethodHandle$Holder.invokeStatic(java.lang.Object, java.lang.Object, java.lang.Object)'> (0x00000000a6007e90) 
thrown [t:\workspace\open\src\hotspot\share\interpreter\linkResolver.cpp, line 766]
Event: 0.977 Thread 0x000001f66984e880 Exception <a 'java/lang/NoSuchMethodError'{0x00000000a602d050}: 'java.lang.Object java.lang.invoke.DirectMethodHandle$Holder.newInvokeSpecial(java.lang.Object, java.lang.Object, java.lang.Object, java.lang.Object, java.lang.Object, java.lang.Object)'> (0x00000000a602d050) 
thrown [t:\workspace\open\src\hotspot\share\interpreter\linkResolver.cpp, line 766]
Event: 1.242 Thread 0x000001f66984e880 Exception <a 'java/lang/NoSuchMethodError'{0x00000000a55c5560}: 'void java.lang.invoke.DirectMethodHandle$Holder.invokeVirtual(java.lang.Object, java.lang.Object, java.lang.Object, java.lang.Object)'> (0x00000000a55c5560) 
thrown [t:\workspace\open\src\hotspot\share\interpreter\linkResolver.cpp, line 766]

VM Operations (20 events):
Event: 0.329 Executing VM operation: HandshakeAllThreads done
Event: 0.334 Executing VM operation: HandshakeAllThreads
Event: 0.334 Executing VM operation: HandshakeAllThreads done
Event: 0.350 Executing VM operation: HandshakeAllThreads
Event: 0.350 Executing VM operation: HandshakeAllThreads done
Event: 0.362 Executing VM operation: HandshakeAllThreads
Event: 0.362 Executing VM operation: HandshakeAllThreads done
Event: 0.586 Executing VM operation: G1CollectForAllocation
Event: 0.592 Executing VM operation: G1CollectForAllocation done
Event: 0.739 Executing VM operation: G1CollectForAllocation
Event: 0.747 Executing VM operation: G1CollectForAllocation done
Event: 0.814 Executing VM operation: G1CollectForAllocation
Event: 0.832 Executing VM operation: G1CollectForAllocation done
Event: 0.892 Executing VM operation: G1CollectForAllocation
Event: 0.908 Executing VM operation: G1CollectForAllocation done
Event: 0.941 Executing VM operation: HandshakeAllThreads
Event: 0.941 Executing VM operation: HandshakeAllThreads done
Event: 0.941 Executing VM operation: HandshakeAllThreads
Event: 0.941 Executing VM operation: HandshakeAllThreads done
Event: 1.248 Executing VM operation: G1CollectForAllocation

Events (20 events):
Event: 0.997 loading class java/util/stream/Nodes$EmptyNode$OfDouble
Event: 0.997 loading class java/util/stream/Node$OfDouble
Event: 0.997 loading class java/util/stream/Node$OfDouble done
Event: 0.998 loading class java/util/stream/Nodes$EmptyNode$OfDouble done
Event: 0.998 loading class java/util/stream/Nodes$FixedNodeBuilder
Event: 0.998 loading class java/util/stream/Node$Builder
Event: 0.998 loading class java/util/stream/Node$Builder done
Event: 0.998 loading class java/util/stream/Nodes$ArrayNode
Event: 0.998 loading class java/util/stream/Nodes$ArrayNode done
Event: 0.998 loading class java/util/stream/Nodes$FixedNodeBuilder done
Event: 1.018 loading class java/net/URLDecoder
Event: 1.018 loading class java/net/URLDecoder done
Event: 1.018 loading class java/net/URLEncoder
Event: 1.018 loading class java/net/URLEncoder done
Event: 1.019 loading class java/util/BitSet
Event: 1.019 loading class java/util/BitSet done
Event: 1.239 loading class java/util/TimerTask
Event: 1.239 loading class java/util/TimerTask done
Event: 1.240 loading class java/nio/file/FileVisitor
Event: 1.240 loading class java/nio/file/FileVisitor done


Dynamic libraries:
0x00007ff6e1840000 - 0x00007ff6e1850000 	C:\Program Files\Java\jdk-17.0.2\bin\java.EXE
0x00007fff10170000 - 0x00007fff10365000 	C:\Windows\SYSTEM32\ntdll.dll
0x00007fff0ed60000 - 0x00007fff0ee1e000 	C:\Windows\System32\KERNEL32.DLL
0x00007fff0da30000 - 0x00007fff0dcf8000 	C:\Windows\System32\KERNELBASE.dll
0x00007fff0df30000 - 0x00007fff0e030000 	C:\Windows\System32\ucrtbase.dll
0x00007fff092b0000 - 0x00007fff092ca000 	C:\Program Files\Java\jdk-17.0.2\bin\VCRUNTIME140.dll
0x00007fff09340000 - 0x00007fff09358000 	C:\Program Files\Java\jdk-17.0.2\bin\jli.dll
0x00007fff10080000 - 0x00007fff1012e000 	C:\Windows\System32\ADVAPI32.dll
0x00007fff0eb90000 - 0x00007fff0ec2e000 	C:\Windows\System32\msvcrt.dll
0x00007fff0fd60000 - 0x00007fff0fdfc000 	C:\Windows\System32\sechost.dll
0x00007fff0ec30000 - 0x00007fff0ed55000 	C:\Windows\System32\RPCRT4.dll
0x00007fff0e1d0000 - 0x00007fff0e370000 	C:\Windows\System32\USER32.dll
0x00007fff0d990000 - 0x00007fff0d9b2000 	C:\Windows\System32\win32u.dll
0x00007fff0e370000 - 0x00007fff0e39b000 	C:\Windows\System32\GDI32.dll
0x00007fff0e0c0000 - 0x00007fff0e1cb000 	C:\Windows\System32\gdi32full.dll
0x00007fff0dd00000 - 0x00007fff0dd9d000 	C:\Windows\System32\msvcp_win.dll
0x00007ffefa2b0000 - 0x00007ffefa54a000 	C:\Windows\WinSxS\amd64_microsoft.windows.common-controls_6595b64144ccf1df_6.0.19041.1110_none_60b5254171f9507e\COMCTL32.dll
0x00007fff04510000 - 0x00007fff0451a000 	C:\Windows\SYSTEM32\VERSION.dll
0x00007fff0f570000 - 0x00007fff0f5a0000 	C:\Windows\System32\IMM32.DLL
0x00007fff09530000 - 0x00007fff0953c000 	C:\Program Files\Java\jdk-17.0.2\bin\vcruntime140_1.dll
0x00007fff070b0000 - 0x00007fff0713d000 	C:\Program Files\Java\jdk-17.0.2\bin\msvcp140.dll
0x00007ffed67e0000 - 0x00007ffed73a1000 	C:\Program Files\Java\jdk-17.0.2\bin\server\jvm.dll
0x00007fff0e9e0000 - 0x00007fff0e9e8000 	C:\Windows\System32\PSAPI.DLL
0x00007ffef5580000 - 0x00007ffef5589000 	C:\Windows\SYSTEM32\WSOCK32.dll
0x00007fff04140000 - 0x00007fff04167000 	C:\Windows\SYSTEM32\WINMM.dll
0x00007fff0f5a0000 - 0x00007fff0f60b000 	C:\Windows\System32\ws2_32.DLL
0x00007fff0b760000 - 0x00007fff0b772000 	C:\Windows\SYSTEM32\kernel.appcore.dll
0x00007fff085b0000 - 0x00007fff085ba000 	C:\Program Files\Java\jdk-17.0.2\bin\jimage.dll
0x00007ffef7ae0000 - 0x00007ffef7cc4000 	C:\Windows\SYSTEM32\DBGHELP.DLL
0x00007ffef8b40000 - 0x00007ffef8b6c000 	C:\Windows\SYSTEM32\dbgcore.DLL
0x00007fff0e030000 - 0x00007fff0e0b2000 	C:\Windows\System32\bcryptPrimitives.dll
0x00007fff085a0000 - 0x00007fff085ae000 	C:\Program Files\Java\jdk-17.0.2\bin\instrument.dll
0x00007fff058c0000 - 0x00007fff058e5000 	C:\Program Files\Java\jdk-17.0.2\bin\java.dll
0x00007fff00a20000 - 0x00007fff00a5b000 	C:\Program Files\Java\jdk-17.0.2\bin\jdwp.dll
0x00007fff057e0000 - 0x00007fff058b6000 	C:\Program Files\Java\jdk-17.0.2\bin\jsvml.dll
0x00007fff0ee20000 - 0x00007fff0f564000 	C:\Windows\System32\SHELL32.dll
0x00007fff0b960000 - 0x00007fff0c0f4000 	C:\Windows\SYSTEM32\windows.storage.dll
0x00007fff0fa00000 - 0x00007fff0fd54000 	C:\Windows\System32\combase.dll
0x00007fff0d2f0000 - 0x00007fff0d31c000 	C:\Windows\SYSTEM32\Wldp.dll
0x00007fff0f6f0000 - 0x00007fff0f79d000 	C:\Windows\System32\SHCORE.dll
0x00007fff0f690000 - 0x00007fff0f6e5000 	C:\Windows\System32\shlwapi.dll
0x00007fff0d7d0000 - 0x00007fff0d7ef000 	C:\Windows\SYSTEM32\profapi.dll
0x00007fff057c0000 - 0x00007fff057d8000 	C:\Program Files\Java\jdk-17.0.2\bin\zip.dll
0x00007fff057a0000 - 0x00007fff057b9000 	C:\Program Files\Java\jdk-17.0.2\bin\net.dll
0x00007fff04240000 - 0x00007fff04349000 	C:\Windows\SYSTEM32\WINHTTP.dll
0x00007fff0d000000 - 0x00007fff0d06a000 	C:\Windows\system32\mswsock.dll
0x00007fff045e0000 - 0x00007fff045f6000 	C:\Program Files\Java\jdk-17.0.2\bin\nio.dll
0x00007fff07650000 - 0x00007fff0765c000 	C:\Program Files\Java\jdk-17.0.2\bin\dt_socket.dll
0x00007fff0ccb0000 - 0x00007fff0cceb000 	C:\Windows\SYSTEM32\IPHLPAPI.DLL
0x00007fff0cd00000 - 0x00007fff0cdca000 	C:\Windows\SYSTEM32\DNSAPI.dll
0x00007fff0f610000 - 0x00007fff0f618000 	C:\Windows\System32\NSI.dll
0x00007fff01870000 - 0x00007fff0187a000 	C:\Windows\System32\rasadhlp.dll
0x00007fff00ae0000 - 0x00007fff00b5f000 	C:\Windows\System32\fwpuclnt.dll
0x00007fff0dda0000 - 0x00007fff0ddc7000 	C:\Windows\System32\bcrypt.dll

dbghelp: loaded successfully - version: 4.0.5 - missing functions: none
symbol engine: initialized successfully - sym options: 0x614 - pdb path: .;C:\Program Files\Java\jdk-17.0.2\bin;C:\Windows\SYSTEM32;C:\Windows\WinSxS\amd64_microsoft.windows.common-controls_6595b64144ccf1df_6.0.19041.1110_none_60b5254171f9507e;C:\Program Files\Java\jdk-17.0.2\bin\server

VM Arguments:
jvm_args: -Dquarkus-internal.serialized-app-model.path=C:\Users\ANNA\IdeaProjects\geekocon-crud-service\target\quarkus\bootstrap\dev-app-model.dat -javaagent:C:\Users\ANNA\.m2\repository\io\quarkus\quarkus-class-change-agent\2.6.3.Final\quarkus-class-change-agent-2.6.3.Final.jar -XX:TieredStopAtLevel=1 -agentlib:jdwp=transport=dt_socket,address=localhost:5005,server=y,suspend=n -Djava.util.logging.manager=org.jboss.logmanager.LogManager 
java_command: C:\Users\ANNA\IdeaProjects\geekocon-crud-service\target\geekocon-crud-service-dev.jar
java_class_path (initial): C:\Users\ANNA\IdeaProjects\geekocon-crud-service\target\geekocon-crud-service-dev.jar
Launcher Type: SUN_STANDARD

[Global flags]
     intx CICompilerCount                          = 3                                         {product} {ergonomic}
     uint ConcGCThreads                            = 1                                         {product} {ergonomic}
     uint G1ConcRefinementThreads                  = 4                                         {product} {ergonomic}
   size_t G1HeapRegionSize                         = 1048576                                   {product} {ergonomic}
    uintx GCDrainStackTargetSize                   = 64                                        {product} {ergonomic}
   size_t InitialHeapSize                          = 100663296                                 {product} {ergonomic}
   size_t MarkStackSize                            = 4194304                                   {product} {ergonomic}
   size_t MaxHeapSize                              = 1598029824                                {product} {ergonomic}
   size_t MaxNewSize                               = 958398464                                 {product} {ergonomic}
   size_t MinHeapDeltaBytes                        = 1048576                                   {product} {ergonomic}
   size_t MinHeapSize                              = 8388608                                   {product} {ergonomic}
    uintx NonProfiledCodeHeapSize                  = 0                                      {pd product} {ergonomic}
     bool ProfileInterpreter                       = false                                  {pd product} {command line}
    uintx ProfiledCodeHeapSize                     = 0                                      {pd product} {ergonomic}
   size_t SoftMaxHeapSize                          = 1598029824                             {manageable} {ergonomic}
     intx TieredStopAtLevel                        = 1                                         {product} {command line}
     bool UseCompressedClassPointers               = true                           {product lp64_product} {ergonomic}
     bool UseCompressedOops                        = true                           {product lp64_product} {ergonomic}
     bool UseG1GC                                  = true                                      {product} {ergonomic}
     bool UseLargePagesIndividualAllocation        = false                                  {pd product} {ergonomic}

Logging:
Log output configuration:
 #0: stdout all=warning uptime,level,tags
 #1: stderr all=off uptime,level,tags

Environment Variables:
JAVA_HOME=C:\Program Files\Java\jdk-17.0.2
PATH=D:\VMware\bin\;C:\Program Files\Common Files\Oracle\Java\javapath;C:\Windows\system32;C:\Windows;C:\Windows\System32\Wbem;C:\Windows\System32\WindowsPowerShell\v1.0\;C:\Windows\System32\OpenSSH\;D:\nodejs\;C:\Program Files\apache-maven-3.8.4\bin\;C:\Program Files\Java\jdk-17.0.2\bin;C:\Program Files\Apache Software Foundation\apache-maven-3.8.4\bin;D:\Git\cmd;C:\Program Files\Docker\Docker\resources\bin;C:\ProgramData\DockerDesktop\version-bin;C:\Users\ANNA\.jbang\bin;C:\Users\ANNA\AppData\Local\Microsoft\WindowsApps;D:\IntelliJ IDEA Community Edition 2021.2.2\bin;D:\PyCharm Community Edition 2021.2\bin;C:\Program Files\Java\jdk-17.0.2\bin;D:\Microsoft VS Code\bin;C:\Users\ANNA\AppData\Roaming\npm;C:\Program Files\Apache Software Foundation\apache-maven-3.8.4\bin;;D:\IntelliJ IDEA Community Edition 2021.3.2\bin;
USERNAME=ANNA
OS=Windows_NT
PROCESSOR_IDENTIFIER=AMD64 Family 23 Model 24 Stepping 1, AuthenticAMD



---------------  S Y S T E M  ---------------

OS:
 Windows 10 , 64 bit Build 19041 (10.0.19041.1566)
OS uptime: 0 days 0:33 hours
Hyper-V role detected

CPU: total 4 (initial active 4) (4 cores per cpu, 2 threads per core) family 23 model 24 stepping 1 microcode 0x0, cx8, cmov, fxsr, ht, mmx, 3dnowpref, sse, sse2, sse3, ssse3, sse4a, sse4.1, sse4.2, popcnt, lzcnt, tsc, tscinvbit, avx, avx2, aes, clmul, bmi1, bmi2, adx, sha, fma, vzeroupper, clflush, clflushopt, hv

Memory: 4k page, system-wide physical 6094M (286M free)
TotalPageFile size 10094M (AvailPageFile size 26M)
current process WorkingSet (physical memory assigned to process): 104M, peak: 104M
current process commit charge ("private bytes"): 189M, peak: 285M

vm_info: Java HotSpot(TM) 64-Bit Server VM (17.0.2+8-LTS-86) for windows-amd64 JRE (17.0.2+8-LTS-86), built on Dec  7 2021 21:51:03 by "mach5one" with MS VC++ 16.8 / 16.9 (VS2019)

END.
