#
# There is insufficient memory for the Java Runtime Environment to continue.
# Native memory allocation (mmap) failed to map 335544320 bytes for G1 virtual space
# Possible reasons:
#   The system is out of physical RAM or swap space
#   The process is running with CompressedOops enabled, and the Java Heap may be blocking the growth of the native heap
# Possible solutions:
#   Reduce memory load on the system
#   Increase physical memory or swap space
#   Check if swap backing store is full
#   Decrease Java heap size (-Xmx/-Xms)
#   Decrease number of Java threads
#   Decrease Java thread stack sizes (-Xss)
#   Set larger code cache with -XX:ReservedCodeCacheSize=
#   JVM is running with Unscaled Compressed Oops mode in which the Java heap is
#     placed in the first 4GB address space. The Java Heap base address is the
#     maximum limit for the native heap growth. Please use -XX:HeapBaseMinAddress
#     to set the Java Heap base and to place the Java Heap above 4GB virtual address.
# This output file may be truncated or incomplete.
#
#  Out of Memory Error (os_windows.cpp:3532), pid=1352, tid=9280
#
# JRE version: Java(TM) SE Runtime Environment (17.0.2+8) (build 17.0.2+8-LTS-86)
# Java VM: Java HotSpot(TM) 64-Bit Server VM (17.0.2+8-LTS-86, mixed mode, emulated-client, sharing, tiered, compressed oops, compressed class ptrs, g1 gc, windows-amd64)
# No core dump will be written. Minidumps are not enabled by default on client versions of Windows
#

---------------  S U M M A R Y ------------

Command Line: -Dquarkus-internal.serialized-app-model.path=C:\Users\ANNA\IdeaProjects\geekocon-crud-service\target\quarkus\bootstrap\dev-app-model.dat -javaagent:C:\Users\ANNA\.m2\repository\io\quarkus\quarkus-class-change-agent\2.6.3.Final\quarkus-class-change-agent-2.6.3.Final.jar -XX:TieredStopAtLevel=1 -agentlib:jdwp=transport=dt_socket,address=localhost:5005,server=y,suspend=n -Djava.util.logging.manager=org.jboss.logmanager.LogManager C:\Users\ANNA\IdeaProjects\geekocon-crud-service\target\geekocon-crud-service-dev.jar

Host: AMD Ryzen 3 3200U with Radeon Vega Mobile Gfx  , 4 cores, 5G,  Windows 10 , 64 bit Build 19041 (10.0.19041.1566)
Time: Mon Mar 21 21:52:13 2022 RTZ 4 (s 10 , 64 bit Build 19041 (10.0.19041.1566) elapsed time: 6.184908 seconds (0d 0h 0m 6s)

---------------  T H R E A D  ---------------

Current thread (0x000002703dffe630):  VMThread "VM Thread" [stack: 0x000000f8cda00000,0x000000f8cdb00000] [id=9280]

Stack: [0x000000f8cda00000,0x000000f8cdb00000]
Native frames: (J=compiled Java code, j=interpreted, Vv=VM code, C=native code)
V  [jvm.dll+0x670baa]
V  [jvm.dll+0x7cfcb4]
V  [jvm.dll+0x7d145e]
V  [jvm.dll+0x7d1ac3]
V  [jvm.dll+0x242bc5]
V  [jvm.dll+0x66dac9]
V  [jvm.dll+0x662412]
V  [jvm.dll+0x300c0b]
V  [jvm.dll+0x3081a6]
V  [jvm.dll+0x357d0e]
V  [jvm.dll+0x357f3f]
V  [jvm.dll+0x2d7ec8]
V  [jvm.dll+0x2d6194]
V  [jvm.dll+0x2d579c]
V  [jvm.dll+0x3190eb]
V  [jvm.dll+0x7d5f9b]
V  [jvm.dll+0x7d6cd4]
V  [jvm.dll+0x7d71ec]
V  [jvm.dll+0x7d75c4]
V  [jvm.dll+0x7d7690]
V  [jvm.dll+0x77ff7a]
V  [jvm.dll+0x66fa35]
C  [ucrtbase.dll+0x21bb2]
C  [KERNEL32.DLL+0x17034]
C  [ntdll.dll+0x52651]

VM_Operation (0x000000f8cf3f8c50): G1CollectForAllocation, mode: safepoint, requested by thread 0x0000027051dff400


---------------  P R O C E S S  ---------------

Threads class SMR info:
_java_thread_list=0x0000027053944770, length=30, elements={
0x000002703df2ef50, 0x000002703e003af0, 0x000002703e004960, 0x000002703e00e690,
0x000002704e298ac0, 0x000002704e29c490, 0x000002704e29d450, 0x000002704e29ebf0,
0x000002704e2a01b0, 0x000002704e3698d0, 0x000002704ed3a820, 0x000002704ed43010,
0x000002704f200fd0, 0x000002704f204e30, 0x000002704f207630, 0x00000270504da4a0,
0x0000027050590440, 0x0000027051dfea60, 0x0000027051e00c10, 0x0000027051e01f50,
0x0000027051dfd250, 0x0000027051dfe590, 0x0000027051dfa700, 0x0000027051dfb570,
0x0000027051dfbf10, 0x0000027051dfd720, 0x0000027051e010e0, 0x0000027051e015b0,
0x0000027051dfdbf0, 0x0000027051dff400
}

Java Threads: ( => current thread )
  0x000002703df2ef50 JavaThread "main" [_thread_blocked, id=10672, stack(0x000000f8cd400000,0x000000f8cd500000)]
  0x000002703e003af0 JavaThread "Reference Handler" daemon [_thread_blocked, id=9320, stack(0x000000f8cdb00000,0x000000f8cdc00000)]
  0x000002703e004960 JavaThread "Finalizer" daemon [_thread_blocked, id=2976, stack(0x000000f8cdc00000,0x000000f8cdd00000)]
  0x000002703e00e690 JavaThread "Signal Dispatcher" daemon [_thread_blocked, id=3160, stack(0x000000f8cdd00000,0x000000f8cde00000)]
  0x000002704e298ac0 JavaThread "Attach Listener" daemon [_thread_blocked, id=8768, stack(0x000000f8cde00000,0x000000f8cdf00000)]
  0x000002704e29c490 JavaThread "Service Thread" daemon [_thread_blocked, id=4692, stack(0x000000f8cdf00000,0x000000f8ce000000)]
  0x000002704e29d450 JavaThread "Monitor Deflation Thread" daemon [_thread_blocked, id=8624, stack(0x000000f8ce000000,0x000000f8ce100000)]
  0x000002704e29ebf0 JavaThread "C1 CompilerThread0" daemon [_thread_blocked, id=1532, stack(0x000000f8ce100000,0x000000f8ce200000)]
  0x000002704e2a01b0 JavaThread "Sweeper thread" daemon [_thread_blocked, id=3812, stack(0x000000f8ce200000,0x000000f8ce300000)]
  0x000002704e3698d0 JavaThread "Common-Cleaner" daemon [_thread_blocked, id=6124, stack(0x000000f8ce300000,0x000000f8ce400000)]
  0x000002704ed3a820 JavaThread "C1 CompilerThread1" daemon [_thread_blocked, id=5352, stack(0x000000f8ce400000,0x000000f8ce500000)]
  0x000002704ed43010 JavaThread "C1 CompilerThread2" daemon [_thread_blocked, id=11112, stack(0x000000f8ce500000,0x000000f8ce600000)]
  0x000002704f200fd0 JavaThread "JDWP Transport Listener: dt_socket" daemon [_thread_in_native, id=8812, stack(0x000000f8ce600000,0x000000f8ce700000)]
  0x000002704f204e30 JavaThread "JDWP Event Helper Thread" daemon [_thread_blocked, id=4944, stack(0x000000f8ce700000,0x000000f8ce800000)]
  0x000002704f207630 JavaThread "Notification Thread" daemon [_thread_blocked, id=7164, stack(0x000000f8ce800000,0x000000f8ce900000)]
  0x00000270504da4a0 JavaThread "Quarkus Devmode keep alive thread" [_thread_blocked, id=9376, stack(0x000000f8cef00000,0x000000f8cf000000)]
  0x0000027050590440 JavaThread "ForkJoinPool.commonPool-worker-1" daemon [_thread_blocked, id=10232, stack(0x000000f8cf000000,0x000000f8cf100000)]
  0x0000027051dfea60 JavaThread "org.aesh.readline.terminal.impl.WinExternalTerminal@615ff664 input pump thread" daemon [_thread_in_native, id=11204, stack(0x000000f8d3a00000,0x000000f8d3b00000)]
  0x0000027051e00c10 JavaThread "Aesh InputStream Reader" daemon [_thread_blocked, id=7512, stack(0x000000f8d3b00000,0x000000f8d3c00000)]
  0x0000027051e01f50 JavaThread "Quarkus Terminal Reader" daemon [_thread_blocked, id=2040, stack(0x000000f8d3c00000,0x000000f8d3d00000)]
  0x0000027051dfd250 JavaThread "vertx-blocked-thread-checker" daemon [_thread_blocked, id=7220, stack(0x000000f8d3d00000,0x000000f8d3e00000)]
  0x0000027051dfe590 JavaThread "Thread-75" daemon [_thread_in_native, id=1708, stack(0x000000f8d3e00000,0x000000f8d3f00000)]
  0x0000027051dfa700 JavaThread "vert.x-eventloop-thread-0" [_thread_in_native, id=3292, stack(0x000000f8d3f00000,0x000000f8d4000000)]
  0x0000027051dfb570 JavaThread "vert.x-eventloop-thread-1" [_thread_in_native, id=7068, stack(0x000000f8d4000000,0x000000f8d4100000)]
  0x0000027051dfbf10 JavaThread "vert.x-acceptor-thread-0" [_thread_in_native, id=10808, stack(0x000000f8d4200000,0x000000f8d4300000)]
  0x0000027051dfd720 JavaThread "vertx-blocked-thread-checker" daemon [_thread_blocked, id=5716, stack(0x000000f8d4300000,0x000000f8d4400000)]
  0x0000027051e010e0 JavaThread "[DevConsole]vert.x-eventloop-thread-0" [_thread_in_native, id=3916, stack(0x000000f8d4400000,0x000000f8d4500000)]
  0x0000027051e015b0 JavaThread "ForkJoinPool.commonPool-worker-2" daemon [_thread_blocked, id=728, stack(0x000000f8cf100000,0x000000f8cf200000)]
  0x0000027051dfdbf0 JavaThread "ForkJoinPool.commonPool-worker-3" daemon [_thread_blocked, id=9012, stack(0x000000f8cf200000,0x000000f8cf300000)]
  0x0000027051dff400 JavaThread "Quarkus Main Thread" [_thread_blocked, id=9356, stack(0x000000f8cf300000,0x000000f8cf400000)]

Other Threads:
=>0x000002703dffe630 VMThread "VM Thread" [stack: 0x000000f8cda00000,0x000000f8cdb00000] [id=9280]
  0x000002704f207b00 WatcherThread [stack: 0x000000f8ce900000,0x000000f8cea00000] [id=10164]
  0x000002703df64430 GCTaskThread "GC Thread#0" [stack: 0x000000f8cd500000,0x000000f8cd600000] [id=5348]
  0x000002704f4c0010 GCTaskThread "GC Thread#1" [stack: 0x000000f8cea00000,0x000000f8ceb00000] [id=6632]
  0x000002704f4ed870 GCTaskThread "GC Thread#2" [stack: 0x000000f8ceb00000,0x000000f8cec00000] [id=2688]
  0x000002704f4edb20 GCTaskThread "GC Thread#3" [stack: 0x000000f8cec00000,0x000000f8ced00000] [id=4316]
  0x000002703df72200 ConcurrentGCThread "G1 Main Marker" [stack: 0x000000f8cd600000,0x000000f8cd700000] [id=8456]
  0x000002703df733b0 ConcurrentGCThread "G1 Conc#0" [stack: 0x000000f8cd700000,0x000000f8cd800000] [id=10508]
  0x000002703dfd5c90 ConcurrentGCThread "G1 Refine#0" [stack: 0x000000f8cd800000,0x000000f8cd900000] [id=6488]
  0x000002704ee7c060 ConcurrentGCThread "G1 Refine#1" [stack: 0x000000f8ced00000,0x000000f8cee00000] [id=2024]
  0x000002704ee7ce50 ConcurrentGCThread "G1 Refine#2" [stack: 0x000000f8cee00000,0x000000f8cef00000] [id=11392]
  0x000002703dfd66b0 ConcurrentGCThread "G1 Service" [stack: 0x000000f8cd900000,0x000000f8cda00000] [id=7568]

Threads with active compile tasks:

VM state: at safepoint (normal execution)

VM Mutex/Monitor currently owned by a thread:  ([mutex/lock_event])
[0x000002703df2a8d0] Threads_lock - owner thread: 0x000002703dffe630
[0x000002703df29400] Heap_lock - owner thread: 0x0000027051dff400

Heap address: 0x00000000a0c00000, size: 1524 MB, Compressed Oops mode: 32-bit

CDS archive(s) mapped at: [0x0000000800000000-0x0000000800bc0000-0x0000000800bc0000), size 12320768, SharedBaseAddress: 0x0000000800000000, ArchiveRelocationMode: 0.
Compressed class space mapped at: 0x0000000800c00000-0x0000000840c00000, reserved size: 1073741824
Narrow klass base: 0x0000000800000000, Narrow klass shift: 0, Narrow klass range: 0x100000000

GC Precious Log:
 CPUs: 4 total, 4 available
 Memory: 6094M
 Large Page Support: Disabled
 NUMA Support: Disabled
 Compressed Oops: Enabled (32-bit)
 Heap Region Size: 1M
 Heap Min Capacity: 8M
 Heap Initial Capacity: 96M
 Heap Max Capacity: 1524M
 Pre-touch: Disabled
 Parallel Workers: 4
 Concurrent Workers: 1
 Concurrent Refinement Workers: 4
 Periodic GC: Disabled

Heap:
 garbage-first heap   total 206848K, used 66244K [0x00000000a0c00000, 0x0000000100000000)
  region size 1024K, 9 young (9216K), 9 survivors (9216K)
 Metaspace       used 41923K, committed 42432K, reserved 1089536K
  class space    used 6033K, committed 6272K, reserved 1048576K

Heap Regions: E=young(eden), S=young(survivor), O=old, HS=humongous(starts), HC=humongous(continues), CS=collection set, F=free, OA=open archive, CA=closed archive, TAMS=top-at-mark-start (previous, next)
|   0|0x00000000a0c00000, 0x00000000a0d00000, 0x00000000a0d00000|100%| O|  |TAMS 0x00000000a0d00000, 0x00000000a0c00000| Untracked 
|   1|0x00000000a0d00000, 0x00000000a0e00000, 0x00000000a0e00000|100%| O|  |TAMS 0x00000000a0e00000, 0x00000000a0d00000| Untracked 
|   2|0x00000000a0e00000, 0x00000000a0f00000, 0x00000000a0f00000|100%| O|  |TAMS 0x00000000a0f00000, 0x00000000a0e00000| Untracked 
|   3|0x00000000a0f00000, 0x00000000a1000000, 0x00000000a1000000|100%|HS|  |TAMS 0x00000000a1000000, 0x00000000a0f00000| Complete 
|   4|0x00000000a1000000, 0x00000000a1100000, 0x00000000a1100000|100%|HS|  |TAMS 0x00000000a1100000, 0x00000000a1000000| Complete 
|   5|0x00000000a1100000, 0x00000000a1200000, 0x00000000a1200000|100%|HC|  |TAMS 0x00000000a1200000, 0x00000000a1100000| Complete 
|   6|0x00000000a1200000, 0x00000000a1300000, 0x00000000a1300000|100%| O|  |TAMS 0x00000000a1200000, 0x00000000a1200000| Untracked 
|   7|0x00000000a1300000, 0x00000000a1400000, 0x00000000a1400000|100%| O|  |TAMS 0x00000000a1400000, 0x00000000a1300000| Untracked 
|   8|0x00000000a1400000, 0x00000000a1500000, 0x00000000a1500000|100%| O|  |TAMS 0x00000000a1500000, 0x00000000a1400000| Untracked 
|   9|0x00000000a1500000, 0x00000000a1600000, 0x00000000a1600000|100%| O|  |TAMS 0x00000000a1600000, 0x00000000a1500000| Untracked 
|  10|0x00000000a1600000, 0x00000000a1700000, 0x00000000a1700000|100%| O|  |TAMS 0x00000000a1700000, 0x00000000a1600000| Untracked 
|  11|0x00000000a1700000, 0x00000000a1800000, 0x00000000a1800000|100%| O|  |TAMS 0x00000000a1800000, 0x00000000a1700000| Untracked 
|  12|0x00000000a1800000, 0x00000000a1900000, 0x00000000a1900000|100%| O|  |TAMS 0x00000000a1900000, 0x00000000a1800000| Untracked 
|  13|0x00000000a1900000, 0x00000000a1a00000, 0x00000000a1a00000|100%| O|  |TAMS 0x00000000a1a00000, 0x00000000a1900000| Untracked 
|  14|0x00000000a1a00000, 0x00000000a1b00000, 0x00000000a1b00000|100%| O|  |TAMS 0x00000000a1b00000, 0x00000000a1a00000| Untracked 
|  15|0x00000000a1b00000, 0x00000000a1c00000, 0x00000000a1c00000|100%| O|  |TAMS 0x00000000a1c00000, 0x00000000a1b00000| Untracked 
|  16|0x00000000a1c00000, 0x00000000a1d00000, 0x00000000a1d00000|100%| O|  |TAMS 0x00000000a1d00000, 0x00000000a1c00000| Untracked 
|  17|0x00000000a1d00000, 0x00000000a1e00000, 0x00000000a1e00000|100%| O|  |TAMS 0x00000000a1e00000, 0x00000000a1d00000| Untracked 
|  18|0x00000000a1e00000, 0x00000000a1f00000, 0x00000000a1f00000|100%| O|  |TAMS 0x00000000a1f00000, 0x00000000a1e00000| Untracked 
|  19|0x00000000a1f00000, 0x00000000a2000000, 0x00000000a2000000|100%| O|  |TAMS 0x00000000a2000000, 0x00000000a1f00000| Untracked 
|  20|0x00000000a2000000, 0x00000000a2000000, 0x00000000a2100000|  0%| F|  |TAMS 0x00000000a2000000, 0x00000000a2000000| Untracked 
|  21|0x00000000a2100000, 0x00000000a2200000, 0x00000000a2200000|100%|HS|  |TAMS 0x00000000a2200000, 0x00000000a2100000| Complete 
|  22|0x00000000a2200000, 0x00000000a2300000, 0x00000000a2300000|100%| O|  |TAMS 0x00000000a2300000, 0x00000000a2200000| Untracked 
|  23|0x00000000a2300000, 0x00000000a2400000, 0x00000000a2400000|100%| O|  |TAMS 0x00000000a2400000, 0x00000000a2300000| Untracked 
|  24|0x00000000a2400000, 0x00000000a2500000, 0x00000000a2500000|100%| O|  |TAMS 0x00000000a2400000, 0x00000000a2400000| Untracked 
|  25|0x00000000a2500000, 0x00000000a2600000, 0x00000000a2600000|100%| O|  |TAMS 0x00000000a2600000, 0x00000000a2500000| Untracked 
|  26|0x00000000a2600000, 0x00000000a2700000, 0x00000000a2700000|100%| O|  |TAMS 0x00000000a2700000, 0x00000000a2600000| Untracked 
|  27|0x00000000a2700000, 0x00000000a2800000, 0x00000000a2800000|100%| O|  |TAMS 0x00000000a2800000, 0x00000000a2700000| Untracked 
|  28|0x00000000a2800000, 0x00000000a2900000, 0x00000000a2900000|100%| O|  |TAMS 0x00000000a2900000, 0x00000000a2800000| Untracked 
|  29|0x00000000a2900000, 0x00000000a2a00000, 0x00000000a2a00000|100%| O|  |TAMS 0x00000000a2a00000, 0x00000000a2900000| Untracked 
|  30|0x00000000a2a00000, 0x00000000a2b00000, 0x00000000a2b00000|100%| O|  |TAMS 0x00000000a2b00000, 0x00000000a2a00000| Untracked 
|  31|0x00000000a2b00000, 0x00000000a2c00000, 0x00000000a2c00000|100%| O|  |TAMS 0x00000000a2c00000, 0x00000000a2b00000| Untracked 
|  32|0x00000000a2c00000, 0x00000000a2d00000, 0x00000000a2d00000|100%| O|  |TAMS 0x00000000a2d00000, 0x00000000a2c00000| Untracked 
|  33|0x00000000a2d00000, 0x00000000a2e00000, 0x00000000a2e00000|100%| O|  |TAMS 0x00000000a2e00000, 0x00000000a2d00000| Untracked 
|  34|0x00000000a2e00000, 0x00000000a2f00000, 0x00000000a2f00000|100%| O|  |TAMS 0x00000000a2f00000, 0x00000000a2e00000| Untracked 
|  35|0x00000000a2f00000, 0x00000000a3000000, 0x00000000a3000000|100%| O|  |TAMS 0x00000000a3000000, 0x00000000a2f00000| Untracked 
|  36|0x00000000a3000000, 0x00000000a3100000, 0x00000000a3100000|100%| O|  |TAMS 0x00000000a3100000, 0x00000000a3000000| Untracked 
|  37|0x00000000a3100000, 0x00000000a3200000, 0x00000000a3200000|100%| O|  |TAMS 0x00000000a3100000, 0x00000000a3100000| Untracked 
|  38|0x00000000a3200000, 0x00000000a3300000, 0x00000000a3300000|100%| O|  |TAMS 0x00000000a3300000, 0x00000000a3200000| Untracked 
|  39|0x00000000a3300000, 0x00000000a3400000, 0x00000000a3400000|100%| O|  |TAMS 0x00000000a3400000, 0x00000000a3300000| Untracked 
|  40|0x00000000a3400000, 0x00000000a3500000, 0x00000000a3500000|100%| O|  |TAMS 0x00000000a3500000, 0x00000000a3400000| Untracked 
|  41|0x00000000a3500000, 0x00000000a3600000, 0x00000000a3600000|100%| O|  |TAMS 0x00000000a3600000, 0x00000000a3500000| Untracked 
|  42|0x00000000a3600000, 0x00000000a3700000, 0x00000000a3700000|100%| O|  |TAMS 0x00000000a3700000, 0x00000000a3600000| Untracked 
|  43|0x00000000a3700000, 0x00000000a3800000, 0x00000000a3800000|100%| O|  |TAMS 0x00000000a3800000, 0x00000000a3700000| Untracked 
|  44|0x00000000a3800000, 0x00000000a3900000, 0x00000000a3900000|100%| O|  |TAMS 0x00000000a3900000, 0x00000000a3800000| Untracked 
|  45|0x00000000a3900000, 0x00000000a3a00000, 0x00000000a3a00000|100%| O|  |TAMS 0x00000000a3a00000, 0x00000000a3900000| Untracked 
|  46|0x00000000a3a00000, 0x00000000a3b00000, 0x00000000a3b00000|100%| O|  |TAMS 0x00000000a3b00000, 0x00000000a3a00000| Untracked 
|  47|0x00000000a3b00000, 0x00000000a3c00000, 0x00000000a3c00000|100%| O|  |TAMS 0x00000000a3c00000, 0x00000000a3b00000| Untracked 
|  48|0x00000000a3c00000, 0x00000000a3d00000, 0x00000000a3d00000|100%| O|  |TAMS 0x00000000a3d00000, 0x00000000a3c00000| Untracked 
|  49|0x00000000a3d00000, 0x00000000a3e00000, 0x00000000a3e00000|100%| O|  |TAMS 0x00000000a3e00000, 0x00000000a3d00000| Untracked 
|  50|0x00000000a3e00000, 0x00000000a3f00000, 0x00000000a3f00000|100%| O|  |TAMS 0x00000000a3f00000, 0x00000000a3e00000| Untracked 
|  51|0x00000000a3f00000, 0x00000000a4000000, 0x00000000a4000000|100%| O|  |TAMS 0x00000000a4000000, 0x00000000a3f00000| Untracked 
|  52|0x00000000a4000000, 0x00000000a4100000, 0x00000000a4100000|100%| O|  |TAMS 0x00000000a4100000, 0x00000000a4000000| Untracked 
|  53|0x00000000a4100000, 0x00000000a4100000, 0x00000000a4200000|  0%| F|  |TAMS 0x00000000a4100000, 0x00000000a4100000| Untracked 
|  54|0x00000000a4200000, 0x00000000a4300000, 0x00000000a4300000|100%| O|  |TAMS 0x00000000a4200000, 0x00000000a4200000| Untracked 
|  55|0x00000000a4300000, 0x00000000a4400000, 0x00000000a4400000|100%| O|  |TAMS 0x00000000a4300000, 0x00000000a4300000| Untracked 
|  56|0x00000000a4400000, 0x00000000a4500000, 0x00000000a4500000|100%| O|  |TAMS 0x00000000a4400000, 0x00000000a4400000| Untracked 
|  57|0x00000000a4500000, 0x00000000a4600000, 0x00000000a4600000|100%| O|  |TAMS 0x00000000a4500000, 0x00000000a4500000| Untracked 
|  58|0x00000000a4600000, 0x00000000a467bc00, 0x00000000a4700000| 48%| O|  |TAMS 0x00000000a4600000, 0x00000000a4600000| Untracked 
|  59|0x00000000a4700000, 0x00000000a4700000, 0x00000000a4800000|  0%| F|  |TAMS 0x00000000a4700000, 0x00000000a4700000| Untracked 
|  60|0x00000000a4800000, 0x00000000a4800000, 0x00000000a4900000|  0%| F|  |TAMS 0x00000000a4800000, 0x00000000a4800000| Untracked 
|  61|0x00000000a4900000, 0x00000000a4900000, 0x00000000a4a00000|  0%| F|  |TAMS 0x00000000a4900000, 0x00000000a4900000| Untracked 
|  62|0x00000000a4a00000, 0x00000000a4a00000, 0x00000000a4b00000|  0%| F|  |TAMS 0x00000000a4a00000, 0x00000000a4a00000| Untracked 
|  63|0x00000000a4b00000, 0x00000000a4b00000, 0x00000000a4c00000|  0%| F|  |TAMS 0x00000000a4b00000, 0x00000000a4b00000| Untracked 
|  64|0x00000000a4c00000, 0x00000000a4c00000, 0x00000000a4d00000|  0%| F|  |TAMS 0x00000000a4c00000, 0x00000000a4c00000| Untracked 
|  65|0x00000000a4d00000, 0x00000000a4d00000, 0x00000000a4e00000|  0%| F|  |TAMS 0x00000000a4d00000, 0x00000000a4d00000| Untracked 
|  66|0x00000000a4e00000, 0x00000000a4e00000, 0x00000000a4f00000|  0%| F|  |TAMS 0x00000000a4e00000, 0x00000000a4e00000| Untracked 
|  67|0x00000000a4f00000, 0x00000000a4f00000, 0x00000000a5000000|  0%| F|  |TAMS 0x00000000a4f00000, 0x00000000a4f00000| Untracked 
|  68|0x00000000a5000000, 0x00000000a5000000, 0x00000000a5100000|  0%| F|  |TAMS 0x00000000a5000000, 0x00000000a5000000| Untracked 
|  69|0x00000000a5100000, 0x00000000a5100000, 0x00000000a5200000|  0%| F|  |TAMS 0x00000000a5100000, 0x00000000a5100000| Untracked 
|  70|0x00000000a5200000, 0x00000000a5200000, 0x00000000a5300000|  0%| F|  |TAMS 0x00000000a5200000, 0x00000000a5200000| Untracked 
|  71|0x00000000a5300000, 0x00000000a5300000, 0x00000000a5400000|  0%| F|  |TAMS 0x00000000a5300000, 0x00000000a5300000| Untracked 
|  72|0x00000000a5400000, 0x00000000a5400000, 0x00000000a5500000|  0%| F|  |TAMS 0x00000000a5400000, 0x00000000a5400000| Untracked 
|  73|0x00000000a5500000, 0x00000000a5500000, 0x00000000a5600000|  0%| F|  |TAMS 0x00000000a5500000, 0x00000000a5500000| Untracked 
|  74|0x00000000a5600000, 0x00000000a5600000, 0x00000000a5700000|  0%| F|  |TAMS 0x00000000a5600000, 0x00000000a5600000| Untracked 
|  75|0x00000000a5700000, 0x00000000a5700000, 0x00000000a5800000|  0%| F|  |TAMS 0x00000000a5700000, 0x00000000a5700000| Untracked 
|  76|0x00000000a5800000, 0x00000000a5800000, 0x00000000a5900000|  0%| F|  |TAMS 0x00000000a5800000, 0x00000000a5800000| Untracked 
|  77|0x00000000a5900000, 0x00000000a5900000, 0x00000000a5a00000|  0%| F|  |TAMS 0x00000000a5900000, 0x00000000a5900000| Untracked 
|  78|0x00000000a5a00000, 0x00000000a5a00000, 0x00000000a5b00000|  0%| F|  |TAMS 0x00000000a5a00000, 0x00000000a5a00000| Untracked 
|  79|0x00000000a5b00000, 0x00000000a5b00000, 0x00000000a5c00000|  0%| F|  |TAMS 0x00000000a5b00000, 0x00000000a5b00000| Untracked 
|  80|0x00000000a5c00000, 0x00000000a5c00000, 0x00000000a5d00000|  0%| F|  |TAMS 0x00000000a5c00000, 0x00000000a5c00000| Untracked 
|  81|0x00000000a5d00000, 0x00000000a5d00000, 0x00000000a5e00000|  0%| F|  |TAMS 0x00000000a5d00000, 0x00000000a5d00000| Untracked 
|  82|0x00000000a5e00000, 0x00000000a5e00000, 0x00000000a5f00000|  0%| F|  |TAMS 0x00000000a5e00000, 0x00000000a5e00000| Untracked 
|  83|0x00000000a5f00000, 0x00000000a5f00000, 0x00000000a6000000|  0%| F|  |TAMS 0x00000000a5f00000, 0x00000000a5f00000| Untracked 
|  84|0x00000000a6000000, 0x00000000a6000000, 0x00000000a6100000|  0%| F|  |TAMS 0x00000000a6000000, 0x00000000a6000000| Untracked 
|  85|0x00000000a6100000, 0x00000000a6100000, 0x00000000a6200000|  0%| F|  |TAMS 0x00000000a6100000, 0x00000000a6100000| Untracked 
|  86|0x00000000a6200000, 0x00000000a6235718, 0x00000000a6300000| 20%| S|CS|TAMS 0x00000000a6200000, 0x00000000a6200000| Complete 
|  87|0x00000000a6300000, 0x00000000a6400000, 0x00000000a6400000|100%| S|CS|TAMS 0x00000000a6300000, 0x00000000a6300000| Complete 
|  88|0x00000000a6400000, 0x00000000a6500000, 0x00000000a6500000|100%| S|CS|TAMS 0x00000000a6400000, 0x00000000a6400000| Complete 
|  89|0x00000000a6500000, 0x00000000a6600000, 0x00000000a6600000|100%| S|CS|TAMS 0x00000000a6500000, 0x00000000a6500000| Complete 
|  90|0x00000000a6600000, 0x00000000a6700000, 0x00000000a6700000|100%| S|CS|TAMS 0x00000000a6600000, 0x00000000a6600000| Complete 
|  91|0x00000000a6700000, 0x00000000a6800000, 0x00000000a6800000|100%| S|CS|TAMS 0x00000000a6700000, 0x00000000a6700000| Complete 
|  92|0x00000000a6800000, 0x00000000a6900000, 0x00000000a6900000|100%| S|CS|TAMS 0x00000000a6800000, 0x00000000a6800000| Complete 
|  93|0x00000000a6900000, 0x00000000a6a00000, 0x00000000a6a00000|100%| S|CS|TAMS 0x00000000a6900000, 0x00000000a6900000| Complete 
|  94|0x00000000a6a00000, 0x00000000a6b00000, 0x00000000a6b00000|100%| S|CS|TAMS 0x00000000a6a00000, 0x00000000a6a00000| Complete 
|  95|0x00000000a6b00000, 0x00000000a6b00000, 0x00000000a6c00000|  0%| F|  |TAMS 0x00000000a6b00000, 0x00000000a6b00000| Untracked 
|  96|0x00000000a6c00000, 0x00000000a6c00000, 0x00000000a6d00000|  0%| F|  |TAMS 0x00000000a6c00000, 0x00000000a6c00000| Untracked 
|  97|0x00000000a6d00000, 0x00000000a6d00000, 0x00000000a6e00000|  0%| F|  |TAMS 0x00000000a6d00000, 0x00000000a6d00000| Untracked 
|  98|0x00000000a6e00000, 0x00000000a6e00000, 0x00000000a6f00000|  0%| F|  |TAMS 0x00000000a6e00000, 0x00000000a6e00000| Untracked 
|  99|0x00000000a6f00000, 0x00000000a6f00000, 0x00000000a7000000|  0%| F|  |TAMS 0x00000000a6f00000, 0x00000000a6f00000| Untracked 
| 100|0x00000000a7000000, 0x00000000a7000000, 0x00000000a7100000|  0%| F|  |TAMS 0x00000000a7000000, 0x00000000a7000000| Untracked 
| 101|0x00000000a7100000, 0x00000000a7100000, 0x00000000a7200000|  0%| F|  |TAMS 0x00000000a7100000, 0x00000000a7100000| Untracked 
| 102|0x00000000a7200000, 0x00000000a7200000, 0x00000000a7300000|  0%| F|  |TAMS 0x00000000a7200000, 0x00000000a7200000| Untracked 
| 103|0x00000000a7300000, 0x00000000a7300000, 0x00000000a7400000|  0%| F|  |TAMS 0x00000000a7300000, 0x00000000a7300000| Untracked 
| 104|0x00000000a7400000, 0x00000000a7400000, 0x00000000a7500000|  0%| F|  |TAMS 0x00000000a7400000, 0x00000000a7400000| Untracked 
| 105|0x00000000a7500000, 0x00000000a7500000, 0x00000000a7600000|  0%| F|  |TAMS 0x00000000a7500000, 0x00000000a7500000| Untracked 
| 106|0x00000000a7600000, 0x00000000a7600000, 0x00000000a7700000|  0%| F|  |TAMS 0x00000000a7600000, 0x00000000a7600000| Untracked 
| 107|0x00000000a7700000, 0x00000000a7700000, 0x00000000a7800000|  0%| F|  |TAMS 0x00000000a7700000, 0x00000000a7700000| Untracked 
| 108|0x00000000a7800000, 0x00000000a7800000, 0x00000000a7900000|  0%| F|  |TAMS 0x00000000a7800000, 0x00000000a7800000| Untracked 
| 109|0x00000000a7900000, 0x00000000a7900000, 0x00000000a7a00000|  0%| F|  |TAMS 0x00000000a7900000, 0x00000000a7900000| Untracked 
| 110|0x00000000a7a00000, 0x00000000a7a00000, 0x00000000a7b00000|  0%| F|  |TAMS 0x00000000a7a00000, 0x00000000a7a00000| Untracked 
| 111|0x00000000a7b00000, 0x00000000a7b00000, 0x00000000a7c00000|  0%| F|  |TAMS 0x00000000a7b00000, 0x00000000a7b00000| Untracked 
| 112|0x00000000a7c00000, 0x00000000a7c00000, 0x00000000a7d00000|  0%| F|  |TAMS 0x00000000a7c00000, 0x00000000a7c00000| Untracked 
| 113|0x00000000a7d00000, 0x00000000a7d00000, 0x00000000a7e00000|  0%| F|  |TAMS 0x00000000a7d00000, 0x00000000a7d00000| Untracked 
| 114|0x00000000a7e00000, 0x00000000a7e00000, 0x00000000a7f00000|  0%| F|  |TAMS 0x00000000a7e00000, 0x00000000a7e00000| Untracked 
| 115|0x00000000a7f00000, 0x00000000a7f00000, 0x00000000a8000000|  0%| F|  |TAMS 0x00000000a7f00000, 0x00000000a7f00000| Untracked 
| 116|0x00000000a8000000, 0x00000000a8000000, 0x00000000a8100000|  0%| F|  |TAMS 0x00000000a8000000, 0x00000000a8000000| Untracked 
| 117|0x00000000a8100000, 0x00000000a8100000, 0x00000000a8200000|  0%| F|  |TAMS 0x00000000a8100000, 0x00000000a8100000| Untracked 
| 118|0x00000000a8200000, 0x00000000a8200000, 0x00000000a8300000|  0%| F|  |TAMS 0x00000000a8200000, 0x00000000a8200000| Untracked 
| 119|0x00000000a8300000, 0x00000000a8300000, 0x00000000a8400000|  0%| F|  |TAMS 0x00000000a8300000, 0x00000000a8300000| Untracked 
| 120|0x00000000a8400000, 0x00000000a8400000, 0x00000000a8500000|  0%| F|  |TAMS 0x00000000a8400000, 0x00000000a8400000| Untracked 
| 121|0x00000000a8500000, 0x00000000a8500000, 0x00000000a8600000|  0%| F|  |TAMS 0x00000000a8500000, 0x00000000a8500000| Untracked 
| 122|0x00000000a8600000, 0x00000000a8600000, 0x00000000a8700000|  0%| F|  |TAMS 0x00000000a8600000, 0x00000000a8600000| Untracked 
| 123|0x00000000a8700000, 0x00000000a8700000, 0x00000000a8800000|  0%| F|  |TAMS 0x00000000a8700000, 0x00000000a8700000| Untracked 
| 124|0x00000000a8800000, 0x00000000a8800000, 0x00000000a8900000|  0%| F|  |TAMS 0x00000000a8800000, 0x00000000a8800000| Untracked 
| 125|0x00000000a8900000, 0x00000000a8900000, 0x00000000a8a00000|  0%| F|  |TAMS 0x00000000a8900000, 0x00000000a8900000| Untracked 
| 126|0x00000000a8a00000, 0x00000000a8a00000, 0x00000000a8b00000|  0%| F|  |TAMS 0x00000000a8a00000, 0x00000000a8a00000| Untracked 
| 127|0x00000000a8b00000, 0x00000000a8b00000, 0x00000000a8c00000|  0%| F|  |TAMS 0x00000000a8b00000, 0x00000000a8b00000| Untracked 
| 128|0x00000000a8c00000, 0x00000000a8c00000, 0x00000000a8d00000|  0%| F|  |TAMS 0x00000000a8c00000, 0x00000000a8c00000| Untracked 
| 129|0x00000000a8d00000, 0x00000000a8d00000, 0x00000000a8e00000|  0%| F|  |TAMS 0x00000000a8d00000, 0x00000000a8d00000| Untracked 
| 130|0x00000000a8e00000, 0x00000000a8e00000, 0x00000000a8f00000|  0%| F|  |TAMS 0x00000000a8e00000, 0x00000000a8e00000| Untracked 
| 131|0x00000000a8f00000, 0x00000000a8f00000, 0x00000000a9000000|  0%| F|  |TAMS 0x00000000a8f00000, 0x00000000a8f00000| Untracked 
| 132|0x00000000a9000000, 0x00000000a9000000, 0x00000000a9100000|  0%| F|  |TAMS 0x00000000a9000000, 0x00000000a9000000| Untracked 
| 133|0x00000000a9100000, 0x00000000a9100000, 0x00000000a9200000|  0%| F|  |TAMS 0x00000000a9100000, 0x00000000a9100000| Untracked 
| 134|0x00000000a9200000, 0x00000000a9200000, 0x00000000a9300000|  0%| F|  |TAMS 0x00000000a9200000, 0x00000000a9200000| Untracked 
| 135|0x00000000a9300000, 0x00000000a9300000, 0x00000000a9400000|  0%| F|  |TAMS 0x00000000a9300000, 0x00000000a9300000| Untracked 
| 136|0x00000000a9400000, 0x00000000a9400000, 0x00000000a9500000|  0%| F|  |TAMS 0x00000000a9400000, 0x00000000a9400000| Untracked 
| 137|0x00000000a9500000, 0x00000000a9500000, 0x00000000a9600000|  0%| F|  |TAMS 0x00000000a9500000, 0x00000000a9500000| Untracked 
| 138|0x00000000a9600000, 0x00000000a9600000, 0x00000000a9700000|  0%| F|  |TAMS 0x00000000a9600000, 0x00000000a9600000| Untracked 
| 139|0x00000000a9700000, 0x00000000a9700000, 0x00000000a9800000|  0%| F|  |TAMS 0x00000000a9700000, 0x00000000a9700000| Untracked 
| 140|0x00000000a9800000, 0x00000000a9800000, 0x00000000a9900000|  0%| F|  |TAMS 0x00000000a9800000, 0x00000000a9800000| Untracked 
| 141|0x00000000a9900000, 0x00000000a9900000, 0x00000000a9a00000|  0%| F|  |TAMS 0x00000000a9900000, 0x00000000a9900000| Untracked 
| 142|0x00000000a9a00000, 0x00000000a9a00000, 0x00000000a9b00000|  0%| F|  |TAMS 0x00000000a9a00000, 0x00000000a9a00000| Untracked 
| 143|0x00000000a9b00000, 0x00000000a9b00000, 0x00000000a9c00000|  0%| F|  |TAMS 0x00000000a9b00000, 0x00000000a9b00000| Untracked 
| 144|0x00000000a9c00000, 0x00000000a9c00000, 0x00000000a9d00000|  0%| F|  |TAMS 0x00000000a9c00000, 0x00000000a9c00000| Untracked 
| 145|0x00000000a9d00000, 0x00000000a9d00000, 0x00000000a9e00000|  0%| F|  |TAMS 0x00000000a9d00000, 0x00000000a9d00000| Untracked 
| 146|0x00000000a9e00000, 0x00000000a9e00000, 0x00000000a9f00000|  0%| F|  |TAMS 0x00000000a9e00000, 0x00000000a9e00000| Untracked 
| 147|0x00000000a9f00000, 0x00000000a9f00000, 0x00000000aa000000|  0%| F|  |TAMS 0x00000000a9f00000, 0x00000000a9f00000| Untracked 
| 148|0x00000000aa000000, 0x00000000aa000000, 0x00000000aa100000|  0%| F|  |TAMS 0x00000000aa000000, 0x00000000aa000000| Untracked 
| 149|0x00000000aa100000, 0x00000000aa100000, 0x00000000aa200000|  0%| F|  |TAMS 0x00000000aa100000, 0x00000000aa100000| Untracked 
| 150|0x00000000aa200000, 0x00000000aa200000, 0x00000000aa300000|  0%| F|  |TAMS 0x00000000aa200000, 0x00000000aa200000| Untracked 
| 151|0x00000000aa300000, 0x00000000aa300000, 0x00000000aa400000|  0%| F|  |TAMS 0x00000000aa300000, 0x00000000aa300000| Untracked 
| 152|0x00000000aa400000, 0x00000000aa400000, 0x00000000aa500000|  0%| F|  |TAMS 0x00000000aa400000, 0x00000000aa400000| Untracked 
| 153|0x00000000aa500000, 0x00000000aa500000, 0x00000000aa600000|  0%| F|  |TAMS 0x00000000aa500000, 0x00000000aa500000| Untracked 
| 154|0x00000000aa600000, 0x00000000aa600000, 0x00000000aa700000|  0%| F|  |TAMS 0x00000000aa600000, 0x00000000aa600000| Untracked 
| 155|0x00000000aa700000, 0x00000000aa700000, 0x00000000aa800000|  0%| F|  |TAMS 0x00000000aa700000, 0x00000000aa700000| Untracked 
| 156|0x00000000aa800000, 0x00000000aa800000, 0x00000000aa900000|  0%| F|  |TAMS 0x00000000aa800000, 0x00000000aa800000| Untracked 
| 157|0x00000000aa900000, 0x00000000aa900000, 0x00000000aaa00000|  0%| F|  |TAMS 0x00000000aa900000, 0x00000000aa900000| Untracked 
| 158|0x00000000aaa00000, 0x00000000aaa00000, 0x00000000aab00000|  0%| F|  |TAMS 0x00000000aaa00000, 0x00000000aaa00000| Untracked 
| 159|0x00000000aab00000, 0x00000000aab00000, 0x00000000aac00000|  0%| F|  |TAMS 0x00000000aab00000, 0x00000000aab00000| Untracked 
| 160|0x00000000aac00000, 0x00000000aac00000, 0x00000000aad00000|  0%| F|  |TAMS 0x00000000aac00000, 0x00000000aac00000| Untracked 
| 161|0x00000000aad00000, 0x00000000aad00000, 0x00000000aae00000|  0%| F|  |TAMS 0x00000000aad00000, 0x00000000aad00000| Untracked 
| 162|0x00000000aae00000, 0x00000000aae00000, 0x00000000aaf00000|  0%| F|  |TAMS 0x00000000aae00000, 0x00000000aae00000| Untracked 
| 163|0x00000000aaf00000, 0x00000000aaf00000, 0x00000000ab000000|  0%| F|  |TAMS 0x00000000aaf00000, 0x00000000aaf00000| Untracked 
| 164|0x00000000ab000000, 0x00000000ab000000, 0x00000000ab100000|  0%| F|  |TAMS 0x00000000ab000000, 0x00000000ab000000| Untracked 
| 165|0x00000000ab100000, 0x00000000ab100000, 0x00000000ab200000|  0%| F|  |TAMS 0x00000000ab100000, 0x00000000ab100000| Untracked 
| 166|0x00000000ab200000, 0x00000000ab200000, 0x00000000ab300000|  0%| F|  |TAMS 0x00000000ab200000, 0x00000000ab200000| Untracked 
| 167|0x00000000ab300000, 0x00000000ab300000, 0x00000000ab400000|  0%| F|  |TAMS 0x00000000ab300000, 0x00000000ab300000| Untracked 
| 168|0x00000000ab400000, 0x00000000ab400000, 0x00000000ab500000|  0%| F|  |TAMS 0x00000000ab400000, 0x00000000ab400000| Untracked 
| 169|0x00000000ab500000, 0x00000000ab500000, 0x00000000ab600000|  0%| F|  |TAMS 0x00000000ab500000, 0x00000000ab500000| Untracked 
| 170|0x00000000ab600000, 0x00000000ab600000, 0x00000000ab700000|  0%| F|  |TAMS 0x00000000ab600000, 0x00000000ab600000| Untracked 
| 171|0x00000000ab700000, 0x00000000ab700000, 0x00000000ab800000|  0%| F|  |TAMS 0x00000000ab700000, 0x00000000ab700000| Untracked 
| 172|0x00000000ab800000, 0x00000000ab800000, 0x00000000ab900000|  0%| F|  |TAMS 0x00000000ab800000, 0x00000000ab800000| Untracked 
| 173|0x00000000ab900000, 0x00000000ab900000, 0x00000000aba00000|  0%| F|  |TAMS 0x00000000ab900000, 0x00000000ab900000| Untracked 
| 174|0x00000000aba00000, 0x00000000aba00000, 0x00000000abb00000|  0%| F|  |TAMS 0x00000000aba00000, 0x00000000aba00000| Untracked 
| 175|0x00000000abb00000, 0x00000000abb00000, 0x00000000abc00000|  0%| F|  |TAMS 0x00000000abb00000, 0x00000000abb00000| Untracked 
| 176|0x00000000abc00000, 0x00000000abc00000, 0x00000000abd00000|  0%| F|  |TAMS 0x00000000abc00000, 0x00000000abc00000| Untracked 
| 177|0x00000000abd00000, 0x00000000abd00000, 0x00000000abe00000|  0%| F|  |TAMS 0x00000000abd00000, 0x00000000abd00000| Untracked 
| 178|0x00000000abe00000, 0x00000000abe00000, 0x00000000abf00000|  0%| F|  |TAMS 0x00000000abe00000, 0x00000000abe00000| Untracked 
| 179|0x00000000abf00000, 0x00000000abf00000, 0x00000000ac000000|  0%| F|  |TAMS 0x00000000abf00000, 0x00000000abf00000| Untracked 
| 180|0x00000000ac000000, 0x00000000ac000000, 0x00000000ac100000|  0%| F|  |TAMS 0x00000000ac000000, 0x00000000ac000000| Untracked 
| 181|0x00000000ac100000, 0x00000000ac100000, 0x00000000ac200000|  0%| F|  |TAMS 0x00000000ac100000, 0x00000000ac100000| Untracked 
| 182|0x00000000ac200000, 0x00000000ac200000, 0x00000000ac300000|  0%| F|  |TAMS 0x00000000ac200000, 0x00000000ac200000| Untracked 
| 183|0x00000000ac300000, 0x00000000ac300000, 0x00000000ac400000|  0%| F|  |TAMS 0x00000000ac300000, 0x00000000ac300000| Untracked 
| 184|0x00000000ac400000, 0x00000000ac400000, 0x00000000ac500000|  0%| F|  |TAMS 0x00000000ac400000, 0x00000000ac400000| Untracked 
| 185|0x00000000ac500000, 0x00000000ac500000, 0x00000000ac600000|  0%| F|  |TAMS 0x00000000ac500000, 0x00000000ac500000| Untracked 
| 186|0x00000000ac600000, 0x00000000ac600000, 0x00000000ac700000|  0%| F|  |TAMS 0x00000000ac600000, 0x00000000ac600000| Untracked 
| 187|0x00000000ac700000, 0x00000000ac700000, 0x00000000ac800000|  0%| F|  |TAMS 0x00000000ac700000, 0x00000000ac700000| Untracked 
| 188|0x00000000ac800000, 0x00000000ac800000, 0x00000000ac900000|  0%| F|  |TAMS 0x00000000ac800000, 0x00000000ac800000| Untracked 
| 189|0x00000000ac900000, 0x00000000ac900000, 0x00000000aca00000|  0%| F|  |TAMS 0x00000000ac900000, 0x00000000ac900000| Untracked 
| 190|0x00000000aca00000, 0x00000000aca00000, 0x00000000acb00000|  0%| F|  |TAMS 0x00000000aca00000, 0x00000000aca00000| Untracked 
| 191|0x00000000acb00000, 0x00000000acb00000, 0x00000000acc00000|  0%| F|  |TAMS 0x00000000acb00000, 0x00000000acb00000| Untracked 
| 192|0x00000000acc00000, 0x00000000acc00000, 0x00000000acd00000|  0%| F|  |TAMS 0x00000000acc00000, 0x00000000acc00000| Untracked 
| 193|0x00000000acd00000, 0x00000000acd00000, 0x00000000ace00000|  0%| F|  |TAMS 0x00000000acd00000, 0x00000000acd00000| Untracked 
| 194|0x00000000ace00000, 0x00000000ace00000, 0x00000000acf00000|  0%| F|  |TAMS 0x00000000ace00000, 0x00000000ace00000| Untracked 
| 195|0x00000000acf00000, 0x00000000acf00000, 0x00000000ad000000|  0%| F|  |TAMS 0x00000000acf00000, 0x00000000acf00000| Untracked 
| 196|0x00000000ad000000, 0x00000000ad000000, 0x00000000ad100000|  0%| F|  |TAMS 0x00000000ad000000, 0x00000000ad000000| Untracked 
| 197|0x00000000ad100000, 0x00000000ad100000, 0x00000000ad200000|  0%| F|  |TAMS 0x00000000ad100000, 0x00000000ad100000| Untracked 
| 198|0x00000000ad200000, 0x00000000ad200000, 0x00000000ad300000|  0%| F|  |TAMS 0x00000000ad200000, 0x00000000ad200000| Untracked 
| 199|0x00000000ad300000, 0x00000000ad300000, 0x00000000ad400000|  0%| F|  |TAMS 0x00000000ad300000, 0x00000000ad300000| Untracked 
| 200|0x00000000ad400000, 0x00000000ad400000, 0x00000000ad500000|  0%| F|  |TAMS 0x00000000ad400000, 0x00000000ad400000| Untracked 
| 201|0x00000000ad500000, 0x00000000ad500000, 0x00000000ad600000|  0%| F|  |TAMS 0x00000000ad500000, 0x00000000ad500000| Untracked 

Card table byte_map: [0x0000027048790000,0x0000027048a90000] _byte_map_base: 0x000002704828a000

Marking Bits (Prev, Next): (CMBitMap*) 0x000002703df65a50, (CMBitMap*) 0x000002703df65a90
 Prev Bits: [0x0000027048d90000, 0x000002704a560000)
 Next Bits: [0x000002704a560000, 0x000002704bd30000)

Polling page: 0x000002703bd90000

Metaspace:

Usage:
  Non-class:     35.05 MB used.
      Class:      5.89 MB used.
       Both:     40.94 MB used.

Virtual space:
  Non-class space:       40.00 MB reserved,      35.31 MB ( 88%) committed,  5 nodes.
      Class space:        1.00 GB reserved,       6.12 MB ( <1%) committed,  1 nodes.
             Both:        1.04 GB reserved,      41.44 MB (  4%) committed. 

Chunk freelists:
   Non-Class:  400.00 KB
       Class:  1.92 MB
        Both:  2.31 MB

MaxMetaspaceSize: unlimited
CompressedClassSpaceSize: 1.00 GB
Initial GC threshold: 21.00 MB
Current GC threshold: 54.81 MB
CDS: on
MetaspaceReclaimPolicy: balanced
 - commit_granule_bytes: 65536.
 - commit_granule_words: 8192.
 - virtual_space_node_default_size: 1048576.
 - enlarge_chunks_in_place: 1.
 - new_chunks_are_fully_committed: 0.
 - uncommit_free_chunks: 1.
 - use_allocation_guard: 0.
 - handle_deallocations: 1.


Internal statistics:

num_allocs_failed_limit: 6.
num_arena_births: 728.
num_arena_deaths: 172.
num_vsnodes_births: 6.
num_vsnodes_deaths: 0.
num_space_committed: 662.
num_space_uncommitted: 0.
num_chunks_returned_to_freelist: 250.
num_chunks_taken_from_freelist: 2575.
num_chunk_merges: 116.
num_chunk_splits: 1598.
num_chunks_enlarged: 1004.
num_purges: 2.
num_inconsistent_stats: 0.

CodeCache: size=49152Kb used=12816Kb max_used=12816Kb free=36335Kb
 bounds [0x0000027045790000, 0x0000027046420000, 0x0000027048790000]
 total_blobs=6583 nmethods=5990 adapters=518
 compilation: enabled
              stopped_count=0, restarted_count=0
 full_count=0

Compilation events (20 events):
Event: 6.013 Thread 0x000002704ed3a820 5983       1       jdk.internal.reflect.ClassFileAssembler::getMaxLocals (6 bytes)
Event: 6.013 Thread 0x000002704ed3a820 nmethod 5983 0x0000027046411010 code [0x00000270464111a0, 0x0000027046411278]
Event: 6.014 Thread 0x000002704ed3a820 5984       1       java.util.ImmutableCollections$Set12::<init> (20 bytes)
Event: 6.014 Thread 0x000002704ed3a820 nmethod 5984 0x0000027046411310 code [0x00000270464114c0, 0x0000027046411708]
Event: 6.022 Thread 0x000002704ed3a820 5985       1       java.lang.ClassLoader::getParent (32 bytes)
Event: 6.022 Thread 0x000002704ed3a820 nmethod 5985 0x0000027046411810 code [0x00000270464119c0, 0x0000027046411c38]
Event: 6.032 Thread 0x000002704ed3a820 5986       1       java.lang.ClassLoader::getSystemClassLoader (96 bytes)
Event: 6.032 Thread 0x000002704ed3a820 nmethod 5986 0x0000027046411e10 code [0x0000027046411fe0, 0x0000027046412308]
Event: 6.055 Thread 0x000002704ed3a820 5987       1       java.util.ServiceLoader$3::checkReloadCount (23 bytes)
Event: 6.055 Thread 0x000002704ed3a820 nmethod 5987 0x0000027046412510 code [0x00000270464126c0, 0x0000027046412848]
Event: 6.063 Thread 0x000002704e29ebf0 5988       1       java.util.ImmutableCollections$AbstractImmutableList::iterator (13 bytes)
Event: 6.063 Thread 0x000002704ed43010 5989       1       java.util.ImmutableCollections$ListItr::<init> (25 bytes)
Event: 6.063 Thread 0x000002704ed43010 nmethod 5989 0x0000027046412990 code [0x0000027046412b20, 0x0000027046412c38]
Event: 6.063 Thread 0x000002704e29ebf0 nmethod 5988 0x0000027046412c90 code [0x0000027046412e40, 0x0000027046413008]
Event: 6.085 Thread 0x000002704ed43010 5990       1       java.util.Locale::getLanguage (8 bytes)
Event: 6.085 Thread 0x000002704ed43010 nmethod 5990 0x0000027046413110 code [0x00000270464132a0, 0x0000027046413378]
Event: 6.103 Thread 0x000002704ed3a820 5991       1       org.wildfly.common.lock.SpinLock::lock (74 bytes)
Event: 6.103 Thread 0x000002704e29ebf0 5992       1       org.wildfly.common.lock.SpinLock::unlock (43 bytes)
Event: 6.103 Thread 0x000002704e29ebf0 nmethod 5992 0x0000027046413410 code [0x00000270464135c0, 0x00000270464137c8]
Event: 6.103 Thread 0x000002704ed3a820 nmethod 5991 0x0000027046413890 code [0x0000027046413a40, 0x0000027046413c68]

GC Heap History (20 events):
Event: 0.705 GC heap after
{Heap after GC invocations=3 (full 0):
 garbage-first heap   total 98304K, used 24311K [0x00000000a0c00000, 0x0000000100000000)
  region size 1024K, 3 young (3072K), 3 survivors (3072K)
 Metaspace       used 3022K, committed 3200K, reserved 1056768K
  class space    used 347K, committed 448K, reserved 1048576K
}
Event: 0.745 GC heap before
{Heap before GC invocations=3 (full 0):
 garbage-first heap   total 98304K, used 34551K [0x00000000a0c00000, 0x0000000100000000)
  region size 1024K, 12 young (12288K), 3 survivors (3072K)
 Metaspace       used 3123K, committed 3328K, reserved 1056768K
  class space    used 362K, committed 448K, reserved 1048576K
}
Event: 0.757 GC heap after
{Heap after GC invocations=4 (full 0):
 garbage-first heap   total 98304K, used 30720K [0x00000000a0c00000, 0x0000000100000000)
  region size 1024K, 2 young (2048K), 2 survivors (2048K)
 Metaspace       used 3123K, committed 3328K, reserved 1056768K
  class space    used 362K, committed 448K, reserved 1048576K
}
Event: 0.902 GC heap before
{Heap before GC invocations=4 (full 0):
 garbage-first heap   total 98304K, used 50176K [0x00000000a0c00000, 0x0000000100000000)
  region size 1024K, 21 young (21504K), 2 survivors (2048K)
 Metaspace       used 3520K, committed 3712K, reserved 1056768K
  class space    used 421K, committed 512K, reserved 1048576K
}
Event: 0.915 GC heap after
{Heap after GC invocations=5 (full 0):
 garbage-first heap   total 206848K, used 38487K [0x00000000a0c00000, 0x0000000100000000)
  region size 1024K, 3 young (3072K), 3 survivors (3072K)
 Metaspace       used 3520K, committed 3712K, reserved 1056768K
  class space    used 421K, committed 512K, reserved 1048576K
}
Event: 1.784 GC heap before
{Heap before GC invocations=5 (full 0):
 garbage-first heap   total 206848K, used 75351K [0x00000000a0c00000, 0x0000000100000000)
  region size 1024K, 39 young (39936K), 3 survivors (3072K)
 Metaspace       used 8599K, committed 8896K, reserved 1064960K
  class space    used 1127K, committed 1280K, reserved 1048576K
}
Event: 1.791 GC heap after
{Heap after GC invocations=6 (full 0):
 garbage-first heap   total 206848K, used 41081K [0x00000000a0c00000, 0x0000000100000000)
  region size 1024K, 4 young (4096K), 4 survivors (4096K)
 Metaspace       used 8599K, committed 8896K, reserved 1064960K
  class space    used 1127K, committed 1280K, reserved 1048576K
}
Event: 3.034 GC heap before
{Heap before GC invocations=6 (full 0):
 garbage-first heap   total 206848K, used 146553K [0x00000000a0c00000, 0x0000000100000000)
  region size 1024K, 108 young (110592K), 4 survivors (4096K)
 Metaspace       used 21094K, committed 21504K, reserved 1073152K
  class space    used 2826K, committed 3072K, reserved 1048576K
}
Event: 3.049 GC heap after
{Heap after GC invocations=7 (full 0):
 garbage-first heap   total 206848K, used 49137K [0x00000000a0c00000, 0x0000000100000000)
  region size 1024K, 12 young (12288K), 12 survivors (12288K)
 Metaspace       used 21094K, committed 21504K, reserved 1073152K
  class space    used 2826K, committed 3072K, reserved 1048576K
}
Event: 4.301 GC heap before
{Heap before GC invocations=8 (full 0):
 garbage-first heap   total 178176K, used 142321K [0x00000000a0c00000, 0x0000000100000000)
  region size 1024K, 104 young (106496K), 12 survivors (12288K)
 Metaspace       used 29195K, committed 29696K, reserved 1081344K
  class space    used 4032K, committed 4288K, reserved 1048576K
}
Event: 4.328 GC heap after
{Heap after GC invocations=9 (full 0):
 garbage-first heap   total 178176K, used 56685K [0x00000000a0c00000, 0x0000000100000000)
  region size 1024K, 10 young (10240K), 10 survivors (10240K)
 Metaspace       used 29195K, committed 29696K, reserved 1081344K
  class space    used 4032K, committed 4288K, reserved 1048576K
}
Event: 4.337 GC heap before
{Heap before GC invocations=9 (full 0):
 garbage-first heap   total 178176K, used 56685K [0x00000000a0c00000, 0x0000000100000000)
  region size 1024K, 11 young (11264K), 10 survivors (10240K)
 Metaspace       used 29218K, committed 29760K, reserved 1081344K
  class space    used 4035K, committed 4288K, reserved 1048576K
}
Event: 4.348 GC heap after
{Heap after GC invocations=10 (full 0):
 garbage-first heap   total 178176K, used 53664K [0x00000000a0c00000, 0x0000000100000000)
  region size 1024K, 2 young (2048K), 2 survivors (2048K)
 Metaspace       used 29218K, committed 29760K, reserved 1081344K
  class space    used 4035K, committed 4288K, reserved 1048576K
}
Event: 4.747 GC heap before
{Heap before GC invocations=10 (full 0):
 garbage-first heap   total 178176K, used 130464K [0x00000000a0c00000, 0x0000000100000000)
  region size 1024K, 77 young (78848K), 2 survivors (2048K)
 Metaspace       used 33099K, committed 33664K, reserved 1081344K
  class space    used 4770K, committed 5056K, reserved 1048576K
}
Event: 4.752 GC heap after
{Heap after GC invocations=11 (full 0):
 garbage-first heap   total 178176K, used 54272K [0x00000000a0c00000, 0x0000000100000000)
  region size 1024K, 2 young (2048K), 2 survivors (2048K)
 Metaspace       used 33099K, committed 33664K, reserved 1081344K
  class space    used 4770K, committed 5056K, reserved 1048576K
}
Event: 5.416 GC heap before
{Heap before GC invocations=12 (full 0):
 garbage-first heap   total 178176K, used 136192K [0x00000000a0c00000, 0x0000000100000000)
  region size 1024K, 82 young (83968K), 2 survivors (2048K)
 Metaspace       used 35294K, committed 35712K, reserved 1081344K
  class space    used 5130K, committed 5312K, reserved 1048576K
}
Event: 5.425 GC heap after
{Heap after GC invocations=13 (full 0):
 garbage-first heap   total 178176K, used 59258K [0x00000000a0c00000, 0x0000000100000000)
  region size 1024K, 7 young (7168K), 7 survivors (7168K)
 Metaspace       used 35294K, committed 35712K, reserved 1081344K
  class space    used 5130K, committed 5312K, reserved 1048576K
}
Event: 5.429 GC heap before
{Heap before GC invocations=13 (full 0):
 garbage-first heap   total 178176K, used 60282K [0x00000000a0c00000, 0x0000000100000000)
  region size 1024K, 8 young (8192K), 7 survivors (7168K)
 Metaspace       used 35302K, committed 35712K, reserved 1081344K
  class space    used 5132K, committed 5312K, reserved 1048576K
}
Event: 5.437 GC heap after
{Heap after GC invocations=14 (full 0):
 garbage-first heap   total 178176K, used 58863K [0x00000000a0c00000, 0x0000000100000000)
  region size 1024K, 1 young (1024K), 1 survivors (1024K)
 Metaspace       used 35302K, committed 35712K, reserved 1081344K
  class space    used 5132K, committed 5312K, reserved 1048576K
}
Event: 6.169 GC heap before
{Heap before GC invocations=14 (full 0):
 garbage-first heap   total 178176K, used 137711K [0x00000000a0c00000, 0x0000000100000000)
  region size 1024K, 79 young (80896K), 1 survivors (1024K)
 Metaspace       used 41923K, committed 42432K, reserved 1089536K
  class space    used 6033K, committed 6272K, reserved 1048576K
}

Deoptimization events (20 events):
Event: 6.153 Thread 0x0000027051dff400 DEOPT PACKING pc=0x0000027045baf3ec sp=0x000000f8cf3fc0e0
Event: 6.153 Thread 0x0000027051dff400 DEOPT UNPACKING pc=0x00000270457e2b43 sp=0x000000f8cf3fb578 mode 1
Event: 6.153 Thread 0x0000027051dff400 DEOPT PACKING pc=0x0000027045bae2fc sp=0x000000f8cf3fc1b0
Event: 6.153 Thread 0x0000027051dff400 DEOPT UNPACKING pc=0x00000270457e2b43 sp=0x000000f8cf3fb658 mode 1
Event: 6.153 Thread 0x0000027051dff400 DEOPT PACKING pc=0x0000027045dd546c sp=0x000000f8cf3fc200
Event: 6.153 Thread 0x0000027051dff400 DEOPT UNPACKING pc=0x00000270457e2b43 sp=0x000000f8cf3fb820 mode 1
Event: 6.153 Thread 0x0000027051dff400 DEOPT PACKING pc=0x0000027045c13e34 sp=0x000000f8cf3fc450
Event: 6.153 Thread 0x0000027051dff400 DEOPT UNPACKING pc=0x00000270457e2b43 sp=0x000000f8cf3fb908 mode 1
Event: 6.153 Thread 0x0000027051dff400 DEOPT PACKING pc=0x0000027045c66254 sp=0x000000f8cf3fce40
Event: 6.153 Thread 0x0000027051dff400 DEOPT UNPACKING pc=0x00000270457e2b43 sp=0x000000f8cf3fc330 mode 1
Event: 6.154 Thread 0x0000027051dff400 DEOPT PACKING pc=0x0000027045baf3ec sp=0x000000f8cf3fc0e0
Event: 6.154 Thread 0x0000027051dff400 DEOPT UNPACKING pc=0x00000270457e2b43 sp=0x000000f8cf3fb578 mode 1
Event: 6.154 Thread 0x0000027051dff400 DEOPT PACKING pc=0x0000027045bae2fc sp=0x000000f8cf3fc1b0
Event: 6.154 Thread 0x0000027051dff400 DEOPT UNPACKING pc=0x00000270457e2b43 sp=0x000000f8cf3fb658 mode 1
Event: 6.154 Thread 0x0000027051dff400 DEOPT PACKING pc=0x0000027045dd546c sp=0x000000f8cf3fc200
Event: 6.154 Thread 0x0000027051dff400 DEOPT UNPACKING pc=0x00000270457e2b43 sp=0x000000f8cf3fb820 mode 1
Event: 6.154 Thread 0x0000027051dff400 DEOPT PACKING pc=0x0000027045c13e34 sp=0x000000f8cf3fc450
Event: 6.154 Thread 0x0000027051dff400 DEOPT UNPACKING pc=0x00000270457e2b43 sp=0x000000f8cf3fb908 mode 1
Event: 6.154 Thread 0x0000027051dff400 DEOPT PACKING pc=0x0000027045c66254 sp=0x000000f8cf3fce40
Event: 6.154 Thread 0x0000027051dff400 DEOPT UNPACKING pc=0x00000270457e2b43 sp=0x000000f8cf3fc330 mode 1

Classes unloaded (20 events):
Event: 4.818 Thread 0x000002703dffe630 Unloading class 0x0000000800e09c00 'java/lang/invoke/LambdaForm$MH+0x0000000800e09c00'
Event: 4.818 Thread 0x000002703dffe630 Unloading class 0x0000000800e09800 'java/lang/invoke/LambdaForm$MH+0x0000000800e09800'
Event: 4.818 Thread 0x000002703dffe630 Unloading class 0x0000000800e09400 'java/lang/invoke/LambdaForm$MH+0x0000000800e09400'
Event: 4.818 Thread 0x000002703dffe630 Unloading class 0x0000000800e09000 'java/lang/invoke/LambdaForm$MH+0x0000000800e09000'
Event: 4.818 Thread 0x000002703dffe630 Unloading class 0x0000000800e08c00 'java/lang/invoke/LambdaForm$MH+0x0000000800e08c00'
Event: 4.818 Thread 0x000002703dffe630 Unloading class 0x0000000800e08400 'java/lang/invoke/LambdaForm$MH+0x0000000800e08400'
Event: 4.818 Thread 0x000002703dffe630 Unloading class 0x0000000800e08000 'java/lang/invoke/LambdaForm$MH+0x0000000800e08000'
Event: 4.818 Thread 0x000002703dffe630 Unloading class 0x0000000800e03c00 'java/lang/invoke/LambdaForm$MH+0x0000000800e03c00'
Event: 4.818 Thread 0x000002703dffe630 Unloading class 0x0000000800e03800 'java/lang/invoke/LambdaForm$MH+0x0000000800e03800'
Event: 4.818 Thread 0x000002703dffe630 Unloading class 0x0000000800e03000 'java/lang/invoke/LambdaForm$MH+0x0000000800e03000'
Event: 4.818 Thread 0x000002703dffe630 Unloading class 0x0000000800e02c00 'java/lang/invoke/LambdaForm$MH+0x0000000800e02c00'
Event: 4.818 Thread 0x000002703dffe630 Unloading class 0x0000000800e02800 'java/lang/invoke/LambdaForm$MH+0x0000000800e02800'
Event: 4.818 Thread 0x000002703dffe630 Unloading class 0x0000000800e02400 'java/lang/invoke/LambdaForm$MH+0x0000000800e02400'
Event: 4.818 Thread 0x000002703dffe630 Unloading class 0x0000000800e02000 'java/lang/invoke/LambdaForm$MH+0x0000000800e02000'
Event: 4.818 Thread 0x000002703dffe630 Unloading class 0x0000000800e01c00 'java/lang/invoke/LambdaForm$MH+0x0000000800e01c00'
Event: 4.818 Thread 0x000002703dffe630 Unloading class 0x0000000800e01800 'java/lang/invoke/LambdaForm$MH+0x0000000800e01800'
Event: 4.818 Thread 0x000002703dffe630 Unloading class 0x0000000800e01400 'java/lang/invoke/LambdaForm$MH+0x0000000800e01400'
Event: 4.818 Thread 0x000002703dffe630 Unloading class 0x0000000800e00c00 'java/lang/invoke/LambdaForm$MH+0x0000000800e00c00'
Event: 4.818 Thread 0x000002703dffe630 Unloading class 0x0000000800e01000 'java/lang/invoke/LambdaForm$MH+0x0000000800e01000'
Event: 4.818 Thread 0x000002703dffe630 Unloading class 0x0000000800e00800 'java/lang/invoke/LambdaForm$MH+0x0000000800e00800'

Classes redefined (0 events):
No events

Internal exceptions (20 events):
Event: 5.083 Thread 0x0000027051807450 Exception <a 'java/lang/IncompatibleClassChangeError'{0x00000000a88de278}: Found class java.lang.Object, but interface was expected> (0x00000000a88de278) 
thrown [t:\workspace\open\src\hotspot\share\interpreter\linkResolver.cpp, line 833]
Event: 5.106 Thread 0x0000027051807450 Exception <a 'java/lang/NoSuchMethodError'{0x00000000a8633038}: 'java.lang.Object java.lang.invoke.DirectMethodHandle$Holder.invokeVirtual(java.lang.Object, java.lang.Object, java.lang.Object, java.lang.Object)'> (0x00000000a8633038) 
thrown [t:\workspace\open\src\hotspot\share\interpreter\linkResolver.cpp, line 766]
Event: 5.299 Thread 0x0000027050500e50 Exception <a 'java/lang/NoSuchMethodError'{0x00000000a80f0000}: 'java.lang.Object java.lang.invoke.DirectMethodHandle$Holder.newInvokeSpecial(java.lang.Object, java.lang.Object, java.lang.Object, java.lang.Object, java.lang.Object, java.lang.Object, java.lang.Object, java.lang.Object, java.lang.Object, java.lang.Object, java.lang.Object)'> (0x00000000a80f0000) 
thrown [t:\workspace\open\src\hotspot\share\interpreter\linkResolver.cpp, line 766]
Event: 5.299 Thread 0x0000027050500e50 Exception <a 'java/lang/NoSuchMethodError'{0x00000000a80f5190}: 'java.lang.Object java.lang.invoke.DirectMethodHandle$Holder.invokeSpecial(java.lang.Object, java.lang.Object, java.lang.Object, java.lang.Object, java.lang.Object, java.lang.Object, java.lang.Object, java.lang.Object, java.lang.Object, java.lang.Object, java.lang.Object, java.lang.Object)'> (0x00000000a80f5190) 
thrown [t:\workspace\open\src\hotspot\share\interpreter\linkResolver.cpp, line 766]
Event: 5.299 Thread 0x0000027050500e50 Exception <a 'java/lang/NoSuchMethodError'{0x00000000a80f9ae0}: 'java.lang.Object java.lang.invoke.Invokers$Holder.linkToTargetMethod(java.lang.Object, java.lang.Object, java.lang.Object, java.lang.Object, java.lang.Object, java.lang.Object, java.lang.Object, java.lang.Object, java.lang.Object, java.lang.Object, java.lang.Object)'> (0x00000000a80f9ae0) 
thrown [t:\workspace\open\src\hotspot\share\interpreter\linkResolver.cpp, line 766]
Event: 5.301 Thread 0x0000027050500e50 Exception <a 'java/lang/NoSuchMethodError'{0x00000000a7f82468}: 'java.lang.Object java.lang.invoke.DirectMethodHandle$Holder.newInvokeSpecial(java.lang.Object, java.lang.Object, java.lang.Object, java.lang.Object, java.lang.Object, java.lang.Object, java.lang.Object, java.lang.Object, java.lang.Object, java.lang.Object, java.lang.Object, java.lang.Object)'> (0x00000000a7f82468) 
thrown [t:\workspace\open\src\hotspot\share\interpreter\linkResolver.cpp, line 766]
Event: 5.301 Thread 0x0000027050500e50 Exception <a 'java/lang/NoSuchMethodError'{0x00000000a7f87440}: 'java.lang.Object java.lang.invoke.DirectMethodHandle$Holder.invokeSpecial(java.lang.Object, java.lang.Object, java.lang.Object, java.lang.Object, java.lang.Object, java.lang.Object, java.lang.Object, java.lang.Object, java.lang.Object, java.lang.Object, java.lang.Object, java.lang.Object, java.lang.Object)'> (0x00000000a7f87440) 
thrown [t:\workspace\open\src\hotspot\share\interpreter\linkResolver.cpp, line 766]
Event: 5.302 Thread 0x0000027050500e50 Exception <a 'java/lang/NoSuchMethodError'{0x00000000a7f8bf18}: 'java.lang.Object java.lang.invoke.Invokers$Holder.linkToTargetMethod(java.lang.Object, java.lang.Object, java.lang.Object, java.lang.Object, java.lang.Object, java.lang.Object, java.lang.Object, java.lang.Object, java.lang.Object, java.lang.Object, java.lang.Object, java.lang.Object)'> (0x00000000a7f8bf18) 
thrown [t:\workspace\open\src\hotspot\share\interpreter\linkResolver.cpp, line 766]
Event: 5.305 Thread 0x0000027050500e50 Exception <a 'java/lang/IncompatibleClassChangeError'{0x00000000a7ff3bb8}: Found class java.lang.Object, but interface was expected> (0x00000000a7ff3bb8) 
thrown [t:\workspace\open\src\hotspot\share\interpreter\linkResolver.cpp, line 833]
Event: 5.737 Thread 0x0000027051dff400 Exception <a 'sun/nio/fs/WindowsException'{0x00000000a865e2c8}> (0x00000000a865e2c8) 
thrown [t:\workspace\open\src\hotspot\share\prims\jni.cpp, line 516]
Event: 5.738 Thread 0x0000027051dff400 Exception <a 'java/lang/IncompatibleClassChangeError'{0x00000000a867d7d8}: Found class java.lang.Object, but interface was expected> (0x00000000a867d7d8) 
thrown [t:\workspace\open\src\hotspot\share\interpreter\linkResolver.cpp, line 833]
Event: 5.739 Thread 0x0000027051dff400 Exception <a 'sun/nio/fs/WindowsException'{0x00000000a8680788}> (0x00000000a8680788) 
thrown [t:\workspace\open\src\hotspot\share\prims\jni.cpp, line 516]
Event: 5.739 Thread 0x0000027051dff400 Exception <a 'sun/nio/fs/WindowsException'{0x00000000a8681010}> (0x00000000a8681010) 
thrown [t:\workspace\open\src\hotspot\share\prims\jni.cpp, line 516]
Event: 5.739 Thread 0x0000027051dff400 Exception <a 'sun/nio/fs/WindowsException'{0x00000000a86816a8}> (0x00000000a86816a8) 
thrown [t:\workspace\open\src\hotspot\share\prims\jni.cpp, line 516]
Event: 5.743 Thread 0x0000027051dff400 Exception <a 'sun/nio/fs/WindowsException'{0x00000000a86afdf8}> (0x00000000a86afdf8) 
thrown [t:\workspace\open\src\hotspot\share\prims\jni.cpp, line 516]
Event: 5.743 Thread 0x0000027051dff400 Exception <a 'sun/nio/fs/WindowsException'{0x00000000a86b0460}> (0x00000000a86b0460) 
thrown [t:\workspace\open\src\hotspot\share\prims\jni.cpp, line 516]
Event: 5.816 Thread 0x0000027051dff400 Exception <a 'java/lang/IncompatibleClassChangeError'{0x00000000a81e22b0}: Found class java.lang.Object, but interface was expected> (0x00000000a81e22b0) 
thrown [t:\workspace\open\src\hotspot\share\interpreter\linkResolver.cpp, line 833]
Event: 6.032 Thread 0x0000027051dff400 Exception <a 'java/lang/IncompatibleClassChangeError'{0x00000000a7472c90}: Found class java.lang.Object, but interface was expected> (0x00000000a7472c90) 
thrown [t:\workspace\open\src\hotspot\share\interpreter\linkResolver.cpp, line 833]
Event: 6.107 Thread 0x0000027051dff400 Exception <a 'sun/nio/fs/WindowsException'{0x00000000a6fb7378}> (0x00000000a6fb7378) 
thrown [t:\workspace\open\src\hotspot\share\prims\jni.cpp, line 516]
Event: 6.107 Thread 0x0000027051dff400 Exception <a 'sun/nio/fs/WindowsException'{0x00000000a6fb76d8}> (0x00000000a6fb76d8) 
thrown [t:\workspace\open\src\hotspot\share\prims\jni.cpp, line 516]

VM Operations (20 events):
Event: 5.140 Executing VM operation: ICBufferFull done
Event: 5.166 Executing VM operation: ICBufferFull
Event: 5.166 Executing VM operation: ICBufferFull done
Event: 5.185 Executing VM operation: ICBufferFull
Event: 5.185 Executing VM operation: ICBufferFull done
Event: 5.318 Executing VM operation: HandshakeAllThreads
Event: 5.318 Executing VM operation: HandshakeAllThreads done
Event: 5.320 Executing VM operation: HandshakeAllThreads
Event: 5.320 Executing VM operation: HandshakeAllThreads done
Event: 5.324 Executing VM operation: HandshakeAllThreads
Event: 5.324 Executing VM operation: HandshakeAllThreads done
Event: 5.393 Executing VM operation: ICBufferFull
Event: 5.393 Executing VM operation: ICBufferFull done
Event: 5.416 Executing VM operation: G1CollectForAllocation
Event: 5.425 Executing VM operation: G1CollectForAllocation done
Event: 5.429 Executing VM operation: G1CollectForAllocation
Event: 5.437 Executing VM operation: G1CollectForAllocation done
Event: 6.137 Executing VM operation: HandshakeAllThreads
Event: 6.137 Executing VM operation: HandshakeAllThreads done
Event: 6.169 Executing VM operation: G1CollectForAllocation

Events (20 events):
Event: 5.612 Thread 0x00000270504fffe0 Thread exited: 0x00000270504fffe0
Event: 5.612 Thread 0x000002705098c190 Thread exited: 0x000002705098c190
Event: 5.612 Thread 0x0000027051ccad60 Thread exited: 0x0000027051ccad60
Event: 5.612 Thread 0x0000027051802c20 Thread exited: 0x0000027051802c20
Event: 5.612 Thread 0x0000027051806ab0 Thread exited: 0x0000027051806ab0
Event: 5.612 Thread 0x0000027051e015b0 Thread exited: 0x0000027051e015b0
Event: 5.612 Thread 0x0000027051cce720 Thread exited: 0x0000027051cce720
Event: 5.612 Thread 0x0000027051ccd3e0 Thread exited: 0x0000027051ccd3e0
Event: 5.612 Thread 0x0000027051ccdd80 Thread exited: 0x0000027051ccdd80
Event: 5.612 Thread 0x0000027051dffda0 Thread exited: 0x0000027051dffda0
Event: 5.615 Thread 0x00000270505017f0 Thread exited: 0x00000270505017f0
Event: 5.622 loading class java/util/ResourceBundle$CacheKey
Event: 5.622 loading class java/util/ResourceBundle$CacheKey done
Event: 5.692 loading class sun/misc/SignalHandler
Event: 5.692 loading class sun/misc/SignalHandler done
Event: 5.694 loading class java/util/concurrent/ForkJoinTask$RunnableExecuteAction
Event: 5.695 loading class java/util/concurrent/ForkJoinTask$RunnableExecuteAction done
Event: 5.695 Thread 0x0000027051e015b0 Thread added: 0x0000027051e015b0
Event: 5.696 Thread 0x0000027051dfdbf0 Thread added: 0x0000027051dfdbf0
Event: 5.699 Thread 0x0000027051dff400 Thread added: 0x0000027051dff400


Dynamic libraries:
0x00007ff7fe9b0000 - 0x00007ff7fe9c0000 	C:\Program Files\Java\jdk-17.0.2\bin\java.EXE
0x00007ffc1f530000 - 0x00007ffc1f725000 	C:\Windows\SYSTEM32\ntdll.dll
0x00007ffc1e290000 - 0x00007ffc1e34e000 	C:\Windows\System32\KERNEL32.DLL
0x00007ffc1cfe0000 - 0x00007ffc1d2a8000 	C:\Windows\System32\KERNELBASE.dll
0x00007ffc1d400000 - 0x00007ffc1d500000 	C:\Windows\System32\ucrtbase.dll
0x00007ffc16880000 - 0x00007ffc1689a000 	C:\Program Files\Java\jdk-17.0.2\bin\VCRUNTIME140.dll
0x00007ffc179b0000 - 0x00007ffc179c8000 	C:\Program Files\Java\jdk-17.0.2\bin\jli.dll
0x00007ffc1f440000 - 0x00007ffc1f4ee000 	C:\Windows\System32\ADVAPI32.dll
0x00007ffc1d610000 - 0x00007ffc1d6ae000 	C:\Windows\System32\msvcrt.dll
0x00007ffc1e0d0000 - 0x00007ffc1e16c000 	C:\Windows\System32\sechost.dll
0x00007ffc1e350000 - 0x00007ffc1e475000 	C:\Windows\System32\RPCRT4.dll
0x00007ffc1e800000 - 0x00007ffc1e9a0000 	C:\Windows\System32\USER32.dll
0x00007ffc1d320000 - 0x00007ffc1d342000 	C:\Windows\System32\win32u.dll
0x00007ffc09a50000 - 0x00007ffc09cea000 	C:\Windows\WinSxS\amd64_microsoft.windows.common-controls_6595b64144ccf1df_6.0.19041.1110_none_60b5254171f9507e\COMCTL32.dll
0x00007ffc1e0a0000 - 0x00007ffc1e0cb000 	C:\Windows\System32\GDI32.dll
0x00007ffc1cc50000 - 0x00007ffc1cd5b000 	C:\Windows\System32\gdi32full.dll
0x00007ffc1cec0000 - 0x00007ffc1cf5d000 	C:\Windows\System32\msvcp_win.dll
0x00007ffc12d50000 - 0x00007ffc12d5a000 	C:\Windows\SYSTEM32\VERSION.dll
0x00007ffc1e7d0000 - 0x00007ffc1e800000 	C:\Windows\System32\IMM32.DLL
0x00007ffc179a0000 - 0x00007ffc179ac000 	C:\Program Files\Java\jdk-17.0.2\bin\vcruntime140_1.dll
0x00007ffc16190000 - 0x00007ffc1621d000 	C:\Program Files\Java\jdk-17.0.2\bin\msvcp140.dll
0x00007ffbedfa0000 - 0x00007ffbeeb61000 	C:\Program Files\Java\jdk-17.0.2\bin\server\jvm.dll
0x00007ffc1ea00000 - 0x00007ffc1ea08000 	C:\Windows\System32\PSAPI.DLL
0x00007ffbff590000 - 0x00007ffbff599000 	C:\Windows\SYSTEM32\WSOCK32.dll
0x00007ffc1e170000 - 0x00007ffc1e1db000 	C:\Windows\System32\WS2_32.dll
0x00007ffc12da0000 - 0x00007ffc12dc7000 	C:\Windows\SYSTEM32\WINMM.dll
0x00007ffc1ab20000 - 0x00007ffc1ab32000 	C:\Windows\SYSTEM32\kernel.appcore.dll
0x00007ffc167d0000 - 0x00007ffc167da000 	C:\Program Files\Java\jdk-17.0.2\bin\jimage.dll
0x00007ffc06790000 - 0x00007ffc06974000 	C:\Windows\SYSTEM32\DBGHELP.DLL
0x00007ffc06710000 - 0x00007ffc0673c000 	C:\Windows\SYSTEM32\dbgcore.DLL
0x00007ffc1d500000 - 0x00007ffc1d582000 	C:\Windows\System32\bcryptPrimitives.dll
0x00007ffc167c0000 - 0x00007ffc167ce000 	C:\Program Files\Java\jdk-17.0.2\bin\instrument.dll
0x00007ffc16160000 - 0x00007ffc16185000 	C:\Program Files\Java\jdk-17.0.2\bin\java.dll
0x00007ffc14050000 - 0x00007ffc1408b000 	C:\Program Files\Java\jdk-17.0.2\bin\jdwp.dll
0x00007ffc14090000 - 0x00007ffc14166000 	C:\Program Files\Java\jdk-17.0.2\bin\jsvml.dll
0x00007ffc1d6b0000 - 0x00007ffc1ddf4000 	C:\Windows\System32\SHELL32.dll
0x00007ffc1ad20000 - 0x00007ffc1b4b4000 	C:\Windows\SYSTEM32\windows.storage.dll
0x00007ffc1f0e0000 - 0x00007ffc1f434000 	C:\Windows\System32\combase.dll
0x00007ffc1c6b0000 - 0x00007ffc1c6dc000 	C:\Windows\SYSTEM32\Wldp.dll
0x00007ffc1e490000 - 0x00007ffc1e53d000 	C:\Windows\System32\SHCORE.dll
0x00007ffc1df30000 - 0x00007ffc1df85000 	C:\Windows\System32\shlwapi.dll
0x00007ffc1cb90000 - 0x00007ffc1cbaf000 	C:\Windows\SYSTEM32\profapi.dll
0x00007ffc167a0000 - 0x00007ffc167b8000 	C:\Program Files\Java\jdk-17.0.2\bin\zip.dll
0x00007ffc16140000 - 0x00007ffc16159000 	C:\Program Files\Java\jdk-17.0.2\bin\net.dll
0x00007ffc135d0000 - 0x00007ffc136d9000 	C:\Windows\SYSTEM32\WINHTTP.dll
0x00007ffc1c3c0000 - 0x00007ffc1c42a000 	C:\Windows\system32\mswsock.dll
0x00007ffc16120000 - 0x00007ffc16136000 	C:\Program Files\Java\jdk-17.0.2\bin\nio.dll
0x00007ffc160e0000 - 0x00007ffc160ec000 	C:\Program Files\Java\jdk-17.0.2\bin\dt_socket.dll
0x00007ffc1c070000 - 0x00007ffc1c0ab000 	C:\Windows\SYSTEM32\IPHLPAPI.DLL
0x00007ffc1c0c0000 - 0x00007ffc1c18a000 	C:\Windows\SYSTEM32\DNSAPI.dll
0x00007ffc1e540000 - 0x00007ffc1e548000 	C:\Windows\System32\NSI.dll
0x00007ffc0fb00000 - 0x00007ffc0fb0a000 	C:\Windows\System32\rasadhlp.dll
0x00007ffc0fd50000 - 0x00007ffc0fdcf000 	C:\Windows\System32\fwpuclnt.dll
0x00007ffc1cf60000 - 0x00007ffc1cf87000 	C:\Windows\System32\bcrypt.dll
0x00007ffc16750000 - 0x00007ffc16760000 	C:\Program Files\Java\jdk-17.0.2\bin\verify.dll
0x00007ffc15450000 - 0x00007ffc15459000 	C:\Program Files\Java\jdk-17.0.2\bin\management.dll
0x00007ffc14320000 - 0x00007ffc1432b000 	C:\Program Files\Java\jdk-17.0.2\bin\management_ext.dll
0x00007ffc1c580000 - 0x00007ffc1c598000 	C:\Windows\SYSTEM32\CRYPTSP.dll
0x00007ffc1bce0000 - 0x00007ffc1bd14000 	C:\Windows\system32\rsaenh.dll
0x00007ffc1cb50000 - 0x00007ffc1cb7e000 	C:\Windows\SYSTEM32\USERENV.dll
0x00007ffc1c5a0000 - 0x00007ffc1c5ac000 	C:\Windows\SYSTEM32\CRYPTBASE.dll
0x00007ffc14f60000 - 0x00007ffc14f77000 	C:\Windows\SYSTEM32\dhcpcsvc6.DLL
0x00007ffc14d80000 - 0x00007ffc14d9d000 	C:\Windows\SYSTEM32\dhcpcsvc.DLL
0x00007ffc14040000 - 0x00007ffc1404e000 	C:\Program Files\Java\jdk-17.0.2\bin\sunmscapi.dll
0x00007ffc1cd60000 - 0x00007ffc1ceb6000 	C:\Windows\System32\CRYPT32.dll
0x00007ffc1c720000 - 0x00007ffc1c747000 	C:\Windows\SYSTEM32\ncrypt.dll
0x00007ffc1c6e0000 - 0x00007ffc1c71b000 	C:\Windows\SYSTEM32\NTASN1.dll
0x00007ffc14030000 - 0x00007ffc14037000 	C:\Windows\system32\wshunix.dll
0x00007ffbf68b0000 - 0x00007ffbf68c7000 	C:\Windows\system32\napinsp.dll
0x00007ffbf6890000 - 0x00007ffbf68ab000 	C:\Windows\system32\pnrpnsp.dll
0x00007ffc17ac0000 - 0x00007ffc17ad5000 	C:\Windows\system32\wshbth.dll
0x00007ffc18650000 - 0x00007ffc1866d000 	C:\Windows\system32\NLAapi.dll
0x00007ffbf6680000 - 0x00007ffbf6692000 	C:\Windows\System32\winrnr.dll

dbghelp: loaded successfully - version: 4.0.5 - missing functions: none
symbol engine: initialized successfully - sym options: 0x614 - pdb path: .;C:\Program Files\Java\jdk-17.0.2\bin;C:\Windows\SYSTEM32;C:\Windows\WinSxS\amd64_microsoft.windows.common-controls_6595b64144ccf1df_6.0.19041.1110_none_60b5254171f9507e;C:\Program Files\Java\jdk-17.0.2\bin\server

VM Arguments:
jvm_args: -Dquarkus-internal.serialized-app-model.path=C:\Users\ANNA\IdeaProjects\geekocon-crud-service\target\quarkus\bootstrap\dev-app-model.dat -javaagent:C:\Users\ANNA\.m2\repository\io\quarkus\quarkus-class-change-agent\2.6.3.Final\quarkus-class-change-agent-2.6.3.Final.jar -XX:TieredStopAtLevel=1 -agentlib:jdwp=transport=dt_socket,address=localhost:5005,server=y,suspend=n -Djava.util.logging.manager=org.jboss.logmanager.LogManager 
java_command: C:\Users\ANNA\IdeaProjects\geekocon-crud-service\target\geekocon-crud-service-dev.jar
java_class_path (initial): C:\Users\ANNA\IdeaProjects\geekocon-crud-service\target\geekocon-crud-service-dev.jar
Launcher Type: SUN_STANDARD

[Global flags]
     intx CICompilerCount                          = 3                                         {product} {ergonomic}
     uint ConcGCThreads                            = 1                                         {product} {ergonomic}
     uint G1ConcRefinementThreads                  = 4                                         {product} {ergonomic}
   size_t G1HeapRegionSize                         = 1048576                                   {product} {ergonomic}
    uintx GCDrainStackTargetSize                   = 64                                        {product} {ergonomic}
   size_t InitialHeapSize                          = 100663296                                 {product} {ergonomic}
   size_t MarkStackSize                            = 4194304                                   {product} {ergonomic}
   size_t MaxHeapSize                              = 1598029824                                {product} {ergonomic}
   size_t MaxNewSize                               = 958398464                                 {product} {ergonomic}
   size_t MinHeapDeltaBytes                        = 1048576                                   {product} {ergonomic}
   size_t MinHeapSize                              = 8388608                                   {product} {ergonomic}
    uintx NonProfiledCodeHeapSize                  = 0                                      {pd product} {ergonomic}
     bool ProfileInterpreter                       = false                                  {pd product} {command line}
    uintx ProfiledCodeHeapSize                     = 0                                      {pd product} {ergonomic}
   size_t SoftMaxHeapSize                          = 1598029824                             {manageable} {ergonomic}
     intx TieredStopAtLevel                        = 1                                         {product} {command line}
     bool UseCompressedClassPointers               = true                           {product lp64_product} {ergonomic}
     bool UseCompressedOops                        = true                           {product lp64_product} {ergonomic}
     bool UseG1GC                                  = true                                      {product} {ergonomic}
     bool UseLargePagesIndividualAllocation        = false                                  {pd product} {ergonomic}

Logging:
Log output configuration:
 #0: stdout all=warning uptime,level,tags
 #1: stderr all=off uptime,level,tags

Environment Variables:
JAVA_HOME=C:\Program Files\Java\jdk-17.0.2
PATH=D:\VMware\bin\;C:\Program Files\Common Files\Oracle\Java\javapath;C:\Windows\system32;C:\Windows;C:\Windows\System32\Wbem;C:\Windows\System32\WindowsPowerShell\v1.0\;C:\Windows\System32\OpenSSH\;D:\nodejs\;C:\Program Files\apache-maven-3.8.4\bin\;C:\Program Files\Java\jdk-17.0.2\bin;C:\Program Files\Apache Software Foundation\apache-maven-3.8.4\bin;D:\Git\cmd;C:\Program Files\Docker\Docker\resources\bin;C:\ProgramData\DockerDesktop\version-bin;C:\Users\ANNA\.jbang\bin;C:\Users\ANNA\AppData\Local\Microsoft\WindowsApps;D:\IntelliJ IDEA Community Edition 2021.2.2\bin;D:\PyCharm Community Edition 2021.2\bin;C:\Program Files\Java\jdk-17.0.2\bin;D:\Microsoft VS Code\bin;C:\Users\ANNA\AppData\Roaming\npm;C:\Program Files\Apache Software Foundation\apache-maven-3.8.4\bin;;D:\IntelliJ IDEA Community Edition 2021.3.2\bin;
USERNAME=ANNA
OS=Windows_NT
PROCESSOR_IDENTIFIER=AMD64 Family 23 Model 24 Stepping 1, AuthenticAMD



---------------  S Y S T E M  ---------------

OS:
 Windows 10 , 64 bit Build 19041 (10.0.19041.1566)
OS uptime: 0 days 0:18 hours
Hyper-V role detected

CPU: total 4 (initial active 4) (4 cores per cpu, 2 threads per core) family 23 model 24 stepping 1 microcode 0x0, cx8, cmov, fxsr, ht, mmx, 3dnowpref, sse, sse2, sse3, ssse3, sse4a, sse4.1, sse4.2, popcnt, lzcnt, tsc, tscinvbit, avx, avx2, aes, clmul, bmi1, bmi2, adx, sha, fma, vzeroupper, clflush, clflushopt, hv

Memory: 4k page, system-wide physical 6094M (410M free)
TotalPageFile size 10094M (AvailPageFile size 316M)
current process WorkingSet (physical memory assigned to process): 294M, peak: 294M
current process commit charge ("private bytes"): 369M, peak: 689M

vm_info: Java HotSpot(TM) 64-Bit Server VM (17.0.2+8-LTS-86) for windows-amd64 JRE (17.0.2+8-LTS-86), built on Dec  7 2021 21:51:03 by "mach5one" with MS VC++ 16.8 / 16.9 (VS2019)

END.
