#
# There is insufficient memory for the Java Runtime Environment to continue.
# Native memory allocation (mmap) failed to map 346030080 bytes for G1 virtual space
# Possible reasons:
#   The system is out of physical RAM or swap space
#   The process is running with CompressedOops enabled, and the Java Heap may be blocking the growth of the native heap
# Possible solutions:
#   Reduce memory load on the system
#   Increase physical memory or swap space
#   Check if swap backing store is full
#   Decrease Java heap size (-Xmx/-Xms)
#   Decrease number of Java threads
#   Decrease Java thread stack sizes (-Xss)
#   Set larger code cache with -XX:ReservedCodeCacheSize=
#   JVM is running with Unscaled Compressed Oops mode in which the Java heap is
#     placed in the first 4GB address space. The Java Heap base address is the
#     maximum limit for the native heap growth. Please use -XX:HeapBaseMinAddress
#     to set the Java Heap base and to place the Java Heap above 4GB virtual address.
# This output file may be truncated or incomplete.
#
#  Out of Memory Error (os_windows.cpp:3532), pid=3736, tid=9012
#
# JRE version: Java(TM) SE Runtime Environment (17.0.2+8) (build 17.0.2+8-LTS-86)
# Java VM: Java HotSpot(TM) 64-Bit Server VM (17.0.2+8-LTS-86, mixed mode, sharing, tiered, compressed oops, compressed class ptrs, g1 gc, windows-amd64)
# No core dump will be written. Minidumps are not enabled by default on client versions of Windows
#

---------------  S U M M A R Y ------------

Command Line: -Dmaven.multiModuleProjectDirectory=C:\Users\ANNA\IdeaProjects\geekocon-crud-service -Dmaven.home=C:\Users\ANNA\.m2\wrapper\dists\apache-maven-3.8.4-bin\52ccbt68d252mdldqsfsn03jlf\apache-maven-3.8.4 -Dclassworlds.conf=C:\Users\ANNA\.m2\wrapper\dists\apache-maven-3.8.4-bin\52ccbt68d252mdldqsfsn03jlf\apache-maven-3.8.4\bin\m2.conf -Dmaven.ext.class.path=D:\IntelliJ IDEA Community Edition 2021.3.2\plugins\maven\lib\maven-event-listener.jar -javaagent:D:\IntelliJ IDEA Community Edition 2021.3.2\lib\idea_rt.jar=49363:D:\IntelliJ IDEA Community Edition 2021.3.2\bin -Dfile.encoding=UTF-8 org.codehaus.classworlds.Launcher -Didea.version=2021.3.2 quarkus:dev

Host: AMD Ryzen 3 3200U with Radeon Vega Mobile Gfx  , 4 cores, 5G,  Windows 10 , 64 bit Build 19041 (10.0.19041.1503)
Time: Thu Mar 10 20:14:35 2022 RTZ 4 (s 10 , 64 bit Build 19041 (10.0.19041.1503) elapsed time: 19.094212 seconds (0d 0h 0m 19s)

---------------  T H R E A D  ---------------

Current thread (0x000002151ef198b0):  VMThread "VM Thread" [stack: 0x00000039a2500000,0x00000039a2600000] [id=9012]

Stack: [0x00000039a2500000,0x00000039a2600000]
Native frames: (J=compiled Java code, j=interpreted, Vv=VM code, C=native code)
V  [jvm.dll+0x670baa]
V  [jvm.dll+0x7cfcb4]
V  [jvm.dll+0x7d145e]
V  [jvm.dll+0x7d1ac3]
V  [jvm.dll+0x242bc5]
V  [jvm.dll+0x66dac9]
V  [jvm.dll+0x662412]
V  [jvm.dll+0x300c0b]
V  [jvm.dll+0x3081a6]
V  [jvm.dll+0x357d0e]
V  [jvm.dll+0x357f3f]
V  [jvm.dll+0x2d7ec8]
V  [jvm.dll+0x2d6194]
V  [jvm.dll+0x2d579c]
V  [jvm.dll+0x3190eb]
V  [jvm.dll+0x7d5f9b]
V  [jvm.dll+0x7d6cd4]
V  [jvm.dll+0x7d71ec]
V  [jvm.dll+0x7d75c4]
V  [jvm.dll+0x7d7690]
V  [jvm.dll+0x77ff7a]
V  [jvm.dll+0x66fa35]
C  [ucrtbase.dll+0x21bb2]
C  [KERNEL32.DLL+0x17034]
C  [ntdll.dll+0x52651]

VM_Operation (0x00000039a1ffcf40): G1CollectForAllocation, mode: safepoint, requested by thread 0x000002151ee4d5f0


---------------  P R O C E S S  ---------------

Threads class SMR info:
_java_thread_list=0x000002153ddd8300, length=13, elements={
0x000002151ee4d5f0, 0x000002151ef21430, 0x000002151ef22950, 0x000002153d306fe0,
0x000002153d30a8c0, 0x000002153d30d960, 0x000002153d30b570, 0x000002153d30c9b0,
0x000002153d312ed0, 0x000002153d315f80, 0x000002151ef0b920, 0x000002153de1f740,
0x000002153de1fc10
}

Java Threads: ( => current thread )
  0x000002151ee4d5f0 JavaThread "main" [_thread_blocked, id=8972, stack(0x00000039a1f00000,0x00000039a2000000)]
  0x000002151ef21430 JavaThread "Reference Handler" daemon [_thread_blocked, id=10828, stack(0x00000039a2600000,0x00000039a2700000)]
  0x000002151ef22950 JavaThread "Finalizer" daemon [_thread_blocked, id=11876, stack(0x00000039a2700000,0x00000039a2800000)]
  0x000002153d306fe0 JavaThread "Signal Dispatcher" daemon [_thread_blocked, id=7868, stack(0x00000039a2800000,0x00000039a2900000)]
  0x000002153d30a8c0 JavaThread "Attach Listener" daemon [_thread_blocked, id=3884, stack(0x00000039a2900000,0x00000039a2a00000)]
  0x000002153d30d960 JavaThread "Service Thread" daemon [_thread_blocked, id=7956, stack(0x00000039a2a00000,0x00000039a2b00000)]
  0x000002153d30b570 JavaThread "Monitor Deflation Thread" daemon [_thread_blocked, id=8052, stack(0x00000039a2b00000,0x00000039a2c00000)]
  0x000002153d30c9b0 JavaThread "C2 CompilerThread0" daemon [_thread_blocked, id=2780, stack(0x00000039a2c00000,0x00000039a2d00000)]
  0x000002153d312ed0 JavaThread "C1 CompilerThread0" daemon [_thread_blocked, id=9900, stack(0x00000039a2d00000,0x00000039a2e00000)]
  0x000002153d315f80 JavaThread "Sweeper thread" daemon [_thread_blocked, id=2112, stack(0x00000039a2e00000,0x00000039a2f00000)]
  0x000002151ef0b920 JavaThread "Common-Cleaner" daemon [_thread_blocked, id=3556, stack(0x00000039a2f00000,0x00000039a3000000)]
  0x000002153de1f740 JavaThread "Monitor Ctrl-Break" daemon [_thread_in_native, id=11236, stack(0x00000039a3000000,0x00000039a3100000)]
  0x000002153de1fc10 JavaThread "Notification Thread" daemon [_thread_blocked, id=732, stack(0x00000039a3100000,0x00000039a3200000)]

Other Threads:
=>0x000002151ef198b0 VMThread "VM Thread" [stack: 0x00000039a2500000,0x00000039a2600000] [id=9012]
  0x000002153de22570 WatcherThread [stack: 0x00000039a3200000,0x00000039a3300000] [id=7280]
  0x000002151ee85160 GCTaskThread "GC Thread#0" [stack: 0x00000039a2000000,0x00000039a2100000] [id=10196]
  0x000002153e52abe0 GCTaskThread "GC Thread#1" [stack: 0x00000039a3300000,0x00000039a3400000] [id=3844]
  0x000002153e5734d0 GCTaskThread "GC Thread#2" [stack: 0x00000039a3400000,0x00000039a3500000] [id=2620]
  0x000002153e583030 GCTaskThread "GC Thread#3" [stack: 0x00000039a3500000,0x00000039a3600000] [id=9272]
  0x000002151ee935e0 ConcurrentGCThread "G1 Main Marker" [stack: 0x00000039a2100000,0x00000039a2200000] [id=6552]
  0x000002151ee93f00 ConcurrentGCThread "G1 Conc#0" [stack: 0x00000039a2200000,0x00000039a2300000] [id=8604]
  0x000002151eef7540 ConcurrentGCThread "G1 Refine#0" [stack: 0x00000039a2300000,0x00000039a2400000] [id=10296]
  0x000002153e54b8c0 ConcurrentGCThread "G1 Refine#1" [stack: 0x00000039a3600000,0x00000039a3700000] [id=10092]
  0x000002153e69c810 ConcurrentGCThread "G1 Refine#2" [stack: 0x00000039a3700000,0x00000039a3800000] [id=5940]
  0x000002151eef7e70 ConcurrentGCThread "G1 Service" [stack: 0x00000039a2400000,0x00000039a2500000] [id=4132]

Threads with active compile tasks:
C2 CompilerThread0    19153 7349       4       java.util.Collections$UnmodifiableMap$UnmodifiableEntrySet$1::next (5 bytes)

VM state: at safepoint (normal execution)

VM Mutex/Monitor currently owned by a thread:  ([mutex/lock_event])
[0x000002151ee49ad0] Threads_lock - owner thread: 0x000002151ef198b0
[0x000002151ee49800] Heap_lock - owner thread: 0x000002151ee4d5f0

Heap address: 0x00000000a0c00000, size: 1524 MB, Compressed Oops mode: 32-bit

CDS archive(s) mapped at: [0x0000000800000000-0x0000000800bc0000-0x0000000800bc0000), size 12320768, SharedBaseAddress: 0x0000000800000000, ArchiveRelocationMode: 0.
Compressed class space mapped at: 0x0000000800c00000-0x0000000840c00000, reserved size: 1073741824
Narrow klass base: 0x0000000800000000, Narrow klass shift: 0, Narrow klass range: 0x100000000

GC Precious Log:
 CPUs: 4 total, 4 available
 Memory: 6094M
 Large Page Support: Disabled
 NUMA Support: Disabled
 Compressed Oops: Enabled (32-bit)
 Heap Region Size: 1M
 Heap Min Capacity: 8M
 Heap Initial Capacity: 96M
 Heap Max Capacity: 1524M
 Pre-touch: Disabled
 Parallel Workers: 4
 Concurrent Workers: 1
 Concurrent Refinement Workers: 4
 Periodic GC: Disabled

Heap:
 garbage-first heap   total 227328K, used 133308K [0x00000000a0c00000, 0x0000000100000000)
  region size 1024K, 2 young (2048K), 2 survivors (2048K)
 Metaspace       used 31111K, committed 31488K, reserved 1081344K
  class space    used 3438K, committed 3584K, reserved 1048576K

Heap Regions: E=young(eden), S=young(survivor), O=old, HS=humongous(starts), HC=humongous(continues), CS=collection set, F=free, OA=open archive, CA=closed archive, TAMS=top-at-mark-start (previous, next)
|   0|0x00000000a0c00000, 0x00000000a0d00000, 0x00000000a0d00000|100%| O|  |TAMS 0x00000000a0d00000, 0x00000000a0d00000| Untracked 
|   1|0x00000000a0d00000, 0x00000000a0e00000, 0x00000000a0e00000|100%| O|  |TAMS 0x00000000a0e00000, 0x00000000a0e00000| Untracked 
|   2|0x00000000a0e00000, 0x00000000a0f00000, 0x00000000a0f00000|100%| O|  |TAMS 0x00000000a0f00000, 0x00000000a0f00000| Untracked 
|   3|0x00000000a0f00000, 0x00000000a1000000, 0x00000000a1000000|100%| O|  |TAMS 0x00000000a1000000, 0x00000000a1000000| Untracked 
|   4|0x00000000a1000000, 0x00000000a1100000, 0x00000000a1100000|100%| O|  |TAMS 0x00000000a1100000, 0x00000000a1100000| Untracked 
|   5|0x00000000a1100000, 0x00000000a1200000, 0x00000000a1200000|100%| O|  |TAMS 0x00000000a1200000, 0x00000000a1200000| Untracked 
|   6|0x00000000a1200000, 0x00000000a1300000, 0x00000000a1300000|100%| O|  |TAMS 0x00000000a1300000, 0x00000000a1300000| Untracked 
|   7|0x00000000a1300000, 0x00000000a1400000, 0x00000000a1400000|100%| O|  |TAMS 0x00000000a1400000, 0x00000000a1400000| Untracked 
|   8|0x00000000a1400000, 0x00000000a1500000, 0x00000000a1500000|100%| O|  |TAMS 0x00000000a1500000, 0x00000000a1500000| Untracked 
|   9|0x00000000a1500000, 0x00000000a1600000, 0x00000000a1600000|100%| O|  |TAMS 0x00000000a1600000, 0x00000000a1600000| Untracked 
|  10|0x00000000a1600000, 0x00000000a1700000, 0x00000000a1700000|100%| O|  |TAMS 0x00000000a1700000, 0x00000000a1700000| Untracked 
|  11|0x00000000a1700000, 0x00000000a1800000, 0x00000000a1800000|100%| O|  |TAMS 0x00000000a1800000, 0x00000000a1800000| Untracked 
|  12|0x00000000a1800000, 0x00000000a1900000, 0x00000000a1900000|100%| O|  |TAMS 0x00000000a1900000, 0x00000000a1900000| Untracked 
|  13|0x00000000a1900000, 0x00000000a1a00000, 0x00000000a1a00000|100%| O|  |TAMS 0x00000000a1a00000, 0x00000000a1a00000| Untracked 
|  14|0x00000000a1a00000, 0x00000000a1b00000, 0x00000000a1b00000|100%| O|  |TAMS 0x00000000a1b00000, 0x00000000a1b00000| Untracked 
|  15|0x00000000a1b00000, 0x00000000a1c00000, 0x00000000a1c00000|100%| O|  |TAMS 0x00000000a1c00000, 0x00000000a1c00000| Untracked 
|  16|0x00000000a1c00000, 0x00000000a1d00000, 0x00000000a1d00000|100%| O|  |TAMS 0x00000000a1d00000, 0x00000000a1d00000| Untracked 
|  17|0x00000000a1d00000, 0x00000000a1e00000, 0x00000000a1e00000|100%| O|  |TAMS 0x00000000a1e00000, 0x00000000a1e00000| Untracked 
|  18|0x00000000a1e00000, 0x00000000a1f00000, 0x00000000a1f00000|100%| O|  |TAMS 0x00000000a1f00000, 0x00000000a1f00000| Untracked 
|  19|0x00000000a1f00000, 0x00000000a2000000, 0x00000000a2000000|100%| O|  |TAMS 0x00000000a2000000, 0x00000000a2000000| Untracked 
|  20|0x00000000a2000000, 0x00000000a2100000, 0x00000000a2100000|100%| O|  |TAMS 0x00000000a2100000, 0x00000000a2100000| Untracked 
|  21|0x00000000a2100000, 0x00000000a2200000, 0x00000000a2200000|100%| O|  |TAMS 0x00000000a2200000, 0x00000000a2200000| Untracked 
|  22|0x00000000a2200000, 0x00000000a2300000, 0x00000000a2300000|100%| O|  |TAMS 0x00000000a2300000, 0x00000000a2300000| Untracked 
|  23|0x00000000a2300000, 0x00000000a2400000, 0x00000000a2400000|100%| O|  |TAMS 0x00000000a2400000, 0x00000000a2400000| Untracked 
|  24|0x00000000a2400000, 0x00000000a2500000, 0x00000000a2500000|100%| O|  |TAMS 0x00000000a2500000, 0x00000000a2500000| Untracked 
|  25|0x00000000a2500000, 0x00000000a2600000, 0x00000000a2600000|100%| O|  |TAMS 0x00000000a2600000, 0x00000000a2600000| Untracked 
|  26|0x00000000a2600000, 0x00000000a2700000, 0x00000000a2700000|100%| O|  |TAMS 0x00000000a2700000, 0x00000000a2700000| Untracked 
|  27|0x00000000a2700000, 0x00000000a2800000, 0x00000000a2800000|100%| O|  |TAMS 0x00000000a2800000, 0x00000000a2800000| Untracked 
|  28|0x00000000a2800000, 0x00000000a2900000, 0x00000000a2900000|100%| O|  |TAMS 0x00000000a2900000, 0x00000000a2900000| Untracked 
|  29|0x00000000a2900000, 0x00000000a2a00000, 0x00000000a2a00000|100%| O|  |TAMS 0x00000000a2a00000, 0x00000000a2a00000| Untracked 
|  30|0x00000000a2a00000, 0x00000000a2a00000, 0x00000000a2b00000|  0%| F|  |TAMS 0x00000000a2a00000, 0x00000000a2a00000| Untracked 
|  31|0x00000000a2b00000, 0x00000000a2c00000, 0x00000000a2c00000|100%| O|  |TAMS 0x00000000a2c00000, 0x00000000a2c00000| Untracked 
|  32|0x00000000a2c00000, 0x00000000a2d00000, 0x00000000a2d00000|100%| O|  |TAMS 0x00000000a2d00000, 0x00000000a2d00000| Untracked 
|  33|0x00000000a2d00000, 0x00000000a2e00000, 0x00000000a2e00000|100%| O|  |TAMS 0x00000000a2e00000, 0x00000000a2e00000| Untracked 
|  34|0x00000000a2e00000, 0x00000000a2f00000, 0x00000000a2f00000|100%| O|  |TAMS 0x00000000a2f00000, 0x00000000a2f00000| Untracked 
|  35|0x00000000a2f00000, 0x00000000a3000000, 0x00000000a3000000|100%| O|  |TAMS 0x00000000a3000000, 0x00000000a3000000| Untracked 
|  36|0x00000000a3000000, 0x00000000a3100000, 0x00000000a3100000|100%| O|  |TAMS 0x00000000a3100000, 0x00000000a3100000| Untracked 
|  37|0x00000000a3100000, 0x00000000a3200000, 0x00000000a3200000|100%| O|  |TAMS 0x00000000a3200000, 0x00000000a3200000| Untracked 
|  38|0x00000000a3200000, 0x00000000a3300000, 0x00000000a3300000|100%| O|  |TAMS 0x00000000a3300000, 0x00000000a3300000| Untracked 
|  39|0x00000000a3300000, 0x00000000a3400000, 0x00000000a3400000|100%| O|  |TAMS 0x00000000a3400000, 0x00000000a3400000| Untracked 
|  40|0x00000000a3400000, 0x00000000a3500000, 0x00000000a3500000|100%| O|  |TAMS 0x00000000a3500000, 0x00000000a3500000| Untracked 
|  41|0x00000000a3500000, 0x00000000a3600000, 0x00000000a3600000|100%| O|  |TAMS 0x00000000a3600000, 0x00000000a3600000| Untracked 
|  42|0x00000000a3600000, 0x00000000a3700000, 0x00000000a3700000|100%| O|  |TAMS 0x00000000a3700000, 0x00000000a3700000| Untracked 
|  43|0x00000000a3700000, 0x00000000a3800000, 0x00000000a3800000|100%| O|  |TAMS 0x00000000a3800000, 0x00000000a3800000| Untracked 
|  44|0x00000000a3800000, 0x00000000a3900000, 0x00000000a3900000|100%| O|  |TAMS 0x00000000a3900000, 0x00000000a3900000| Untracked 
|  45|0x00000000a3900000, 0x00000000a3a00000, 0x00000000a3a00000|100%| O|  |TAMS 0x00000000a3a00000, 0x00000000a3a00000| Untracked 
|  46|0x00000000a3a00000, 0x00000000a3b00000, 0x00000000a3b00000|100%| O|  |TAMS 0x00000000a3b00000, 0x00000000a3b00000| Untracked 
|  47|0x00000000a3b00000, 0x00000000a3c00000, 0x00000000a3c00000|100%| O|  |TAMS 0x00000000a3c00000, 0x00000000a3c00000| Untracked 
|  48|0x00000000a3c00000, 0x00000000a3d00000, 0x00000000a3d00000|100%| O|  |TAMS 0x00000000a3d00000, 0x00000000a3d00000| Untracked 
|  49|0x00000000a3d00000, 0x00000000a3e00000, 0x00000000a3e00000|100%| O|  |TAMS 0x00000000a3e00000, 0x00000000a3e00000| Untracked 
|  50|0x00000000a3e00000, 0x00000000a3f00000, 0x00000000a3f00000|100%| O|  |TAMS 0x00000000a3f00000, 0x00000000a3f00000| Untracked 
|  51|0x00000000a3f00000, 0x00000000a4000000, 0x00000000a4000000|100%| O|  |TAMS 0x00000000a4000000, 0x00000000a4000000| Untracked 
|  52|0x00000000a4000000, 0x00000000a4100000, 0x00000000a4100000|100%| O|  |TAMS 0x00000000a4100000, 0x00000000a4100000| Untracked 
|  53|0x00000000a4100000, 0x00000000a4200000, 0x00000000a4200000|100%| O|  |TAMS 0x00000000a4200000, 0x00000000a4200000| Untracked 
|  54|0x00000000a4200000, 0x00000000a4300000, 0x00000000a4300000|100%| O|  |TAMS 0x00000000a4300000, 0x00000000a4300000| Untracked 
|  55|0x00000000a4300000, 0x00000000a4400000, 0x00000000a4400000|100%| O|  |TAMS 0x00000000a4400000, 0x00000000a4400000| Untracked 
|  56|0x00000000a4400000, 0x00000000a4500000, 0x00000000a4500000|100%|HS|  |TAMS 0x00000000a4400000, 0x00000000a4500000| Complete 
|  57|0x00000000a4500000, 0x00000000a4600000, 0x00000000a4600000|100%| O|  |TAMS 0x00000000a4600000, 0x00000000a4600000| Untracked 
|  58|0x00000000a4600000, 0x00000000a4700000, 0x00000000a4700000|100%| O|  |TAMS 0x00000000a4700000, 0x00000000a4700000| Untracked 
|  59|0x00000000a4700000, 0x00000000a4700000, 0x00000000a4800000|  0%| F|  |TAMS 0x00000000a4700000, 0x00000000a4700000| Untracked 
|  60|0x00000000a4800000, 0x00000000a4900000, 0x00000000a4900000|100%| O|  |TAMS 0x00000000a4900000, 0x00000000a4900000| Untracked 
|  61|0x00000000a4900000, 0x00000000a4a00000, 0x00000000a4a00000|100%| O|  |TAMS 0x00000000a4a00000, 0x00000000a4a00000| Untracked 
|  62|0x00000000a4a00000, 0x00000000a4b00000, 0x00000000a4b00000|100%| O|  |TAMS 0x00000000a4b00000, 0x00000000a4b00000| Untracked 
|  63|0x00000000a4b00000, 0x00000000a4c00000, 0x00000000a4c00000|100%| O|  |TAMS 0x00000000a4c00000, 0x00000000a4c00000| Untracked 
|  64|0x00000000a4c00000, 0x00000000a4d00000, 0x00000000a4d00000|100%| O|  |TAMS 0x00000000a4d00000, 0x00000000a4d00000| Untracked 
|  65|0x00000000a4d00000, 0x00000000a4e00000, 0x00000000a4e00000|100%| O|  |TAMS 0x00000000a4e00000, 0x00000000a4e00000| Untracked 
|  66|0x00000000a4e00000, 0x00000000a4f00000, 0x00000000a4f00000|100%| O|  |TAMS 0x00000000a4f00000, 0x00000000a4f00000| Untracked 
|  67|0x00000000a4f00000, 0x00000000a5000000, 0x00000000a5000000|100%|HS|  |TAMS 0x00000000a5000000, 0x00000000a5000000| Complete 
|  68|0x00000000a5000000, 0x00000000a5100000, 0x00000000a5100000|100%|HS|  |TAMS 0x00000000a5100000, 0x00000000a5100000| Complete 
|  69|0x00000000a5100000, 0x00000000a5200000, 0x00000000a5200000|100%|HC|  |TAMS 0x00000000a5200000, 0x00000000a5200000| Complete 
|  70|0x00000000a5200000, 0x00000000a5300000, 0x00000000a5300000|100%| O|  |TAMS 0x00000000a5200000, 0x00000000a5300000| Untracked 
|  71|0x00000000a5300000, 0x00000000a5400000, 0x00000000a5400000|100%| O|  |TAMS 0x00000000a5300000, 0x00000000a5400000| Untracked 
|  72|0x00000000a5400000, 0x00000000a5500000, 0x00000000a5500000|100%|HS|  |TAMS 0x00000000a5500000, 0x00000000a5500000| Complete 
|  73|0x00000000a5500000, 0x00000000a5600000, 0x00000000a5600000|100%| O|  |TAMS 0x00000000a5600000, 0x00000000a5600000| Untracked 
|  74|0x00000000a5600000, 0x00000000a5700000, 0x00000000a5700000|100%| O|  |TAMS 0x00000000a5700000, 0x00000000a5700000| Untracked 
|  75|0x00000000a5700000, 0x00000000a5800000, 0x00000000a5800000|100%| O|  |TAMS 0x00000000a5800000, 0x00000000a5800000| Untracked 
|  76|0x00000000a5800000, 0x00000000a5900000, 0x00000000a5900000|100%| O|  |TAMS 0x00000000a5900000, 0x00000000a5900000| Untracked 
|  77|0x00000000a5900000, 0x00000000a5a00000, 0x00000000a5a00000|100%| O|  |TAMS 0x00000000a5a00000, 0x00000000a5a00000| Untracked 
|  78|0x00000000a5a00000, 0x00000000a5b00000, 0x00000000a5b00000|100%| O|  |TAMS 0x00000000a5b00000, 0x00000000a5b00000| Untracked 
|  79|0x00000000a5b00000, 0x00000000a5c00000, 0x00000000a5c00000|100%| O|  |TAMS 0x00000000a5c00000, 0x00000000a5c00000| Untracked 
|  80|0x00000000a5c00000, 0x00000000a5d00000, 0x00000000a5d00000|100%| O|  |TAMS 0x00000000a5d00000, 0x00000000a5d00000| Untracked 
|  81|0x00000000a5d00000, 0x00000000a5e00000, 0x00000000a5e00000|100%| O|  |TAMS 0x00000000a5e00000, 0x00000000a5e00000| Untracked 
|  82|0x00000000a5e00000, 0x00000000a5f00000, 0x00000000a5f00000|100%| O|  |TAMS 0x00000000a5f00000, 0x00000000a5f00000| Untracked 
|  83|0x00000000a5f00000, 0x00000000a6000000, 0x00000000a6000000|100%| O|  |TAMS 0x00000000a6000000, 0x00000000a6000000| Untracked 
|  84|0x00000000a6000000, 0x00000000a6100000, 0x00000000a6100000|100%| O|  |TAMS 0x00000000a6100000, 0x00000000a6100000| Untracked 
|  85|0x00000000a6100000, 0x00000000a6200000, 0x00000000a6200000|100%| O|  |TAMS 0x00000000a6200000, 0x00000000a6200000| Untracked 
|  86|0x00000000a6200000, 0x00000000a6300000, 0x00000000a6300000|100%| O|  |TAMS 0x00000000a6300000, 0x00000000a6300000| Untracked 
|  87|0x00000000a6300000, 0x00000000a6400000, 0x00000000a6400000|100%| O|  |TAMS 0x00000000a6400000, 0x00000000a6400000| Untracked 
|  88|0x00000000a6400000, 0x00000000a6500000, 0x00000000a6500000|100%| O|  |TAMS 0x00000000a6500000, 0x00000000a6500000| Untracked 
|  89|0x00000000a6500000, 0x00000000a6600000, 0x00000000a6600000|100%| O|  |TAMS 0x00000000a6600000, 0x00000000a6600000| Untracked 
|  90|0x00000000a6600000, 0x00000000a6700000, 0x00000000a6700000|100%| O|  |TAMS 0x00000000a6700000, 0x00000000a6700000| Untracked 
|  91|0x00000000a6700000, 0x00000000a6800000, 0x00000000a6800000|100%| O|  |TAMS 0x00000000a6800000, 0x00000000a6800000| Untracked 
|  92|0x00000000a6800000, 0x00000000a6900000, 0x00000000a6900000|100%| O|  |TAMS 0x00000000a6900000, 0x00000000a6900000| Untracked 
|  93|0x00000000a6900000, 0x00000000a6a00000, 0x00000000a6a00000|100%| O|  |TAMS 0x00000000a69c1e00, 0x00000000a6a00000| Untracked 
|  94|0x00000000a6a00000, 0x00000000a6a00000, 0x00000000a6b00000|  0%| F|  |TAMS 0x00000000a6a00000, 0x00000000a6a00000| Untracked 
|  95|0x00000000a6b00000, 0x00000000a6b00000, 0x00000000a6c00000|  0%| F|  |TAMS 0x00000000a6b00000, 0x00000000a6b00000| Untracked 
|  96|0x00000000a6c00000, 0x00000000a6d00000, 0x00000000a6d00000|100%| O|  |TAMS 0x00000000a6c00000, 0x00000000a6d00000| Untracked 
|  97|0x00000000a6d00000, 0x00000000a6e00000, 0x00000000a6e00000|100%| O|  |TAMS 0x00000000a6d00000, 0x00000000a6e00000| Untracked 
|  98|0x00000000a6e00000, 0x00000000a6f00000, 0x00000000a6f00000|100%|HS|  |TAMS 0x00000000a6f00000, 0x00000000a6f00000| Complete 
|  99|0x00000000a6f00000, 0x00000000a7000000, 0x00000000a7000000|100%|HC|  |TAMS 0x00000000a7000000, 0x00000000a7000000| Complete 
| 100|0x00000000a7000000, 0x00000000a7100000, 0x00000000a7100000|100%| O|  |TAMS 0x00000000a7000000, 0x00000000a7100000| Untracked 
| 101|0x00000000a7100000, 0x00000000a7200000, 0x00000000a7200000|100%| O|  |TAMS 0x00000000a7100000, 0x00000000a7200000| Untracked 
| 102|0x00000000a7200000, 0x00000000a7300000, 0x00000000a7300000|100%| O|  |TAMS 0x00000000a7200000, 0x00000000a7300000| Untracked 
| 103|0x00000000a7300000, 0x00000000a7400000, 0x00000000a7400000|100%| O|  |TAMS 0x00000000a7300000, 0x00000000a7400000| Untracked 
| 104|0x00000000a7400000, 0x00000000a7500000, 0x00000000a7500000|100%| O|  |TAMS 0x00000000a7400000, 0x00000000a7500000| Untracked 
| 105|0x00000000a7500000, 0x00000000a7600000, 0x00000000a7600000|100%| O|  |TAMS 0x00000000a7500000, 0x00000000a7600000| Untracked 
| 106|0x00000000a7600000, 0x00000000a7700000, 0x00000000a7700000|100%| O|  |TAMS 0x00000000a7600000, 0x00000000a7700000| Untracked 
| 107|0x00000000a7700000, 0x00000000a7800000, 0x00000000a7800000|100%| O|  |TAMS 0x00000000a7700000, 0x00000000a7800000| Untracked 
| 108|0x00000000a7800000, 0x00000000a7900000, 0x00000000a7900000|100%| O|  |TAMS 0x00000000a7800000, 0x00000000a7900000| Untracked 
| 109|0x00000000a7900000, 0x00000000a7a00000, 0x00000000a7a00000|100%| O|  |TAMS 0x00000000a7900000, 0x00000000a7a00000| Untracked 
| 110|0x00000000a7a00000, 0x00000000a7b00000, 0x00000000a7b00000|100%| O|  |TAMS 0x00000000a7a00000, 0x00000000a7b00000| Untracked 
| 111|0x00000000a7b00000, 0x00000000a7c00000, 0x00000000a7c00000|100%| O|  |TAMS 0x00000000a7b00000, 0x00000000a7c00000| Untracked 
| 112|0x00000000a7c00000, 0x00000000a7d00000, 0x00000000a7d00000|100%| O|  |TAMS 0x00000000a7c00000, 0x00000000a7d00000| Untracked 
| 113|0x00000000a7d00000, 0x00000000a7e00000, 0x00000000a7e00000|100%|HS|  |TAMS 0x00000000a7d00000, 0x00000000a7e00000| Complete 
| 114|0x00000000a7e00000, 0x00000000a7f00000, 0x00000000a7f00000|100%|HC|  |TAMS 0x00000000a7e00000, 0x00000000a7f00000| Complete 
| 115|0x00000000a7f00000, 0x00000000a8000000, 0x00000000a8000000|100%| O|  |TAMS 0x00000000a7f00000, 0x00000000a8000000| Untracked 
| 116|0x00000000a8000000, 0x00000000a8100000, 0x00000000a8100000|100%| O|  |TAMS 0x00000000a8000000, 0x00000000a8100000| Untracked 
| 117|0x00000000a8100000, 0x00000000a8200000, 0x00000000a8200000|100%| O|  |TAMS 0x00000000a8100000, 0x00000000a8200000| Untracked 
| 118|0x00000000a8200000, 0x00000000a8300000, 0x00000000a8300000|100%| O|  |TAMS 0x00000000a8200000, 0x00000000a8300000| Untracked 
| 119|0x00000000a8300000, 0x00000000a8400000, 0x00000000a8400000|100%| O|  |TAMS 0x00000000a8300000, 0x00000000a8400000| Untracked 
| 120|0x00000000a8400000, 0x00000000a8500000, 0x00000000a8500000|100%| O|  |TAMS 0x00000000a8400000, 0x00000000a8500000| Untracked 
| 121|0x00000000a8500000, 0x00000000a8600000, 0x00000000a8600000|100%| O|  |TAMS 0x00000000a8500000, 0x00000000a8600000| Untracked 
| 122|0x00000000a8600000, 0x00000000a8700000, 0x00000000a8700000|100%| O|  |TAMS 0x00000000a8600000, 0x00000000a8700000| Untracked 
| 123|0x00000000a8700000, 0x00000000a8800000, 0x00000000a8800000|100%| O|  |TAMS 0x00000000a8700000, 0x00000000a8800000| Untracked 
| 124|0x00000000a8800000, 0x00000000a8900000, 0x00000000a8900000|100%| O|  |TAMS 0x00000000a8800000, 0x00000000a8900000| Untracked 
| 125|0x00000000a8900000, 0x00000000a8a00000, 0x00000000a8a00000|100%| O|  |TAMS 0x00000000a8900000, 0x00000000a8a00000| Untracked 
| 126|0x00000000a8a00000, 0x00000000a8b00000, 0x00000000a8b00000|100%| O|  |TAMS 0x00000000a8a00000, 0x00000000a8b00000| Untracked 
| 127|0x00000000a8b00000, 0x00000000a8c00000, 0x00000000a8c00000|100%| O|  |TAMS 0x00000000a8b00000, 0x00000000a8c00000| Untracked 
| 128|0x00000000a8c00000, 0x00000000a8d00000, 0x00000000a8d00000|100%| O|  |TAMS 0x00000000a8c00000, 0x00000000a8d00000| Untracked 
| 129|0x00000000a8d00000, 0x00000000a8e00000, 0x00000000a8e00000|100%| O|  |TAMS 0x00000000a8d00000, 0x00000000a8e00000| Untracked 
| 130|0x00000000a8e00000, 0x00000000a8f00000, 0x00000000a8f00000|100%| O|  |TAMS 0x00000000a8e00000, 0x00000000a8f00000| Untracked 
| 131|0x00000000a8f00000, 0x00000000a9000000, 0x00000000a9000000|100%| O|  |TAMS 0x00000000a8f00000, 0x00000000a9000000| Untracked 
| 132|0x00000000a9000000, 0x00000000a9080000, 0x00000000a9100000| 50%| O|  |TAMS 0x00000000a9000000, 0x00000000a9080000| Untracked 
| 133|0x00000000a9100000, 0x00000000a9100000, 0x00000000a9200000|  0%| F|  |TAMS 0x00000000a9100000, 0x00000000a9100000| Untracked 
| 134|0x00000000a9200000, 0x00000000a9200000, 0x00000000a9300000|  0%| F|  |TAMS 0x00000000a9200000, 0x00000000a9200000| Untracked 
| 135|0x00000000a9300000, 0x00000000a9300000, 0x00000000a9400000|  0%| F|  |TAMS 0x00000000a9300000, 0x00000000a9300000| Untracked 
| 136|0x00000000a9400000, 0x00000000a9400000, 0x00000000a9500000|  0%| F|  |TAMS 0x00000000a9400000, 0x00000000a9400000| Untracked 
| 137|0x00000000a9500000, 0x00000000a9500000, 0x00000000a9600000|  0%| F|  |TAMS 0x00000000a9500000, 0x00000000a9500000| Untracked 
| 138|0x00000000a9600000, 0x00000000a9600000, 0x00000000a9700000|  0%| F|  |TAMS 0x00000000a9600000, 0x00000000a9600000| Untracked 
| 139|0x00000000a9700000, 0x00000000a9700000, 0x00000000a9800000|  0%| F|  |TAMS 0x00000000a9700000, 0x00000000a9700000| Untracked 
| 140|0x00000000a9800000, 0x00000000a9800000, 0x00000000a9900000|  0%| F|  |TAMS 0x00000000a9800000, 0x00000000a9800000| Untracked 
| 141|0x00000000a9900000, 0x00000000a9900000, 0x00000000a9a00000|  0%| F|  |TAMS 0x00000000a9900000, 0x00000000a9900000| Untracked 
| 142|0x00000000a9a00000, 0x00000000a9a00000, 0x00000000a9b00000|  0%| F|  |TAMS 0x00000000a9a00000, 0x00000000a9a00000| Untracked 
| 143|0x00000000a9b00000, 0x00000000a9b00000, 0x00000000a9c00000|  0%| F|  |TAMS 0x00000000a9b00000, 0x00000000a9b00000| Untracked 
| 144|0x00000000a9c00000, 0x00000000a9c00000, 0x00000000a9d00000|  0%| F|  |TAMS 0x00000000a9c00000, 0x00000000a9c00000| Untracked 
| 145|0x00000000a9d00000, 0x00000000a9d00000, 0x00000000a9e00000|  0%| F|  |TAMS 0x00000000a9d00000, 0x00000000a9d00000| Untracked 
| 146|0x00000000a9e00000, 0x00000000a9e00000, 0x00000000a9f00000|  0%| F|  |TAMS 0x00000000a9e00000, 0x00000000a9e00000| Untracked 
| 147|0x00000000a9f00000, 0x00000000a9f00000, 0x00000000aa000000|  0%| F|  |TAMS 0x00000000a9f00000, 0x00000000a9f00000| Untracked 
| 148|0x00000000aa000000, 0x00000000aa000000, 0x00000000aa100000|  0%| F|  |TAMS 0x00000000aa000000, 0x00000000aa000000| Untracked 
| 149|0x00000000aa100000, 0x00000000aa100000, 0x00000000aa200000|  0%| F|  |TAMS 0x00000000aa100000, 0x00000000aa100000| Untracked 
| 150|0x00000000aa200000, 0x00000000aa200000, 0x00000000aa300000|  0%| F|  |TAMS 0x00000000aa200000, 0x00000000aa200000| Untracked 
| 151|0x00000000aa300000, 0x00000000aa300000, 0x00000000aa400000|  0%| F|  |TAMS 0x00000000aa300000, 0x00000000aa300000| Untracked 
| 152|0x00000000aa400000, 0x00000000aa400000, 0x00000000aa500000|  0%| F|  |TAMS 0x00000000aa400000, 0x00000000aa400000| Untracked 
| 153|0x00000000aa500000, 0x00000000aa500000, 0x00000000aa600000|  0%| F|  |TAMS 0x00000000aa500000, 0x00000000aa500000| Untracked 
| 154|0x00000000aa600000, 0x00000000aa600000, 0x00000000aa700000|  0%| F|  |TAMS 0x00000000aa600000, 0x00000000aa600000| Untracked 
| 155|0x00000000aa700000, 0x00000000aa700000, 0x00000000aa800000|  0%| F|  |TAMS 0x00000000aa700000, 0x00000000aa700000| Untracked 
| 156|0x00000000aa800000, 0x00000000aa800000, 0x00000000aa900000|  0%| F|  |TAMS 0x00000000aa800000, 0x00000000aa800000| Untracked 
| 157|0x00000000aa900000, 0x00000000aa900000, 0x00000000aaa00000|  0%| F|  |TAMS 0x00000000aa900000, 0x00000000aa900000| Untracked 
| 158|0x00000000aaa00000, 0x00000000aaa00000, 0x00000000aab00000|  0%| F|  |TAMS 0x00000000aaa00000, 0x00000000aaa00000| Untracked 
| 159|0x00000000aab00000, 0x00000000aab00000, 0x00000000aac00000|  0%| F|  |TAMS 0x00000000aab00000, 0x00000000aab00000| Untracked 
| 160|0x00000000aac00000, 0x00000000aac00000, 0x00000000aad00000|  0%| F|  |TAMS 0x00000000aac00000, 0x00000000aac00000| Untracked 
| 161|0x00000000aad00000, 0x00000000aad00000, 0x00000000aae00000|  0%| F|  |TAMS 0x00000000aad00000, 0x00000000aad00000| Untracked 
| 162|0x00000000aae00000, 0x00000000aae00000, 0x00000000aaf00000|  0%| F|  |TAMS 0x00000000aae00000, 0x00000000aae00000| Untracked 
| 163|0x00000000aaf00000, 0x00000000aaf00000, 0x00000000ab000000|  0%| F|  |TAMS 0x00000000aaf00000, 0x00000000aaf00000| Untracked 
| 164|0x00000000ab000000, 0x00000000ab000000, 0x00000000ab100000|  0%| F|  |TAMS 0x00000000ab000000, 0x00000000ab000000| Untracked 
| 165|0x00000000ab100000, 0x00000000ab100000, 0x00000000ab200000|  0%| F|  |TAMS 0x00000000ab100000, 0x00000000ab100000| Untracked 
| 166|0x00000000ab200000, 0x00000000ab200000, 0x00000000ab300000|  0%| F|  |TAMS 0x00000000ab200000, 0x00000000ab200000| Untracked 
| 167|0x00000000ab300000, 0x00000000ab300000, 0x00000000ab400000|  0%| F|  |TAMS 0x00000000ab300000, 0x00000000ab300000| Untracked 
| 168|0x00000000ab400000, 0x00000000ab400000, 0x00000000ab500000|  0%| F|  |TAMS 0x00000000ab400000, 0x00000000ab400000| Untracked 
| 169|0x00000000ab500000, 0x00000000ab500000, 0x00000000ab600000|  0%| F|  |TAMS 0x00000000ab500000, 0x00000000ab500000| Untracked 
| 170|0x00000000ab600000, 0x00000000ab600000, 0x00000000ab700000|  0%| F|  |TAMS 0x00000000ab600000, 0x00000000ab600000| Untracked 
| 171|0x00000000ab700000, 0x00000000ab700000, 0x00000000ab800000|  0%| F|  |TAMS 0x00000000ab700000, 0x00000000ab700000| Untracked 
| 172|0x00000000ab800000, 0x00000000ab800000, 0x00000000ab900000|  0%| F|  |TAMS 0x00000000ab800000, 0x00000000ab800000| Untracked 
| 173|0x00000000ab900000, 0x00000000ab900000, 0x00000000aba00000|  0%| F|  |TAMS 0x00000000ab900000, 0x00000000ab900000| Untracked 
| 174|0x00000000aba00000, 0x00000000aba00000, 0x00000000abb00000|  0%| F|  |TAMS 0x00000000aba00000, 0x00000000aba00000| Untracked 
| 175|0x00000000abb00000, 0x00000000abb00000, 0x00000000abc00000|  0%| F|  |TAMS 0x00000000abb00000, 0x00000000abb00000| Untracked 
| 176|0x00000000abc00000, 0x00000000abc00000, 0x00000000abd00000|  0%| F|  |TAMS 0x00000000abc00000, 0x00000000abc00000| Untracked 
| 177|0x00000000abd00000, 0x00000000abd00000, 0x00000000abe00000|  0%| F|  |TAMS 0x00000000abd00000, 0x00000000abd00000| Untracked 
| 178|0x00000000abe00000, 0x00000000abeaf240, 0x00000000abf00000| 68%| S|CS|TAMS 0x00000000abe00000, 0x00000000abe00000| Complete 
| 179|0x00000000abf00000, 0x00000000ac000000, 0x00000000ac000000|100%| S|CS|TAMS 0x00000000abf00000, 0x00000000abf00000| Complete 
| 180|0x00000000ac000000, 0x00000000ac000000, 0x00000000ac100000|  0%| F|  |TAMS 0x00000000ac000000, 0x00000000ac000000| Untracked 
| 181|0x00000000ac100000, 0x00000000ac100000, 0x00000000ac200000|  0%| F|  |TAMS 0x00000000ac100000, 0x00000000ac100000| Untracked 
| 182|0x00000000ac200000, 0x00000000ac200000, 0x00000000ac300000|  0%| F|  |TAMS 0x00000000ac200000, 0x00000000ac200000| Untracked 
| 183|0x00000000ac300000, 0x00000000ac300000, 0x00000000ac400000|  0%| F|  |TAMS 0x00000000ac300000, 0x00000000ac300000| Untracked 
| 184|0x00000000ac400000, 0x00000000ac400000, 0x00000000ac500000|  0%| F|  |TAMS 0x00000000ac400000, 0x00000000ac400000| Untracked 
| 185|0x00000000ac500000, 0x00000000ac500000, 0x00000000ac600000|  0%| F|  |TAMS 0x00000000ac500000, 0x00000000ac500000| Untracked 
| 186|0x00000000ac600000, 0x00000000ac600000, 0x00000000ac700000|  0%| F|  |TAMS 0x00000000ac600000, 0x00000000ac600000| Untracked 
| 187|0x00000000ac700000, 0x00000000ac700000, 0x00000000ac800000|  0%| F|  |TAMS 0x00000000ac700000, 0x00000000ac700000| Untracked 
| 188|0x00000000ac800000, 0x00000000ac800000, 0x00000000ac900000|  0%| F|  |TAMS 0x00000000ac800000, 0x00000000ac800000| Untracked 
| 189|0x00000000ac900000, 0x00000000ac900000, 0x00000000aca00000|  0%| F|  |TAMS 0x00000000ac900000, 0x00000000ac900000| Untracked 
| 190|0x00000000aca00000, 0x00000000aca00000, 0x00000000acb00000|  0%| F|  |TAMS 0x00000000aca00000, 0x00000000aca00000| Untracked 
| 191|0x00000000acb00000, 0x00000000acb00000, 0x00000000acc00000|  0%| F|  |TAMS 0x00000000acb00000, 0x00000000acb00000| Untracked 
| 192|0x00000000acc00000, 0x00000000acc00000, 0x00000000acd00000|  0%| F|  |TAMS 0x00000000acc00000, 0x00000000acc00000| Untracked 
| 193|0x00000000acd00000, 0x00000000acd00000, 0x00000000ace00000|  0%| F|  |TAMS 0x00000000acd00000, 0x00000000acd00000| Untracked 
| 194|0x00000000ace00000, 0x00000000ace00000, 0x00000000acf00000|  0%| F|  |TAMS 0x00000000ace00000, 0x00000000ace00000| Untracked 
| 195|0x00000000acf00000, 0x00000000acf00000, 0x00000000ad000000|  0%| F|  |TAMS 0x00000000acf00000, 0x00000000acf00000| Untracked 
| 196|0x00000000ad000000, 0x00000000ad000000, 0x00000000ad100000|  0%| F|  |TAMS 0x00000000ad000000, 0x00000000ad000000| Untracked 
| 197|0x00000000ad100000, 0x00000000ad100000, 0x00000000ad200000|  0%| F|  |TAMS 0x00000000ad100000, 0x00000000ad100000| Untracked 
| 198|0x00000000ad200000, 0x00000000ad200000, 0x00000000ad300000|  0%| F|  |TAMS 0x00000000ad200000, 0x00000000ad200000| Untracked 
| 199|0x00000000ad300000, 0x00000000ad300000, 0x00000000ad400000|  0%| F|  |TAMS 0x00000000ad300000, 0x00000000ad300000| Untracked 
| 200|0x00000000ad400000, 0x00000000ad400000, 0x00000000ad500000|  0%| F|  |TAMS 0x00000000ad400000, 0x00000000ad400000| Untracked 
| 201|0x00000000ad500000, 0x00000000ad500000, 0x00000000ad600000|  0%| F|  |TAMS 0x00000000ad500000, 0x00000000ad500000| Untracked 
| 202|0x00000000ad600000, 0x00000000ad600000, 0x00000000ad700000|  0%| F|  |TAMS 0x00000000ad600000, 0x00000000ad600000| Untracked 
| 203|0x00000000ad700000, 0x00000000ad700000, 0x00000000ad800000|  0%| F|  |TAMS 0x00000000ad700000, 0x00000000ad700000| Untracked 
| 204|0x00000000ad800000, 0x00000000ad800000, 0x00000000ad900000|  0%| F|  |TAMS 0x00000000ad800000, 0x00000000ad800000| Untracked 
| 205|0x00000000ad900000, 0x00000000ad900000, 0x00000000ada00000|  0%| F|  |TAMS 0x00000000ad900000, 0x00000000ad900000| Untracked 
| 206|0x00000000ada00000, 0x00000000ada00000, 0x00000000adb00000|  0%| F|  |TAMS 0x00000000ada00000, 0x00000000ada00000| Untracked 
| 207|0x00000000adb00000, 0x00000000adb00000, 0x00000000adc00000|  0%| F|  |TAMS 0x00000000adb00000, 0x00000000adb00000| Untracked 
| 208|0x00000000adc00000, 0x00000000adc00000, 0x00000000add00000|  0%| F|  |TAMS 0x00000000adc00000, 0x00000000adc00000| Untracked 
| 209|0x00000000add00000, 0x00000000add00000, 0x00000000ade00000|  0%| F|  |TAMS 0x00000000add00000, 0x00000000add00000| Untracked 
| 210|0x00000000ade00000, 0x00000000ade00000, 0x00000000adf00000|  0%| F|  |TAMS 0x00000000ade00000, 0x00000000ade00000| Untracked 
| 211|0x00000000adf00000, 0x00000000adf00000, 0x00000000ae000000|  0%| F|  |TAMS 0x00000000adf00000, 0x00000000adf00000| Untracked 
| 212|0x00000000ae000000, 0x00000000ae000000, 0x00000000ae100000|  0%| F|  |TAMS 0x00000000ae000000, 0x00000000ae000000| Untracked 
| 213|0x00000000ae100000, 0x00000000ae100000, 0x00000000ae200000|  0%| F|  |TAMS 0x00000000ae100000, 0x00000000ae100000| Untracked 
| 214|0x00000000ae200000, 0x00000000ae200000, 0x00000000ae300000|  0%| F|  |TAMS 0x00000000ae200000, 0x00000000ae200000| Untracked 
| 215|0x00000000ae300000, 0x00000000ae300000, 0x00000000ae400000|  0%| F|  |TAMS 0x00000000ae300000, 0x00000000ae300000| Untracked 
| 216|0x00000000ae400000, 0x00000000ae400000, 0x00000000ae500000|  0%| F|  |TAMS 0x00000000ae400000, 0x00000000ae400000| Untracked 
| 217|0x00000000ae500000, 0x00000000ae500000, 0x00000000ae600000|  0%| F|  |TAMS 0x00000000ae500000, 0x00000000ae500000| Untracked 
| 218|0x00000000ae600000, 0x00000000ae600000, 0x00000000ae700000|  0%| F|  |TAMS 0x00000000ae600000, 0x00000000ae600000| Untracked 
| 219|0x00000000ae700000, 0x00000000ae700000, 0x00000000ae800000|  0%| F|  |TAMS 0x00000000ae700000, 0x00000000ae700000| Untracked 
| 220|0x00000000ae800000, 0x00000000ae800000, 0x00000000ae900000|  0%| F|  |TAMS 0x00000000ae800000, 0x00000000ae800000| Untracked 
| 221|0x00000000ae900000, 0x00000000ae900000, 0x00000000aea00000|  0%| F|  |TAMS 0x00000000ae900000, 0x00000000ae900000| Untracked 

Card table byte_map: [0x0000021537800000,0x0000021537b00000] _byte_map_base: 0x00000215372fa000

Marking Bits (Prev, Next): (CMBitMap*) 0x000002151ee86690, (CMBitMap*) 0x000002151ee866d0
 Prev Bits: [0x0000021537e00000, 0x00000215395d0000)
 Next Bits: [0x00000215395d0000, 0x000002153ada0000)

Polling page: 0x000002151ecc0000

Metaspace:

Usage:
  Non-class:     27.02 MB used.
      Class:      3.36 MB used.
       Both:     30.38 MB used.

Virtual space:
  Non-class space:       32.00 MB reserved,      27.25 MB ( 85%) committed,  4 nodes.
      Class space:        1.00 GB reserved,       3.50 MB ( <1%) committed,  1 nodes.
             Both:        1.03 GB reserved,      30.75 MB (  3%) committed. 

Chunk freelists:
   Non-Class:  3.87 MB
       Class:  390.00 KB
        Both:  4.25 MB

MaxMetaspaceSize: unlimited
CompressedClassSpaceSize: 1.00 GB
Initial GC threshold: 21.00 MB
Current GC threshold: 44.81 MB
CDS: on
MetaspaceReclaimPolicy: balanced
 - commit_granule_bytes: 65536.
 - commit_granule_words: 8192.
 - virtual_space_node_default_size: 1048576.
 - enlarge_chunks_in_place: 1.
 - new_chunks_are_fully_committed: 0.
 - uncommit_free_chunks: 1.
 - use_allocation_guard: 0.
 - handle_deallocations: 1.


Internal statistics:

num_allocs_failed_limit: 0.
num_arena_births: 254.
num_arena_deaths: 0.
num_vsnodes_births: 5.
num_vsnodes_deaths: 0.
num_space_committed: 492.
num_space_uncommitted: 0.
num_chunks_returned_to_freelist: 0.
num_chunks_taken_from_freelist: 1384.
num_chunk_merges: 0.
num_chunk_splits: 981.
num_chunks_enlarged: 754.
num_purges: 0.
num_inconsistent_stats: 0.

CodeHeap 'non-profiled nmethods': size=120000Kb used=3447Kb max_used=3447Kb free=116552Kb
 bounds [0x000002152f9b0000, 0x000002152fd10000, 0x0000021536ee0000]
CodeHeap 'profiled nmethods': size=120000Kb used=12945Kb max_used=12945Kb free=107054Kb
 bounds [0x0000021528480000, 0x0000021529130000, 0x000002152f9b0000]
CodeHeap 'non-nmethods': size=5760Kb used=1213Kb max_used=1258Kb free=4546Kb
 bounds [0x0000021527ee0000, 0x0000021528150000, 0x0000021528480000]
 total_blobs=6941 nmethods=6422 adapters=431
 compilation: enabled
              stopped_count=0, restarted_count=0
 full_count=0

Compilation events (20 events):
Event: 19.069 Thread 0x000002153d312ed0 7343       3       com.google.inject.name.NamedImpl::equals (28 bytes)
Event: 19.069 Thread 0x000002153d312ed0 nmethod 7343 0x0000021529124510 code [0x00000215291246e0, 0x0000021529124b98]
Event: 19.070 Thread 0x000002153d312ed0 7344       1       org.apache.maven.plugin.descriptor.Parameter::isRequired (5 bytes)
Event: 19.070 Thread 0x000002153d312ed0 nmethod 7344 0x000002152fd0b590 code [0x000002152fd0b720, 0x000002152fd0b7f8]
Event: 19.071 Thread 0x000002153d312ed0 7345       3       org.eclipse.sisu.bean.DeclaredMembers$View$3::members (5 bytes)
Event: 19.071 Thread 0x000002153d312ed0 nmethod 7345 0x0000021529124c90 code [0x0000021529124e40, 0x0000021529124f88]
Event: 19.074 Thread 0x000002153d30c9b0 nmethod 7176 0x000002152fd0b890 code [0x000002152fd0ba40, 0x000002152fd0c1f8]
Event: 19.075 Thread 0x000002153d30c9b0 7338       4       org.eclipse.sisu.inject.TypeArguments::isAssignableFrom (158 bytes)
Event: 19.075 Thread 0x000002153d312ed0 7346       1       io.smallrye.common.expression.Expression$Itr::getNextIdx (5 bytes)
Event: 19.075 Thread 0x000002153d312ed0 nmethod 7346 0x000002152fd0c610 code [0x000002152fd0c7a0, 0x000002152fd0c878]
Event: 19.076 Thread 0x000002153d30c9b0 nmethod 7338 0x000002152fd0c910 code [0x000002152fd0caa0, 0x000002152fd0cbd8]
Event: 19.076 Thread 0x000002153d30c9b0 7341       4       com.google.inject.spi.InjectionPoint$2::compare (13 bytes)
Event: 19.079 Thread 0x000002153d30c9b0 nmethod 7341 0x000002152fd0cd90 code [0x000002152fd0cf20, 0x000002152fd0d238]
Event: 19.079 Thread 0x000002153d30c9b0 7192       4       com.sun.tools.javac.code.Types$DefaultTypeVisitor::visit (7 bytes)
Event: 19.079 Thread 0x000002153d30c9b0 nmethod 7192 0x000002152fd0d490 code [0x000002152fd0d600, 0x000002152fd0d698]
Event: 19.079 Thread 0x000002153d30c9b0 7181       4       com.sun.tools.javac.jvm.ClassReader::nextChar (24 bytes)
Event: 19.080 Thread 0x000002153d30c9b0 nmethod 7181 0x000002152fd0d790 code [0x000002152fd0d900, 0x000002152fd0da18]
Event: 19.081 Thread 0x000002153d30c9b0 7283       4       java.util.stream.Sink$ChainedReference::end (10 bytes)
Event: 19.081 Thread 0x000002153d30c9b0 nmethod 7283 0x000002152fd0db10 code [0x000002152fd0dc80, 0x000002152fd0dd18]
Event: 19.081 Thread 0x000002153d30c9b0 7349       4       java.util.Collections$UnmodifiableMap$UnmodifiableEntrySet$1::next (5 bytes)

GC Heap History (20 events):
Event: 10.659 GC heap after
{Heap after GC invocations=11 (full 0):
 garbage-first heap   total 119808K, used 55296K [0x00000000a0c00000, 0x0000000100000000)
  region size 1024K, 3 young (3072K), 3 survivors (3072K)
 Metaspace       used 17511K, committed 17728K, reserved 1064960K
  class space    used 1852K, committed 1984K, reserved 1048576K
}
Event: 11.754 GC heap before
{Heap before GC invocations=11 (full 0):
 garbage-first heap   total 119808K, used 84992K [0x00000000a0c00000, 0x0000000100000000)
  region size 1024K, 33 young (33792K), 3 survivors (3072K)
 Metaspace       used 19189K, committed 19456K, reserved 1073152K
  class space    used 2040K, committed 2176K, reserved 1048576K
}
Event: 11.761 GC heap after
{Heap after GC invocations=12 (full 0):
 garbage-first heap   total 119808K, used 56645K [0x00000000a0c00000, 0x0000000100000000)
  region size 1024K, 4 young (4096K), 4 survivors (4096K)
 Metaspace       used 19189K, committed 19456K, reserved 1073152K
  class space    used 2040K, committed 2176K, reserved 1048576K
}
Event: 12.287 GC heap before
{Heap before GC invocations=12 (full 0):
 garbage-first heap   total 119808K, used 67909K [0x00000000a0c00000, 0x0000000100000000)
  region size 1024K, 15 young (15360K), 4 survivors (4096K)
 Metaspace       used 19315K, committed 19584K, reserved 1073152K
  class space    used 2044K, committed 2176K, reserved 1048576K
}
Event: 12.292 GC heap after
{Heap after GC invocations=13 (full 0):
 garbage-first heap   total 119808K, used 60713K [0x00000000a0c00000, 0x0000000100000000)
  region size 1024K, 4 young (4096K), 4 survivors (4096K)
 Metaspace       used 19315K, committed 19584K, reserved 1073152K
  class space    used 2044K, committed 2176K, reserved 1048576K
}
Event: 12.547 GC heap before
{Heap before GC invocations=14 (full 0):
 garbage-first heap   total 119808K, used 96553K [0x00000000a0c00000, 0x0000000100000000)
  region size 1024K, 38 young (38912K), 4 survivors (4096K)
 Metaspace       used 19332K, committed 19648K, reserved 1073152K
  class space    used 2044K, committed 2176K, reserved 1048576K
}
Event: 12.562 GC heap after
{Heap after GC invocations=15 (full 0):
 garbage-first heap   total 119808K, used 64828K [0x00000000a0c00000, 0x0000000100000000)
  region size 1024K, 5 young (5120K), 5 survivors (5120K)
 Metaspace       used 19332K, committed 19648K, reserved 1073152K
  class space    used 2044K, committed 2176K, reserved 1048576K
}
Event: 12.566 GC heap before
{Heap before GC invocations=15 (full 0):
 garbage-first heap   total 119808K, used 65852K [0x00000000a0c00000, 0x0000000100000000)
  region size 1024K, 6 young (6144K), 5 survivors (5120K)
 Metaspace       used 19332K, committed 19648K, reserved 1073152K
  class space    used 2044K, committed 2176K, reserved 1048576K
}
Event: 12.577 GC heap after
{Heap after GC invocations=16 (full 0):
 garbage-first heap   total 227328K, used 65443K [0x00000000a0c00000, 0x0000000100000000)
  region size 1024K, 1 young (1024K), 1 survivors (1024K)
 Metaspace       used 19332K, committed 19648K, reserved 1073152K
  class space    used 2044K, committed 2176K, reserved 1048576K
}
Event: 13.314 GC heap before
{Heap before GC invocations=16 (full 0):
 garbage-first heap   total 227328K, used 169891K [0x00000000a0c00000, 0x0000000100000000)
  region size 1024K, 103 young (105472K), 1 survivors (1024K)
 Metaspace       used 19376K, committed 19648K, reserved 1073152K
  class space    used 2044K, committed 2176K, reserved 1048576K
}
Event: 13.336 GC heap after
{Heap after GC invocations=17 (full 0):
 garbage-first heap   total 227328K, used 81637K [0x00000000a0c00000, 0x0000000100000000)
  region size 1024K, 13 young (13312K), 13 survivors (13312K)
 Metaspace       used 19376K, committed 19648K, reserved 1073152K
  class space    used 2044K, committed 2176K, reserved 1048576K
}
Event: 14.884 GC heap before
{Heap before GC invocations=17 (full 0):
 garbage-first heap   total 227328K, used 168677K [0x00000000a0c00000, 0x0000000100000000)
  region size 1024K, 92 young (94208K), 13 survivors (13312K)
 Metaspace       used 20038K, committed 20352K, reserved 1073152K
  class space    used 2116K, committed 2240K, reserved 1048576K
}
Event: 14.927 GC heap after
{Heap after GC invocations=18 (full 0):
 garbage-first heap   total 227328K, used 107271K [0x00000000a0c00000, 0x0000000100000000)
  region size 1024K, 12 young (12288K), 12 survivors (12288K)
 Metaspace       used 20038K, committed 20352K, reserved 1073152K
  class space    used 2116K, committed 2240K, reserved 1048576K
}
Event: 15.913 GC heap before
{Heap before GC invocations=18 (full 0):
 garbage-first heap   total 227328K, used 137991K [0x00000000a0c00000, 0x0000000100000000)
  region size 1024K, 36 young (36864K), 12 survivors (12288K)
 Metaspace       used 26346K, committed 26688K, reserved 1073152K
  class space    used 2906K, committed 3072K, reserved 1048576K
}
Event: 15.927 GC heap after
{Heap after GC invocations=19 (full 0):
 garbage-first heap   total 227328K, used 118464K [0x00000000a0c00000, 0x0000000100000000)
  region size 1024K, 6 young (6144K), 6 survivors (6144K)
 Metaspace       used 26346K, committed 26688K, reserved 1073152K
  class space    used 2906K, committed 3072K, reserved 1048576K
}
Event: 17.492 GC heap before
{Heap before GC invocations=20 (full 0):
 garbage-first heap   total 227328K, used 177856K [0x00000000a0c00000, 0x0000000100000000)
  region size 1024K, 60 young (61440K), 6 survivors (6144K)
 Metaspace       used 28227K, committed 28544K, reserved 1081344K
  class space    used 3091K, committed 3200K, reserved 1048576K
}
Event: 17.515 GC heap after
{Heap after GC invocations=21 (full 0):
 garbage-first heap   total 227328K, used 133632K [0x00000000a0c00000, 0x0000000100000000)
  region size 1024K, 8 young (8192K), 8 survivors (8192K)
 Metaspace       used 28227K, committed 28544K, reserved 1081344K
  class space    used 3091K, committed 3200K, reserved 1048576K
}
Event: 17.644 GC heap before
{Heap before GC invocations=21 (full 0):
 garbage-first heap   total 227328K, used 136704K [0x00000000a0c00000, 0x0000000100000000)
  region size 1024K, 11 young (11264K), 8 survivors (8192K)
 Metaspace       used 28349K, committed 28608K, reserved 1081344K
  class space    used 3104K, committed 3200K, reserved 1048576K
}
Event: 17.657 GC heap after
{Heap after GC invocations=22 (full 0):
 garbage-first heap   total 227328K, used 134651K [0x00000000a0c00000, 0x0000000100000000)
  region size 1024K, 1 young (1024K), 1 survivors (1024K)
 Metaspace       used 28349K, committed 28608K, reserved 1081344K
  class space    used 3104K, committed 3200K, reserved 1048576K
}
Event: 19.083 GC heap before
{Heap before GC invocations=22 (full 0):
 garbage-first heap   total 227328K, used 175611K [0x00000000a0c00000, 0x0000000100000000)
  region size 1024K, 42 young (43008K), 1 survivors (1024K)
 Metaspace       used 31111K, committed 31488K, reserved 1081344K
  class space    used 3438K, committed 3584K, reserved 1048576K
}

Deoptimization events (20 events):
Event: 18.834 Thread 0x000002151ee4d5f0 Uncommon trap: trap_request=0xffffffc6 fr.pc=0x000002152fb2db44 relative=0x0000000000001024
Event: 18.834 Thread 0x000002151ee4d5f0 Uncommon trap: reason=bimorphic_or_optimized_type_check action=maybe_recompile pc=0x000002152fb2db44 method=java.util.HashMap.putVal(ILjava/lang/Object;Ljava/lang/Object;ZZ)Ljava/lang/Object; @ 56 c2
Event: 18.834 Thread 0x000002151ee4d5f0 DEOPT PACKING pc=0x000002152fb2db44 sp=0x00000039a1ffd6f0
Event: 18.834 Thread 0x000002151ee4d5f0 DEOPT UNPACKING pc=0x0000021527f323a3 sp=0x00000039a1ffd678 mode 2
Event: 18.849 Thread 0x000002151ee4d5f0 Uncommon trap: trap_request=0xffffffc6 fr.pc=0x000002152fb2dcfc relative=0x00000000000011dc
Event: 18.849 Thread 0x000002151ee4d5f0 Uncommon trap: reason=bimorphic_or_optimized_type_check action=maybe_recompile pc=0x000002152fb2dcfc method=java.util.HashMap.putVal(ILjava/lang/Object;Ljava/lang/Object;ZZ)Ljava/lang/Object; @ 253 c2
Event: 18.849 Thread 0x000002151ee4d5f0 DEOPT PACKING pc=0x000002152fb2dcfc sp=0x00000039a1ffd660
Event: 18.849 Thread 0x000002151ee4d5f0 DEOPT UNPACKING pc=0x0000021527f323a3 sp=0x00000039a1ffd610 mode 2
Event: 18.850 Thread 0x000002151ee4d5f0 Uncommon trap: trap_request=0xffffffc6 fr.pc=0x000002152fb2dcfc relative=0x00000000000011dc
Event: 18.850 Thread 0x000002151ee4d5f0 Uncommon trap: reason=bimorphic_or_optimized_type_check action=maybe_recompile pc=0x000002152fb2dcfc method=java.util.HashMap.putVal(ILjava/lang/Object;Ljava/lang/Object;ZZ)Ljava/lang/Object; @ 253 c2
Event: 18.850 Thread 0x000002151ee4d5f0 DEOPT PACKING pc=0x000002152fb2dcfc sp=0x00000039a1ffd640
Event: 18.850 Thread 0x000002151ee4d5f0 DEOPT UNPACKING pc=0x0000021527f323a3 sp=0x00000039a1ffd5f0 mode 2
Event: 19.071 Thread 0x000002151ee4d5f0 Uncommon trap: trap_request=0xffffffde fr.pc=0x000002152fbe3a80 relative=0x00000000000004a0
Event: 19.071 Thread 0x000002151ee4d5f0 Uncommon trap: reason=class_check action=maybe_recompile pc=0x000002152fbe3a80 method=com.google.inject.internal.MoreTypes.getRawType(Ljava/lang/reflect/Type;)Ljava/lang/Class; @ 13 c2
Event: 19.071 Thread 0x000002151ee4d5f0 DEOPT PACKING pc=0x000002152fbe3a80 sp=0x00000039a1ffda10
Event: 19.071 Thread 0x000002151ee4d5f0 DEOPT UNPACKING pc=0x0000021527f323a3 sp=0x00000039a1ffd958 mode 2
Event: 19.075 Thread 0x000002151ee4d5f0 Uncommon trap: trap_request=0xffffffc6 fr.pc=0x000002152fb5f384 relative=0x0000000000001124
Event: 19.075 Thread 0x000002151ee4d5f0 Uncommon trap: reason=bimorphic_or_optimized_type_check action=maybe_recompile pc=0x000002152fb5f384 method=java.util.concurrent.ConcurrentHashMap.putAll(Ljava/util/Map;)V @ 23 c2
Event: 19.075 Thread 0x000002151ee4d5f0 DEOPT PACKING pc=0x000002152fb5f384 sp=0x00000039a1ffda00
Event: 19.075 Thread 0x000002151ee4d5f0 DEOPT UNPACKING pc=0x0000021527f323a3 sp=0x00000039a1ffd9d0 mode 2

Classes unloaded (0 events):
No events

Classes redefined (0 events):
No events

Internal exceptions (20 events):
Event: 18.997 Thread 0x000002151ee4d5f0 Exception <a 'sun/nio/fs/WindowsException'{0x00000000ac2e99f0}> (0x00000000ac2e99f0) 
thrown [t:\workspace\open\src\hotspot\share\prims\jni.cpp, line 516]
Event: 18.999 Thread 0x000002151ee4d5f0 Exception <a 'sun/nio/fs/WindowsException'{0x00000000ac2f81b8}> (0x00000000ac2f81b8) 
thrown [t:\workspace\open\src\hotspot\share\prims\jni.cpp, line 516]
Event: 18.999 Thread 0x000002151ee4d5f0 Exception <a 'sun/nio/fs/WindowsException'{0x00000000ac2f84b8}> (0x00000000ac2f84b8) 
thrown [t:\workspace\open\src\hotspot\share\prims\jni.cpp, line 516]
Event: 19.000 Thread 0x000002151ee4d5f0 Exception <a 'sun/nio/fs/WindowsException'{0x00000000ac10ca18}> (0x00000000ac10ca18) 
thrown [t:\workspace\open\src\hotspot\share\prims\jni.cpp, line 516]
Event: 19.001 Thread 0x000002151ee4d5f0 Exception <a 'sun/nio/fs/WindowsException'{0x00000000ac10cd68}> (0x00000000ac10cd68) 
thrown [t:\workspace\open\src\hotspot\share\prims\jni.cpp, line 516]
Event: 19.001 Thread 0x000002151ee4d5f0 Exception <a 'sun/nio/fs/WindowsException'{0x00000000ac10e7b0}> (0x00000000ac10e7b0) 
thrown [t:\workspace\open\src\hotspot\share\prims\jni.cpp, line 516]
Event: 19.001 Thread 0x000002151ee4d5f0 Exception <a 'sun/nio/fs/WindowsException'{0x00000000ac10eb88}> (0x00000000ac10eb88) 
thrown [t:\workspace\open\src\hotspot\share\prims\jni.cpp, line 516]
Event: 19.011 Thread 0x000002151ee4d5f0 Exception <a 'sun/nio/fs/WindowsException'{0x00000000ac16af28}> (0x00000000ac16af28) 
thrown [t:\workspace\open\src\hotspot\share\prims\jni.cpp, line 516]
Event: 19.011 Thread 0x000002151ee4d5f0 Exception <a 'sun/nio/fs/WindowsException'{0x00000000ac16b5f8}> (0x00000000ac16b5f8) 
thrown [t:\workspace\open\src\hotspot\share\prims\jni.cpp, line 516]
Event: 19.011 Thread 0x000002151ee4d5f0 Exception <a 'sun/nio/fs/WindowsException'{0x00000000ac16bee8}> (0x00000000ac16bee8) 
thrown [t:\workspace\open\src\hotspot\share\prims\jni.cpp, line 516]
Event: 19.041 Thread 0x000002151ee4d5f0 Exception <a 'sun/nio/fs/WindowsException'{0x00000000ac17e988}> (0x00000000ac17e988) 
thrown [t:\workspace\open\src\hotspot\share\prims\jni.cpp, line 516]
Event: 19.042 Thread 0x000002151ee4d5f0 Exception <a 'sun/nio/fs/WindowsException'{0x00000000ac17f048}> (0x00000000ac17f048) 
thrown [t:\workspace\open\src\hotspot\share\prims\jni.cpp, line 516]
Event: 19.042 Thread 0x000002151ee4d5f0 Exception <a 'sun/nio/fs/WindowsException'{0x00000000ac17f8e0}> (0x00000000ac17f8e0) 
thrown [t:\workspace\open\src\hotspot\share\prims\jni.cpp, line 516]
Event: 19.078 Thread 0x000002151ee4d5f0 Exception <a 'sun/nio/fs/WindowsException'{0x00000000ac04aae8}> (0x00000000ac04aae8) 
thrown [t:\workspace\open\src\hotspot\share\prims\jni.cpp, line 516]
Event: 19.079 Thread 0x000002151ee4d5f0 Exception <a 'sun/nio/fs/WindowsException'{0x00000000ac04ace8}> (0x00000000ac04ace8) 
thrown [t:\workspace\open\src\hotspot\share\prims\jni.cpp, line 516]
Event: 19.079 Thread 0x000002151ee4d5f0 Exception <a 'sun/nio/fs/WindowsException'{0x00000000ac04e748}> (0x00000000ac04e748) 
thrown [t:\workspace\open\src\hotspot\share\prims\jni.cpp, line 516]
Event: 19.080 Thread 0x000002151ee4d5f0 Exception <a 'sun/nio/fs/WindowsException'{0x00000000ac04ef08}> (0x00000000ac04ef08) 
thrown [t:\workspace\open\src\hotspot\share\prims\jni.cpp, line 516]
Event: 19.080 Thread 0x000002151ee4d5f0 Exception <a 'sun/nio/fs/WindowsException'{0x00000000ac04f288}> (0x00000000ac04f288) 
thrown [t:\workspace\open\src\hotspot\share\prims\jni.cpp, line 516]
Event: 19.080 Thread 0x000002151ee4d5f0 Exception <a 'sun/nio/fs/WindowsException'{0x00000000ac050198}> (0x00000000ac050198) 
thrown [t:\workspace\open\src\hotspot\share\prims\jni.cpp, line 516]
Event: 19.080 Thread 0x000002151ee4d5f0 Exception <a 'sun/nio/fs/WindowsException'{0x00000000ac050528}> (0x00000000ac050528) 
thrown [t:\workspace\open\src\hotspot\share\prims\jni.cpp, line 516]

VM Operations (20 events):
Event: 17.515 Executing VM operation: G1CollectForAllocation done
Event: 17.644 Executing VM operation: G1CollectForAllocation
Event: 17.657 Executing VM operation: G1CollectForAllocation done
Event: 17.864 Executing VM operation: ICBufferFull
Event: 17.864 Executing VM operation: ICBufferFull done
Event: 18.402 Executing VM operation: ICBufferFull
Event: 18.402 Executing VM operation: ICBufferFull done
Event: 18.685 Executing VM operation: ICBufferFull
Event: 18.685 Executing VM operation: ICBufferFull done
Event: 18.808 Executing VM operation: HandshakeAllThreads
Event: 18.808 Executing VM operation: HandshakeAllThreads done
Event: 18.826 Executing VM operation: ICBufferFull
Event: 18.827 Executing VM operation: ICBufferFull done
Event: 18.828 Executing VM operation: HandshakeAllThreads
Event: 18.828 Executing VM operation: HandshakeAllThreads done
Event: 18.882 Executing VM operation: HandshakeAllThreads
Event: 18.882 Executing VM operation: HandshakeAllThreads done
Event: 19.061 Executing VM operation: ICBufferFull
Event: 19.062 Executing VM operation: ICBufferFull done
Event: 19.083 Executing VM operation: G1CollectForAllocation

Events (20 events):
Event: 18.650 loading class java/io/FilterWriter
Event: 18.650 loading class java/io/FilterWriter done
Event: 18.652 loading class java/nio/channels/Channels$1
Event: 18.652 loading class java/nio/channels/Channels$1 done
Event: 18.819 loading class java/util/EnumMap$EntrySet
Event: 18.820 loading class java/util/EnumMap$EntrySet done
Event: 18.820 loading class java/util/EnumMap$EntryIterator
Event: 18.820 loading class java/util/EnumMap$EnumMapIterator
Event: 18.820 loading class java/util/EnumMap$EnumMapIterator done
Event: 18.820 loading class java/util/EnumMap$EntryIterator done
Event: 18.820 loading class java/util/EnumMap$EntryIterator$Entry
Event: 18.820 loading class java/util/EnumMap$EntryIterator$Entry done
Event: 18.866 loading class java/util/function/ToIntBiFunction
Event: 18.867 loading class java/util/function/ToIntBiFunction done
Event: 19.046 loading class java/util/EnumMap$Values
Event: 19.046 loading class java/util/EnumMap$Values done
Event: 19.047 loading class java/util/EnumMap$ValueIterator
Event: 19.047 loading class java/util/EnumMap$ValueIterator done
Event: 19.049 loading class java/util/WeakHashMap$KeyIterator
Event: 19.049 loading class java/util/WeakHashMap$KeyIterator done


Dynamic libraries:
0x00007ff643b90000 - 0x00007ff643ba0000 	C:\Program Files\Java\jdk-17.0.2\bin\java.exe
0x00007ffbfa490000 - 0x00007ffbfa685000 	C:\Windows\SYSTEM32\ntdll.dll
0x00007ffbfa1b0000 - 0x00007ffbfa26e000 	C:\Windows\System32\KERNEL32.DLL
0x00007ffbf8060000 - 0x00007ffbf8328000 	C:\Windows\System32\KERNELBASE.dll
0x00007ffbf7e50000 - 0x00007ffbf7f50000 	C:\Windows\System32\ucrtbase.dll
0x00007ffbf17c0000 - 0x00007ffbf17da000 	C:\Program Files\Java\jdk-17.0.2\bin\VCRUNTIME140.dll
0x00007ffbf08d0000 - 0x00007ffbf08e8000 	C:\Program Files\Java\jdk-17.0.2\bin\jli.dll
0x00007ffbfa270000 - 0x00007ffbfa31e000 	C:\Windows\System32\ADVAPI32.dll
0x00007ffbf84e0000 - 0x00007ffbf857e000 	C:\Windows\System32\msvcrt.dll
0x00007ffbf9f60000 - 0x00007ffbf9ffc000 	C:\Windows\System32\sechost.dll
0x00007ffbfa320000 - 0x00007ffbfa445000 	C:\Windows\System32\RPCRT4.dll
0x00007ffbf91a0000 - 0x00007ffbf9340000 	C:\Windows\System32\USER32.dll
0x00007ffbf8410000 - 0x00007ffbf8432000 	C:\Windows\System32\win32u.dll
0x00007ffbf86c0000 - 0x00007ffbf86eb000 	C:\Windows\System32\GDI32.dll
0x00007ffbf7f50000 - 0x00007ffbf805d000 	C:\Windows\System32\gdi32full.dll
0x00007ffbf8440000 - 0x00007ffbf84dd000 	C:\Windows\System32\msvcp_win.dll
0x00007ffbe4a10000 - 0x00007ffbe4caa000 	C:\Windows\WinSxS\amd64_microsoft.windows.common-controls_6595b64144ccf1df_6.0.19041.1110_none_60b5254171f9507e\COMCTL32.dll
0x00007ffbee0c0000 - 0x00007ffbee0ca000 	C:\Windows\SYSTEM32\VERSION.dll
0x00007ffbf93a0000 - 0x00007ffbf93d0000 	C:\Windows\System32\IMM32.DLL
0x00007ffbf0c90000 - 0x00007ffbf0c9c000 	C:\Program Files\Java\jdk-17.0.2\bin\vcruntime140_1.dll
0x00007ffbd8cc0000 - 0x00007ffbd8d4d000 	C:\Program Files\Java\jdk-17.0.2\bin\msvcp140.dll
0x00007ffbc3230000 - 0x00007ffbc3df1000 	C:\Program Files\Java\jdk-17.0.2\bin\server\jvm.dll
0x00007ffbf8580000 - 0x00007ffbf8588000 	C:\Windows\System32\PSAPI.DLL
0x00007ffbf16f0000 - 0x00007ffbf16f9000 	C:\Windows\SYSTEM32\WSOCK32.dll
0x00007ffbf9040000 - 0x00007ffbf90ab000 	C:\Windows\System32\WS2_32.dll
0x00007ffbed740000 - 0x00007ffbed767000 	C:\Windows\SYSTEM32\WINMM.dll
0x00007ffbf5a50000 - 0x00007ffbf5a62000 	C:\Windows\SYSTEM32\kernel.appcore.dll
0x00007ffbf0810000 - 0x00007ffbf081a000 	C:\Program Files\Java\jdk-17.0.2\bin\jimage.dll
0x00007ffbe1380000 - 0x00007ffbe1564000 	C:\Windows\SYSTEM32\DBGHELP.DLL
0x00007ffbe1350000 - 0x00007ffbe137c000 	C:\Windows\SYSTEM32\dbgcore.DLL
0x00007ffbf8330000 - 0x00007ffbf83b2000 	C:\Windows\System32\bcryptPrimitives.dll
0x00007ffbedfb0000 - 0x00007ffbedfbe000 	C:\Program Files\Java\jdk-17.0.2\bin\instrument.dll
0x00007ffbea700000 - 0x00007ffbea725000 	C:\Program Files\Java\jdk-17.0.2\bin\java.dll
0x00007ffbd8120000 - 0x00007ffbd81f6000 	C:\Program Files\Java\jdk-17.0.2\bin\jsvml.dll
0x00007ffbf9810000 - 0x00007ffbf9f54000 	C:\Windows\System32\SHELL32.dll
0x00007ffbf5c50000 - 0x00007ffbf63e4000 	C:\Windows\SYSTEM32\windows.storage.dll
0x00007ffbf94a0000 - 0x00007ffbf97f5000 	C:\Windows\System32\combase.dll
0x00007ffbf75f0000 - 0x00007ffbf761e000 	C:\Windows\SYSTEM32\Wldp.dll
0x00007ffbf8610000 - 0x00007ffbf86bd000 	C:\Windows\System32\SHCORE.dll
0x00007ffbf9340000 - 0x00007ffbf9395000 	C:\Windows\System32\shlwapi.dll
0x00007ffbf7ae0000 - 0x00007ffbf7aff000 	C:\Windows\SYSTEM32\profapi.dll
0x00007ffbebc40000 - 0x00007ffbebc58000 	C:\Program Files\Java\jdk-17.0.2\bin\zip.dll
0x00007ffbea6c0000 - 0x00007ffbea6d9000 	C:\Program Files\Java\jdk-17.0.2\bin\net.dll
0x00007ffbee410000 - 0x00007ffbee51c000 	C:\Windows\SYSTEM32\WINHTTP.dll
0x00007ffbf7300000 - 0x00007ffbf736a000 	C:\Windows\system32\mswsock.dll
0x00007ffbea5b0000 - 0x00007ffbea5c6000 	C:\Program Files\Java\jdk-17.0.2\bin\nio.dll
0x00007ffbe3830000 - 0x00007ffbe384a000 	D:\IntelliJ IDEA Community Edition 2021.3.2\bin\breakgen64.dll
0x0000000069ac0000 - 0x0000000069ae4000 	C:\Users\ANNA\AppData\Local\Temp\jansi-2.4.0-39f51be9cc6aa3db-jansi.dll
0x00007ffbedfa0000 - 0x00007ffbedfb0000 	C:\Program Files\Java\jdk-17.0.2\bin\verify.dll
0x00007ffbe3eb0000 - 0x00007ffbe3eba000 	C:\Users\ANNA\AppData\Local\Temp\jansi-2.6.3.Final-93fa3188adb8407f81dad04d08abc8192e4e380d.dll
0x00007ffbf74e0000 - 0x00007ffbf74f8000 	C:\Windows\SYSTEM32\CRYPTSP.dll
0x00007ffbf6c20000 - 0x00007ffbf6c54000 	C:\Windows\system32\rsaenh.dll
0x00007ffbf7ba0000 - 0x00007ffbf7bc7000 	C:\Windows\System32\bcrypt.dll
0x00007ffbf7a60000 - 0x00007ffbf7a8e000 	C:\Windows\SYSTEM32\USERENV.dll
0x00007ffbf7500000 - 0x00007ffbf750c000 	C:\Windows\SYSTEM32\CRYPTBASE.dll
0x00007ffbf6fc0000 - 0x00007ffbf6ffb000 	C:\Windows\SYSTEM32\IPHLPAPI.DLL
0x00007ffbf9800000 - 0x00007ffbf9808000 	C:\Windows\System32\NSI.dll
0x00007ffbefa20000 - 0x00007ffbefa37000 	C:\Windows\SYSTEM32\dhcpcsvc6.DLL
0x00007ffbeeff0000 - 0x00007ffbef00d000 	C:\Windows\SYSTEM32\dhcpcsvc.DLL
0x00007ffbf7000000 - 0x00007ffbf70cb000 	C:\Windows\SYSTEM32\DNSAPI.dll

dbghelp: loaded successfully - version: 4.0.5 - missing functions: none
symbol engine: initialized successfully - sym options: 0x614 - pdb path: .;C:\Program Files\Java\jdk-17.0.2\bin;C:\Windows\SYSTEM32;C:\Windows\WinSxS\amd64_microsoft.windows.common-controls_6595b64144ccf1df_6.0.19041.1110_none_60b5254171f9507e;C:\Program Files\Java\jdk-17.0.2\bin\server;D:\IntelliJ IDEA Community Edition 2021.3.2\bin;C:\Users\ANNA\AppData\Local\Temp

VM Arguments:
jvm_args: -Dmaven.multiModuleProjectDirectory=C:\Users\ANNA\IdeaProjects\geekocon-crud-service -Dmaven.home=C:\Users\ANNA\.m2\wrapper\dists\apache-maven-3.8.4-bin\52ccbt68d252mdldqsfsn03jlf\apache-maven-3.8.4 -Dclassworlds.conf=C:\Users\ANNA\.m2\wrapper\dists\apache-maven-3.8.4-bin\52ccbt68d252mdldqsfsn03jlf\apache-maven-3.8.4\bin\m2.conf -Dmaven.ext.class.path=D:\IntelliJ IDEA Community Edition 2021.3.2\plugins\maven\lib\maven-event-listener.jar -javaagent:D:\IntelliJ IDEA Community Edition 2021.3.2\lib\idea_rt.jar=49363:D:\IntelliJ IDEA Community Edition 2021.3.2\bin -Dfile.encoding=UTF-8 
java_command: org.codehaus.classworlds.Launcher -Didea.version=2021.3.2 quarkus:dev
java_class_path (initial): C:\Users\ANNA\.m2\wrapper\dists\apache-maven-3.8.4-bin\52ccbt68d252mdldqsfsn03jlf\apache-maven-3.8.4\boot\plexus-classworlds-2.6.0.jar;C:\Users\ANNA\.m2\wrapper\dists\apache-maven-3.8.4-bin\52ccbt68d252mdldqsfsn03jlf\apache-maven-3.8.4\boot\plexus-classworlds.license
Launcher Type: SUN_STANDARD

[Global flags]
     intx CICompilerCount                          = 3                                         {product} {ergonomic}
     uint ConcGCThreads                            = 1                                         {product} {ergonomic}
     uint G1ConcRefinementThreads                  = 4                                         {product} {ergonomic}
   size_t G1HeapRegionSize                         = 1048576                                   {product} {ergonomic}
    uintx GCDrainStackTargetSize                   = 64                                        {product} {ergonomic}
   size_t InitialHeapSize                          = 100663296                                 {product} {ergonomic}
   size_t MarkStackSize                            = 4194304                                   {product} {ergonomic}
   size_t MaxHeapSize                              = 1598029824                                {product} {ergonomic}
   size_t MaxNewSize                               = 958398464                                 {product} {ergonomic}
   size_t MinHeapDeltaBytes                        = 1048576                                   {product} {ergonomic}
   size_t MinHeapSize                              = 8388608                                   {product} {ergonomic}
    uintx NonNMethodCodeHeapSize                   = 5832780                                {pd product} {ergonomic}
    uintx NonProfiledCodeHeapSize                  = 122912730                              {pd product} {ergonomic}
    uintx ProfiledCodeHeapSize                     = 122912730                              {pd product} {ergonomic}
    uintx ReservedCodeCacheSize                    = 251658240                              {pd product} {ergonomic}
     bool SegmentedCodeCache                       = true                                      {product} {ergonomic}
   size_t SoftMaxHeapSize                          = 1598029824                             {manageable} {ergonomic}
     bool UseCompressedClassPointers               = true                           {product lp64_product} {ergonomic}
     bool UseCompressedOops                        = true                           {product lp64_product} {ergonomic}
     bool UseG1GC                                  = true                                      {product} {ergonomic}
     bool UseLargePagesIndividualAllocation        = false                                  {pd product} {ergonomic}

Logging:
Log output configuration:
 #0: stdout all=warning uptime,level,tags
 #1: stderr all=off uptime,level,tags

Environment Variables:
JAVA_HOME=C:\Program Files\Java\jdk-17.0.2
PATH=D:\VMware\bin\;C:\Program Files\Common Files\Oracle\Java\javapath;C:\Windows\system32;C:\Windows;C:\Windows\System32\Wbem;C:\Windows\System32\WindowsPowerShell\v1.0\;C:\Windows\System32\OpenSSH\;D:\nodejs\;C:\Program Files\apache-maven-3.8.4\bin\;C:\Program Files\Java\jdk-17.0.2\bin;C:\Program Files\Apache Software Foundation\apache-maven-3.8.4\bin;D:\Git\cmd;C:\Program Files\Docker\Docker\resources\bin;C:\ProgramData\DockerDesktop\version-bin;C:\Users\ANNA\.jbang\bin;C:\Users\ANNA\AppData\Local\Microsoft\WindowsApps;D:\IntelliJ IDEA Community Edition 2021.2.2\bin;D:\PyCharm Community Edition 2021.2\bin;C:\Program Files\Java\jdk-17.0.2\bin;D:\Microsoft VS Code\bin;C:\Users\ANNA\AppData\Roaming\npm;C:\Program Files\Apache Software Foundation\apache-maven-3.8.4\bin;;D:\IntelliJ IDEA Community Edition 2021.3.2\bin;
USERNAME=ANNA
OS=Windows_NT
PROCESSOR_IDENTIFIER=AMD64 Family 23 Model 24 Stepping 1, AuthenticAMD



---------------  S Y S T E M  ---------------

OS:
 Windows 10 , 64 bit Build 19041 (10.0.19041.1503)
OS uptime: 0 days 0:59 hours
Hyper-V role detected

CPU: total 4 (initial active 4) (4 cores per cpu, 2 threads per core) family 23 model 24 stepping 1 microcode 0x0, cx8, cmov, fxsr, ht, mmx, 3dnowpref, sse, sse2, sse3, ssse3, sse4a, sse4.1, sse4.2, popcnt, lzcnt, tsc, tscinvbit, avx, avx2, aes, clmul, bmi1, bmi2, adx, sha, fma, vzeroupper, clflush, clflushopt, hv

Memory: 4k page, system-wide physical 6094M (343M free)
TotalPageFile size 9998M (AvailPageFile size 230M)
current process WorkingSet (physical memory assigned to process): 336M, peak: 343M
current process commit charge ("private bytes"): 402M, peak: 732M

vm_info: Java HotSpot(TM) 64-Bit Server VM (17.0.2+8-LTS-86) for windows-amd64 JRE (17.0.2+8-LTS-86), built on Dec  7 2021 21:51:03 by "mach5one" with MS VC++ 16.8 / 16.9 (VS2019)

END.
