#
# There is insufficient memory for the Java Runtime Environment to continue.
# Native memory allocation (mmap) failed to map 336592896 bytes for G1 virtual space
# Possible reasons:
#   The system is out of physical RAM or swap space
#   The process is running with CompressedOops enabled, and the Java Heap may be blocking the growth of the native heap
# Possible solutions:
#   Reduce memory load on the system
#   Increase physical memory or swap space
#   Check if swap backing store is full
#   Decrease Java heap size (-Xmx/-Xms)
#   Decrease number of Java threads
#   Decrease Java thread stack sizes (-Xss)
#   Set larger code cache with -XX:ReservedCodeCacheSize=
#   JVM is running with Unscaled Compressed Oops mode in which the Java heap is
#     placed in the first 4GB address space. The Java Heap base address is the
#     maximum limit for the native heap growth. Please use -XX:HeapBaseMinAddress
#     to set the Java Heap base and to place the Java Heap above 4GB virtual address.
# This output file may be truncated or incomplete.
#
#  Out of Memory Error (os_windows.cpp:3532), pid=2324, tid=4392
#
# JRE version: Java(TM) SE Runtime Environment (17.0.2+8) (build 17.0.2+8-LTS-86)
# Java VM: Java HotSpot(TM) 64-Bit Server VM (17.0.2+8-LTS-86, mixed mode, emulated-client, sharing, tiered, compressed oops, compressed class ptrs, g1 gc, windows-amd64)
# No core dump will be written. Minidumps are not enabled by default on client versions of Windows
#

---------------  S U M M A R Y ------------

Command Line: -Dquarkus-internal.serialized-app-model.path=C:\Users\ANNA\IdeaProjects\geekocon-crud-service\target\quarkus\bootstrap\dev-app-model.dat -javaagent:C:\Users\ANNA\.m2\repository\io\quarkus\quarkus-class-change-agent\2.6.3.Final\quarkus-class-change-agent-2.6.3.Final.jar -XX:TieredStopAtLevel=1 -agentlib:jdwp=transport=dt_socket,address=localhost:5005,server=y,suspend=n -Djava.util.logging.manager=org.jboss.logmanager.LogManager C:\Users\ANNA\IdeaProjects\geekocon-crud-service\target\geekocon-crud-service-dev.jar

Host: AMD Ryzen 3 3200U with Radeon Vega Mobile Gfx  , 4 cores, 5G,  Windows 10 , 64 bit Build 19041 (10.0.19041.1503)
Time: Thu Mar 10 14:41:12 2022 RTZ 4 (s 10 , 64 bit Build 19041 (10.0.19041.1503) elapsed time: 7.164463 seconds (0d 0h 0m 7s)

---------------  T H R E A D  ---------------

Current thread (0x000002b9ef230ca0):  VMThread "VM Thread" [stack: 0x000000df19800000,0x000000df19900000] [id=4392]

Stack: [0x000000df19800000,0x000000df19900000]
Native frames: (J=compiled Java code, j=interpreted, Vv=VM code, C=native code)
V  [jvm.dll+0x670baa]
V  [jvm.dll+0x7cfcb4]
V  [jvm.dll+0x7d145e]
V  [jvm.dll+0x7d1ac3]
V  [jvm.dll+0x242bc5]
V  [jvm.dll+0x66dac9]
V  [jvm.dll+0x662412]
V  [jvm.dll+0x300c0b]
V  [jvm.dll+0x3081a6]
V  [jvm.dll+0x357d0e]
V  [jvm.dll+0x357f3f]
V  [jvm.dll+0x2d7ec8]
V  [jvm.dll+0x2d6194]
V  [jvm.dll+0x2d579c]
V  [jvm.dll+0x3190eb]
V  [jvm.dll+0x7d5f9b]
V  [jvm.dll+0x7d6cd4]
V  [jvm.dll+0x7d71ec]
V  [jvm.dll+0x7d75c4]
V  [jvm.dll+0x7d7690]
V  [jvm.dll+0x77ff7a]
V  [jvm.dll+0x66fa35]
C  [ucrtbase.dll+0x21bb2]
C  [KERNEL32.DLL+0x17034]
C  [ntdll.dll+0x52651]

VM_Operation (0x000000df1b9fc770): G1CollectForAllocation, mode: safepoint, requested by thread 0x000002b982123a30


---------------  P R O C E S S  ---------------

Threads class SMR info:
_java_thread_list=0x000002b9811f4820, length=37, elements={
0x000002b9ef15e9a0, 0x000002b9ef2358a0, 0x000002b9ef236710, 0x000002b9ff4dafe0,
0x000002b9ff4dbe50, 0x000002b9ff4df820, 0x000002b9ff4e01d0, 0x000002b9ff4e0b80,
0x000002b9ff4e1570, 0x000002b9ef21f020, 0x000002b9ff5ae650, 0x000002b980e0af20,
0x000002b980e0cbe0, 0x000002b980e0f3e0, 0x000002b98151ea60, 0x000002b9820e9940,
0x000002b9821c5eb0, 0x000002b983972900, 0x000002b9839715c0, 0x000002b983970280,
0x000002b9839745e0, 0x000002b9839732a0, 0x000002b983972430, 0x000002b983975920,
0x000002b983975df0, 0x000002b983977600, 0x000002b983975450, 0x000002b982121880,
0x000002b982121d50, 0x000002b9821226f0, 0x000002b982120ee0, 0x000002b982122bc0,
0x000002b982123090, 0x000002b982120070, 0x000002b9821213b0, 0x000002b982123560,
0x000002b982123a30
}

Java Threads: ( => current thread )
  0x000002b9ef15e9a0 JavaThread "main" [_thread_blocked, id=3292, stack(0x000000df19200000,0x000000df19300000)]
  0x000002b9ef2358a0 JavaThread "Reference Handler" daemon [_thread_blocked, id=6280, stack(0x000000df19900000,0x000000df19a00000)]
  0x000002b9ef236710 JavaThread "Finalizer" daemon [_thread_blocked, id=9164, stack(0x000000df19a00000,0x000000df19b00000)]
  0x000002b9ff4dafe0 JavaThread "Signal Dispatcher" daemon [_thread_blocked, id=3220, stack(0x000000df19b00000,0x000000df19c00000)]
  0x000002b9ff4dbe50 JavaThread "Attach Listener" daemon [_thread_blocked, id=1588, stack(0x000000df19c00000,0x000000df19d00000)]
  0x000002b9ff4df820 JavaThread "Service Thread" daemon [_thread_blocked, id=12940, stack(0x000000df19d00000,0x000000df19e00000)]
  0x000002b9ff4e01d0 JavaThread "Monitor Deflation Thread" daemon [_thread_blocked, id=13280, stack(0x000000df19e00000,0x000000df19f00000)]
  0x000002b9ff4e0b80 JavaThread "C1 CompilerThread0" daemon [_thread_blocked, id=2440, stack(0x000000df19f00000,0x000000df1a000000)]
  0x000002b9ff4e1570 JavaThread "Sweeper thread" daemon [_thread_blocked, id=6196, stack(0x000000df1a000000,0x000000df1a100000)]
  0x000002b9ef21f020 JavaThread "Common-Cleaner" daemon [_thread_blocked, id=11456, stack(0x000000df1a100000,0x000000df1a200000)]
  0x000002b9ff5ae650 JavaThread "C1 CompilerThread1" daemon [_thread_blocked, id=6756, stack(0x000000df1a200000,0x000000df1a300000)]
  0x000002b980e0af20 JavaThread "JDWP Transport Listener: dt_socket" daemon [_thread_in_native, id=7228, stack(0x000000df1a300000,0x000000df1a400000)]
  0x000002b980e0cbe0 JavaThread "JDWP Event Helper Thread" daemon [_thread_blocked, id=7084, stack(0x000000df1a400000,0x000000df1a500000)]
  0x000002b980e0f3e0 JavaThread "Notification Thread" daemon [_thread_blocked, id=468, stack(0x000000df1a500000,0x000000df1a600000)]
  0x000002b98151ea60 JavaThread "C1 CompilerThread2" daemon [_thread_blocked, id=3852, stack(0x000000df1ad00000,0x000000df1ae00000)]
  0x000002b9820e9940 JavaThread "Quarkus Devmode keep alive thread" [_thread_blocked, id=6580, stack(0x000000df1ae00000,0x000000df1af00000)]
  0x000002b9821c5eb0 JavaThread "ForkJoinPool.commonPool-worker-1" daemon [_thread_blocked, id=1384, stack(0x000000df1af00000,0x000000df1b000000)]
  0x000002b983972900 JavaThread "org.aesh.readline.terminal.impl.WinExternalTerminal@54da5fd6 input pump thread" daemon [_thread_in_native, id=11844, stack(0x000000df22b00000,0x000000df22c00000)]
  0x000002b9839715c0 JavaThread "Aesh InputStream Reader" daemon [_thread_blocked, id=2488, stack(0x000000df22c00000,0x000000df22d00000)]
  0x000002b983970280 JavaThread "Quarkus Terminal Reader" daemon [_thread_blocked, id=6592, stack(0x000000df22d00000,0x000000df22e00000)]
  0x000002b9839745e0 JavaThread "vertx-blocked-thread-checker" daemon [_thread_blocked, id=9416, stack(0x000000df22e00000,0x000000df22f00000)]
  0x000002b9839732a0 JavaThread "Thread-125" daemon [_thread_in_native, id=3136, stack(0x000000df22f00000,0x000000df23000000)]
  0x000002b983972430 JavaThread "vert.x-eventloop-thread-0" [_thread_in_native, id=3904, stack(0x000000df23000000,0x000000df23100000)]
  0x000002b983975920 JavaThread "vert.x-eventloop-thread-1" [_thread_in_native, id=12184, stack(0x000000df23100000,0x000000df23200000)]
  0x000002b983975df0 JavaThread "vert.x-acceptor-thread-0" [_thread_in_native, id=13148, stack(0x000000df23300000,0x000000df23400000)]
  0x000002b983977600 JavaThread "vertx-blocked-thread-checker" daemon [_thread_blocked, id=9752, stack(0x000000df23800000,0x000000df23900000)]
  0x000002b983975450 JavaThread "[DevConsole]vert.x-eventloop-thread-0" [_thread_in_native, id=11056, stack(0x000000df23400000,0x000000df23500000)]
  0x000002b982121880 JavaThread "ForkJoinPool.commonPool-worker-2" daemon [_thread_blocked, id=7588, stack(0x000000df1b000000,0x000000df1b100000)]
  0x000002b982121d50 JavaThread "ForkJoinPool.commonPool-worker-3" daemon [_thread_blocked, id=7040, stack(0x000000df1b100000,0x000000df1b200000)]
  0x000002b9821226f0 JavaThread "Quarkus Main Thread" [_thread_blocked, id=11492, stack(0x000000df1b200000,0x000000df1b300000)]
  0x000002b982120ee0 JavaThread "agroal-11" daemon [_thread_blocked, id=4044, stack(0x000000df1b300000,0x000000df1b400000)]
  0x000002b982122bc0 JavaThread "executor-thread-0" daemon [_thread_blocked, id=7788, stack(0x000000df1b400000,0x000000df1b500000)]
  0x000002b982123090 JavaThread "vertx-blocked-thread-checker" daemon [_thread_blocked, id=12072, stack(0x000000df1b500000,0x000000df1b600000)]
  0x000002b982120070 JavaThread "vert.x-eventloop-thread-0" [_thread_in_native, id=12132, stack(0x000000df1b600000,0x000000df1b700000)]
  0x000002b9821213b0 JavaThread "vert.x-eventloop-thread-1" [_thread_in_native, id=8064, stack(0x000000df1b700000,0x000000df1b800000)]
  0x000002b982123560 JavaThread "vert.x-acceptor-thread-0" [_thread_in_native, id=5408, stack(0x000000df1b800000,0x000000df1b900000)]
  0x000002b982123a30 JavaThread "JPA Startup Thread: <default>" [_thread_blocked, id=4052, stack(0x000000df1b900000,0x000000df1ba00000)]

Other Threads:
=>0x000002b9ef230ca0 VMThread "VM Thread" [stack: 0x000000df19800000,0x000000df19900000] [id=4392]
  0x000002b9ef15f950 WatcherThread [stack: 0x000000df1a600000,0x000000df1a700000] [id=6228]
  0x000002b9ef194e90 GCTaskThread "GC Thread#0" [stack: 0x000000df19300000,0x000000df19400000] [id=9632]
  0x000002b98109b5e0 GCTaskThread "GC Thread#1" [stack: 0x000000df1a700000,0x000000df1a800000] [id=2132]
  0x000002b98109bc20 GCTaskThread "GC Thread#2" [stack: 0x000000df1a800000,0x000000df1a900000] [id=12228]
  0x000002b9810cc840 GCTaskThread "GC Thread#3" [stack: 0x000000df1a900000,0x000000df1aa00000] [id=9160]
  0x000002b9ef1a1c50 ConcurrentGCThread "G1 Main Marker" [stack: 0x000000df19400000,0x000000df19500000] [id=4872]
  0x000002b9ef1a2e00 ConcurrentGCThread "G1 Conc#0" [stack: 0x000000df19500000,0x000000df19600000] [id=5708]
  0x000002b9ef2063d0 ConcurrentGCThread "G1 Refine#0" [stack: 0x000000df19600000,0x000000df19700000] [id=5936]
  0x000002b980a0ffb0 ConcurrentGCThread "G1 Refine#1" [stack: 0x000000df1aa00000,0x000000df1ab00000] [id=7732]
  0x000002b9810a7570 ConcurrentGCThread "G1 Refine#2" [stack: 0x000000df1ab00000,0x000000df1ac00000] [id=4644]
  0x000002b9810c6200 ConcurrentGCThread "G1 Refine#3" [stack: 0x000000df1ac00000,0x000000df1ad00000] [id=4116]
  0x000002b9ef207e00 ConcurrentGCThread "G1 Service" [stack: 0x000000df19700000,0x000000df19800000] [id=1852]

Threads with active compile tasks:

VM state: at safepoint (normal execution)

VM Mutex/Monitor currently owned by a thread:  ([mutex/lock_event])
[0x000002b9ef159510] Threads_lock - owner thread: 0x000002b9ef230ca0
[0x000002b9ef15a9e0] Heap_lock - owner thread: 0x000002b982123a30

Heap address: 0x00000000a0c00000, size: 1524 MB, Compressed Oops mode: 32-bit

CDS archive(s) mapped at: [0x0000000800000000-0x0000000800bc0000-0x0000000800bc0000), size 12320768, SharedBaseAddress: 0x0000000800000000, ArchiveRelocationMode: 0.
Compressed class space mapped at: 0x0000000800c00000-0x0000000840c00000, reserved size: 1073741824
Narrow klass base: 0x0000000800000000, Narrow klass shift: 0, Narrow klass range: 0x100000000

GC Precious Log:
 CPUs: 4 total, 4 available
 Memory: 6094M
 Large Page Support: Disabled
 NUMA Support: Disabled
 Compressed Oops: Enabled (32-bit)
 Heap Region Size: 1M
 Heap Min Capacity: 8M
 Heap Initial Capacity: 96M
 Heap Max Capacity: 1524M
 Pre-touch: Disabled
 Parallel Workers: 4
 Concurrent Workers: 1
 Concurrent Refinement Workers: 4
 Periodic GC: Disabled

Heap:
 garbage-first heap   total 205824K, used 67759K [0x00000000a0c00000, 0x0000000100000000)
  region size 1024K, 4 young (4096K), 4 survivors (4096K)
 Metaspace       used 58397K, committed 58944K, reserved 1105920K
  class space    used 8261K, committed 8512K, reserved 1048576K

Heap Regions: E=young(eden), S=young(survivor), O=old, HS=humongous(starts), HC=humongous(continues), CS=collection set, F=free, OA=open archive, CA=closed archive, TAMS=top-at-mark-start (previous, next)
|   0|0x00000000a0c00000, 0x00000000a0d00000, 0x00000000a0d00000|100%| O|  |TAMS 0x00000000a0d00000, 0x00000000a0c00000| Untracked 
|   1|0x00000000a0d00000, 0x00000000a0e00000, 0x00000000a0e00000|100%| O|  |TAMS 0x00000000a0e00000, 0x00000000a0d00000| Untracked 
|   2|0x00000000a0e00000, 0x00000000a0f00000, 0x00000000a0f00000|100%| O|  |TAMS 0x00000000a0f00000, 0x00000000a0e00000| Untracked 
|   3|0x00000000a0f00000, 0x00000000a1000000, 0x00000000a1000000|100%|HS|  |TAMS 0x00000000a1000000, 0x00000000a0f00000| Complete 
|   4|0x00000000a1000000, 0x00000000a1100000, 0x00000000a1100000|100%|HS|  |TAMS 0x00000000a1100000, 0x00000000a1000000| Complete 
|   5|0x00000000a1100000, 0x00000000a1200000, 0x00000000a1200000|100%|HC|  |TAMS 0x00000000a1200000, 0x00000000a1100000| Complete 
|   6|0x00000000a1200000, 0x00000000a1300000, 0x00000000a1300000|100%| O|  |TAMS 0x00000000a1200000, 0x00000000a1200000| Untracked 
|   7|0x00000000a1300000, 0x00000000a1400000, 0x00000000a1400000|100%| O|  |TAMS 0x00000000a1400000, 0x00000000a1300000| Untracked 
|   8|0x00000000a1400000, 0x00000000a1500000, 0x00000000a1500000|100%| O|  |TAMS 0x00000000a1500000, 0x00000000a1400000| Untracked 
|   9|0x00000000a1500000, 0x00000000a1600000, 0x00000000a1600000|100%| O|  |TAMS 0x00000000a1600000, 0x00000000a1500000| Untracked 
|  10|0x00000000a1600000, 0x00000000a1700000, 0x00000000a1700000|100%| O|  |TAMS 0x00000000a1700000, 0x00000000a1600000| Untracked 
|  11|0x00000000a1700000, 0x00000000a1800000, 0x00000000a1800000|100%| O|  |TAMS 0x00000000a1800000, 0x00000000a1700000| Untracked 
|  12|0x00000000a1800000, 0x00000000a1900000, 0x00000000a1900000|100%| O|  |TAMS 0x00000000a1900000, 0x00000000a1800000| Untracked 
|  13|0x00000000a1900000, 0x00000000a1a00000, 0x00000000a1a00000|100%| O|  |TAMS 0x00000000a1a00000, 0x00000000a1900000| Untracked 
|  14|0x00000000a1a00000, 0x00000000a1b00000, 0x00000000a1b00000|100%| O|  |TAMS 0x00000000a1b00000, 0x00000000a1a00000| Untracked 
|  15|0x00000000a1b00000, 0x00000000a1c00000, 0x00000000a1c00000|100%| O|  |TAMS 0x00000000a1c00000, 0x00000000a1b00000| Untracked 
|  16|0x00000000a1c00000, 0x00000000a1d00000, 0x00000000a1d00000|100%| O|  |TAMS 0x00000000a1d00000, 0x00000000a1c00000| Untracked 
|  17|0x00000000a1d00000, 0x00000000a1e00000, 0x00000000a1e00000|100%| O|  |TAMS 0x00000000a1e00000, 0x00000000a1d00000| Untracked 
|  18|0x00000000a1e00000, 0x00000000a1f00000, 0x00000000a1f00000|100%| O|  |TAMS 0x00000000a1f00000, 0x00000000a1e00000| Untracked 
|  19|0x00000000a1f00000, 0x00000000a2000000, 0x00000000a2000000|100%| O|  |TAMS 0x00000000a2000000, 0x00000000a1f00000| Untracked 
|  20|0x00000000a2000000, 0x00000000a2100000, 0x00000000a2100000|100%| O|  |TAMS 0x00000000a2100000, 0x00000000a2000000| Untracked 
|  21|0x00000000a2100000, 0x00000000a2200000, 0x00000000a2200000|100%|HS|  |TAMS 0x00000000a2200000, 0x00000000a2100000| Complete 
|  22|0x00000000a2200000, 0x00000000a2300000, 0x00000000a2300000|100%| O|  |TAMS 0x00000000a2300000, 0x00000000a2200000| Untracked 
|  23|0x00000000a2300000, 0x00000000a2400000, 0x00000000a2400000|100%| O|  |TAMS 0x00000000a2400000, 0x00000000a2300000| Untracked 
|  24|0x00000000a2400000, 0x00000000a2500000, 0x00000000a2500000|100%| O|  |TAMS 0x00000000a2400000, 0x00000000a2400000| Untracked 
|  25|0x00000000a2500000, 0x00000000a2600000, 0x00000000a2600000|100%| O|  |TAMS 0x00000000a2600000, 0x00000000a2500000| Untracked 
|  26|0x00000000a2600000, 0x00000000a2700000, 0x00000000a2700000|100%| O|  |TAMS 0x00000000a2700000, 0x00000000a2600000| Untracked 
|  27|0x00000000a2700000, 0x00000000a2700000, 0x00000000a2800000|  0%| F|  |TAMS 0x00000000a2700000, 0x00000000a2700000| Untracked 
|  28|0x00000000a2800000, 0x00000000a2800000, 0x00000000a2900000|  0%| F|  |TAMS 0x00000000a2800000, 0x00000000a2800000| Untracked 
|  29|0x00000000a2900000, 0x00000000a2a00000, 0x00000000a2a00000|100%| O|  |TAMS 0x00000000a2a00000, 0x00000000a2900000| Untracked 
|  30|0x00000000a2a00000, 0x00000000a2b00000, 0x00000000a2b00000|100%| O|  |TAMS 0x00000000a2b00000, 0x00000000a2a00000| Untracked 
|  31|0x00000000a2b00000, 0x00000000a2c00000, 0x00000000a2c00000|100%| O|  |TAMS 0x00000000a2c00000, 0x00000000a2b00000| Untracked 
|  32|0x00000000a2c00000, 0x00000000a2d00000, 0x00000000a2d00000|100%| O|  |TAMS 0x00000000a2d00000, 0x00000000a2c00000| Untracked 
|  33|0x00000000a2d00000, 0x00000000a2e00000, 0x00000000a2e00000|100%| O|  |TAMS 0x00000000a2e00000, 0x00000000a2d00000| Untracked 
|  34|0x00000000a2e00000, 0x00000000a2f00000, 0x00000000a2f00000|100%| O|  |TAMS 0x00000000a2f00000, 0x00000000a2e00000| Untracked 
|  35|0x00000000a2f00000, 0x00000000a3000000, 0x00000000a3000000|100%| O|  |TAMS 0x00000000a3000000, 0x00000000a2f00000| Untracked 
|  36|0x00000000a3000000, 0x00000000a3100000, 0x00000000a3100000|100%| O|  |TAMS 0x00000000a3100000, 0x00000000a3000000| Untracked 
|  37|0x00000000a3100000, 0x00000000a3200000, 0x00000000a3200000|100%| O|  |TAMS 0x00000000a3200000, 0x00000000a3100000| Untracked 
|  38|0x00000000a3200000, 0x00000000a3300000, 0x00000000a3300000|100%| O|  |TAMS 0x00000000a3300000, 0x00000000a3200000| Untracked 
|  39|0x00000000a3300000, 0x00000000a3400000, 0x00000000a3400000|100%| O|  |TAMS 0x00000000a3300000, 0x00000000a3300000| Untracked 
|  40|0x00000000a3400000, 0x00000000a3500000, 0x00000000a3500000|100%| O|  |TAMS 0x00000000a3500000, 0x00000000a3400000| Untracked 
|  41|0x00000000a3500000, 0x00000000a3600000, 0x00000000a3600000|100%| O|  |TAMS 0x00000000a3600000, 0x00000000a3500000| Untracked 
|  42|0x00000000a3600000, 0x00000000a3700000, 0x00000000a3700000|100%| O|  |TAMS 0x00000000a3700000, 0x00000000a3600000| Untracked 
|  43|0x00000000a3700000, 0x00000000a3800000, 0x00000000a3800000|100%| O|  |TAMS 0x00000000a3800000, 0x00000000a3700000| Untracked 
|  44|0x00000000a3800000, 0x00000000a3900000, 0x00000000a3900000|100%| O|  |TAMS 0x00000000a3900000, 0x00000000a3800000| Untracked 
|  45|0x00000000a3900000, 0x00000000a3a00000, 0x00000000a3a00000|100%| O|  |TAMS 0x00000000a3a00000, 0x00000000a3900000| Untracked 
|  46|0x00000000a3a00000, 0x00000000a3b00000, 0x00000000a3b00000|100%| O|  |TAMS 0x00000000a3b00000, 0x00000000a3a00000| Untracked 
|  47|0x00000000a3b00000, 0x00000000a3c00000, 0x00000000a3c00000|100%| O|  |TAMS 0x00000000a3c00000, 0x00000000a3b00000| Untracked 
|  48|0x00000000a3c00000, 0x00000000a3d00000, 0x00000000a3d00000|100%| O|  |TAMS 0x00000000a3d00000, 0x00000000a3c00000| Untracked 
|  49|0x00000000a3d00000, 0x00000000a3e00000, 0x00000000a3e00000|100%| O|  |TAMS 0x00000000a3e00000, 0x00000000a3d00000| Untracked 
|  50|0x00000000a3e00000, 0x00000000a3f00000, 0x00000000a3f00000|100%| O|  |TAMS 0x00000000a3f00000, 0x00000000a3e00000| Untracked 
|  51|0x00000000a3f00000, 0x00000000a4000000, 0x00000000a4000000|100%| O|  |TAMS 0x00000000a4000000, 0x00000000a3f00000| Untracked 
|  52|0x00000000a4000000, 0x00000000a4100000, 0x00000000a4100000|100%| O|  |TAMS 0x00000000a4000000, 0x00000000a4000000| Untracked 
|  53|0x00000000a4100000, 0x00000000a4200000, 0x00000000a4200000|100%| O|  |TAMS 0x00000000a4100000, 0x00000000a4100000| Untracked 
|  54|0x00000000a4200000, 0x00000000a4300000, 0x00000000a4300000|100%| O|  |TAMS 0x00000000a4200000, 0x00000000a4200000| Untracked 
|  55|0x00000000a4300000, 0x00000000a4400000, 0x00000000a4400000|100%| O|  |TAMS 0x00000000a4300000, 0x00000000a4300000| Untracked 
|  56|0x00000000a4400000, 0x00000000a4500000, 0x00000000a4500000|100%| O|  |TAMS 0x00000000a4400000, 0x00000000a4400000| Untracked 
|  57|0x00000000a4500000, 0x00000000a4600000, 0x00000000a4600000|100%| O|  |TAMS 0x00000000a4500000, 0x00000000a4500000| Untracked 
|  58|0x00000000a4600000, 0x00000000a4700000, 0x00000000a4700000|100%| O|  |TAMS 0x00000000a4600000, 0x00000000a4600000| Untracked 
|  59|0x00000000a4700000, 0x00000000a4800000, 0x00000000a4800000|100%| O|  |TAMS 0x00000000a4700000, 0x00000000a4700000| Untracked 
|  60|0x00000000a4800000, 0x00000000a4900000, 0x00000000a4900000|100%| O|  |TAMS 0x00000000a4800000, 0x00000000a4800000| Untracked 
|  61|0x00000000a4900000, 0x00000000a49f9a00, 0x00000000a4a00000| 97%| O|  |TAMS 0x00000000a4900000, 0x00000000a4900000| Untracked 
|  62|0x00000000a4a00000, 0x00000000a4a00000, 0x00000000a4b00000|  0%| F|  |TAMS 0x00000000a4a00000, 0x00000000a4a00000| Untracked 
|  63|0x00000000a4b00000, 0x00000000a4b00000, 0x00000000a4c00000|  0%| F|  |TAMS 0x00000000a4b00000, 0x00000000a4b00000| Untracked 
|  64|0x00000000a4c00000, 0x00000000a4d00000, 0x00000000a4d00000|100%| O|  |TAMS 0x00000000a4d00000, 0x00000000a4c00000| Untracked 
|  65|0x00000000a4d00000, 0x00000000a4e00000, 0x00000000a4e00000|100%| O|  |TAMS 0x00000000a4e00000, 0x00000000a4d00000| Untracked 
|  66|0x00000000a4e00000, 0x00000000a4f00000, 0x00000000a4f00000|100%| O|  |TAMS 0x00000000a4e99c00, 0x00000000a4e00000| Untracked 
|  67|0x00000000a4f00000, 0x00000000a4f00000, 0x00000000a5000000|  0%| F|  |TAMS 0x00000000a4f00000, 0x00000000a4f00000| Untracked 
|  68|0x00000000a5000000, 0x00000000a5000000, 0x00000000a5100000|  0%| F|  |TAMS 0x00000000a5000000, 0x00000000a5000000| Untracked 
|  69|0x00000000a5100000, 0x00000000a5100000, 0x00000000a5200000|  0%| F|  |TAMS 0x00000000a5100000, 0x00000000a5100000| Untracked 
|  70|0x00000000a5200000, 0x00000000a5200000, 0x00000000a5300000|  0%| F|  |TAMS 0x00000000a5200000, 0x00000000a5200000| Untracked 
|  71|0x00000000a5300000, 0x00000000a5300000, 0x00000000a5400000|  0%| F|  |TAMS 0x00000000a5300000, 0x00000000a5300000| Untracked 
|  72|0x00000000a5400000, 0x00000000a5400000, 0x00000000a5500000|  0%| F|  |TAMS 0x00000000a5400000, 0x00000000a5400000| Untracked 
|  73|0x00000000a5500000, 0x00000000a5500000, 0x00000000a5600000|  0%| F|  |TAMS 0x00000000a5500000, 0x00000000a5500000| Untracked 
|  74|0x00000000a5600000, 0x00000000a5600000, 0x00000000a5700000|  0%| F|  |TAMS 0x00000000a5600000, 0x00000000a5600000| Untracked 
|  75|0x00000000a5700000, 0x00000000a5700000, 0x00000000a5800000|  0%| F|  |TAMS 0x00000000a5700000, 0x00000000a5700000| Untracked 
|  76|0x00000000a5800000, 0x00000000a5800000, 0x00000000a5900000|  0%| F|  |TAMS 0x00000000a5800000, 0x00000000a5800000| Untracked 
|  77|0x00000000a5900000, 0x00000000a5900000, 0x00000000a5a00000|  0%| F|  |TAMS 0x00000000a5900000, 0x00000000a5900000| Untracked 
|  78|0x00000000a5a00000, 0x00000000a5a00000, 0x00000000a5b00000|  0%| F|  |TAMS 0x00000000a5a00000, 0x00000000a5a00000| Untracked 
|  79|0x00000000a5b00000, 0x00000000a5b00000, 0x00000000a5c00000|  0%| F|  |TAMS 0x00000000a5b00000, 0x00000000a5b00000| Untracked 
|  80|0x00000000a5c00000, 0x00000000a5c00000, 0x00000000a5d00000|  0%| F|  |TAMS 0x00000000a5c00000, 0x00000000a5c00000| Untracked 
|  81|0x00000000a5d00000, 0x00000000a5d00000, 0x00000000a5e00000|  0%| F|  |TAMS 0x00000000a5d00000, 0x00000000a5d00000| Untracked 
|  82|0x00000000a5e00000, 0x00000000a5e00000, 0x00000000a5f00000|  0%| F|  |TAMS 0x00000000a5e00000, 0x00000000a5e00000| Untracked 
|  83|0x00000000a5f00000, 0x00000000a5f00000, 0x00000000a6000000|  0%| F|  |TAMS 0x00000000a5f00000, 0x00000000a5f00000| Untracked 
|  84|0x00000000a6000000, 0x00000000a6000000, 0x00000000a6100000|  0%| F|  |TAMS 0x00000000a6000000, 0x00000000a6000000| Untracked 
|  85|0x00000000a6100000, 0x00000000a6100000, 0x00000000a6200000|  0%| F|  |TAMS 0x00000000a6100000, 0x00000000a6100000| Untracked 
|  86|0x00000000a6200000, 0x00000000a6200000, 0x00000000a6300000|  0%| F|  |TAMS 0x00000000a6200000, 0x00000000a6200000| Untracked 
|  87|0x00000000a6300000, 0x00000000a6300000, 0x00000000a6400000|  0%| F|  |TAMS 0x00000000a6300000, 0x00000000a6300000| Untracked 
|  88|0x00000000a6400000, 0x00000000a6400000, 0x00000000a6500000|  0%| F|  |TAMS 0x00000000a6400000, 0x00000000a6400000| Untracked 
|  89|0x00000000a6500000, 0x00000000a6500000, 0x00000000a6600000|  0%| F|  |TAMS 0x00000000a6500000, 0x00000000a6500000| Untracked 
|  90|0x00000000a6600000, 0x00000000a6600000, 0x00000000a6700000|  0%| F|  |TAMS 0x00000000a6600000, 0x00000000a6600000| Untracked 
|  91|0x00000000a6700000, 0x00000000a6700000, 0x00000000a6800000|  0%| F|  |TAMS 0x00000000a6700000, 0x00000000a6700000| Untracked 
|  92|0x00000000a6800000, 0x00000000a6800000, 0x00000000a6900000|  0%| F|  |TAMS 0x00000000a6800000, 0x00000000a6800000| Untracked 
|  93|0x00000000a6900000, 0x00000000a6900000, 0x00000000a6a00000|  0%| F|  |TAMS 0x00000000a6900000, 0x00000000a6900000| Untracked 
|  94|0x00000000a6a00000, 0x00000000a6a00000, 0x00000000a6b00000|  0%| F|  |TAMS 0x00000000a6a00000, 0x00000000a6a00000| Untracked 
|  95|0x00000000a6b00000, 0x00000000a6b32200, 0x00000000a6c00000| 19%| S|CS|TAMS 0x00000000a6b00000, 0x00000000a6b00000| Complete 
|  96|0x00000000a6c00000, 0x00000000a6d00000, 0x00000000a6d00000|100%| S|CS|TAMS 0x00000000a6c00000, 0x00000000a6c00000| Complete 
|  97|0x00000000a6d00000, 0x00000000a6e00000, 0x00000000a6e00000|100%| S|CS|TAMS 0x00000000a6d00000, 0x00000000a6d00000| Complete 
|  98|0x00000000a6e00000, 0x00000000a6f00000, 0x00000000a6f00000|100%| S|CS|TAMS 0x00000000a6e00000, 0x00000000a6e00000| Complete 
|  99|0x00000000a6f00000, 0x00000000a6f00000, 0x00000000a7000000|  0%| F|  |TAMS 0x00000000a6f00000, 0x00000000a6f00000| Untracked 
| 100|0x00000000a7000000, 0x00000000a7000000, 0x00000000a7100000|  0%| F|  |TAMS 0x00000000a7000000, 0x00000000a7000000| Untracked 
| 101|0x00000000a7100000, 0x00000000a7100000, 0x00000000a7200000|  0%| F|  |TAMS 0x00000000a7100000, 0x00000000a7100000| Untracked 
| 102|0x00000000a7200000, 0x00000000a7200000, 0x00000000a7300000|  0%| F|  |TAMS 0x00000000a7200000, 0x00000000a7200000| Untracked 
| 103|0x00000000a7300000, 0x00000000a7300000, 0x00000000a7400000|  0%| F|  |TAMS 0x00000000a7300000, 0x00000000a7300000| Untracked 
| 104|0x00000000a7400000, 0x00000000a7400000, 0x00000000a7500000|  0%| F|  |TAMS 0x00000000a7400000, 0x00000000a7400000| Untracked 
| 105|0x00000000a7500000, 0x00000000a7500000, 0x00000000a7600000|  0%| F|  |TAMS 0x00000000a7500000, 0x00000000a7500000| Untracked 
| 106|0x00000000a7600000, 0x00000000a7600000, 0x00000000a7700000|  0%| F|  |TAMS 0x00000000a7600000, 0x00000000a7600000| Untracked 
| 107|0x00000000a7700000, 0x00000000a7700000, 0x00000000a7800000|  0%| F|  |TAMS 0x00000000a7700000, 0x00000000a7700000| Untracked 
| 108|0x00000000a7800000, 0x00000000a7800000, 0x00000000a7900000|  0%| F|  |TAMS 0x00000000a7800000, 0x00000000a7800000| Untracked 
| 109|0x00000000a7900000, 0x00000000a7900000, 0x00000000a7a00000|  0%| F|  |TAMS 0x00000000a7900000, 0x00000000a7900000| Untracked 
| 110|0x00000000a7a00000, 0x00000000a7a00000, 0x00000000a7b00000|  0%| F|  |TAMS 0x00000000a7a00000, 0x00000000a7a00000| Untracked 
| 111|0x00000000a7b00000, 0x00000000a7b00000, 0x00000000a7c00000|  0%| F|  |TAMS 0x00000000a7b00000, 0x00000000a7b00000| Untracked 
| 112|0x00000000a7c00000, 0x00000000a7c00000, 0x00000000a7d00000|  0%| F|  |TAMS 0x00000000a7c00000, 0x00000000a7c00000| Untracked 
| 113|0x00000000a7d00000, 0x00000000a7d00000, 0x00000000a7e00000|  0%| F|  |TAMS 0x00000000a7d00000, 0x00000000a7d00000| Untracked 
| 114|0x00000000a7e00000, 0x00000000a7e00000, 0x00000000a7f00000|  0%| F|  |TAMS 0x00000000a7e00000, 0x00000000a7e00000| Untracked 
| 115|0x00000000a7f00000, 0x00000000a7f00000, 0x00000000a8000000|  0%| F|  |TAMS 0x00000000a7f00000, 0x00000000a7f00000| Untracked 
| 116|0x00000000a8000000, 0x00000000a8000000, 0x00000000a8100000|  0%| F|  |TAMS 0x00000000a8000000, 0x00000000a8000000| Untracked 
| 117|0x00000000a8100000, 0x00000000a8100000, 0x00000000a8200000|  0%| F|  |TAMS 0x00000000a8100000, 0x00000000a8100000| Untracked 
| 118|0x00000000a8200000, 0x00000000a8200000, 0x00000000a8300000|  0%| F|  |TAMS 0x00000000a8200000, 0x00000000a8200000| Untracked 
| 119|0x00000000a8300000, 0x00000000a8300000, 0x00000000a8400000|  0%| F|  |TAMS 0x00000000a8300000, 0x00000000a8300000| Untracked 
| 120|0x00000000a8400000, 0x00000000a8400000, 0x00000000a8500000|  0%| F|  |TAMS 0x00000000a8400000, 0x00000000a8400000| Untracked 
| 121|0x00000000a8500000, 0x00000000a8500000, 0x00000000a8600000|  0%| F|  |TAMS 0x00000000a8500000, 0x00000000a8500000| Untracked 
| 122|0x00000000a8600000, 0x00000000a8600000, 0x00000000a8700000|  0%| F|  |TAMS 0x00000000a8600000, 0x00000000a8600000| Untracked 
| 123|0x00000000a8700000, 0x00000000a8700000, 0x00000000a8800000|  0%| F|  |TAMS 0x00000000a8700000, 0x00000000a8700000| Untracked 
| 124|0x00000000a8800000, 0x00000000a8800000, 0x00000000a8900000|  0%| F|  |TAMS 0x00000000a8800000, 0x00000000a8800000| Untracked 
| 125|0x00000000a8900000, 0x00000000a8900000, 0x00000000a8a00000|  0%| F|  |TAMS 0x00000000a8900000, 0x00000000a8900000| Untracked 
| 126|0x00000000a8a00000, 0x00000000a8a00000, 0x00000000a8b00000|  0%| F|  |TAMS 0x00000000a8a00000, 0x00000000a8a00000| Untracked 
| 127|0x00000000a8b00000, 0x00000000a8b00000, 0x00000000a8c00000|  0%| F|  |TAMS 0x00000000a8b00000, 0x00000000a8b00000| Untracked 
| 128|0x00000000a8c00000, 0x00000000a8c00000, 0x00000000a8d00000|  0%| F|  |TAMS 0x00000000a8c00000, 0x00000000a8c00000| Untracked 
| 129|0x00000000a8d00000, 0x00000000a8d00000, 0x00000000a8e00000|  0%| F|  |TAMS 0x00000000a8d00000, 0x00000000a8d00000| Untracked 
| 130|0x00000000a8e00000, 0x00000000a8e00000, 0x00000000a8f00000|  0%| F|  |TAMS 0x00000000a8e00000, 0x00000000a8e00000| Untracked 
| 131|0x00000000a8f00000, 0x00000000a8f00000, 0x00000000a9000000|  0%| F|  |TAMS 0x00000000a8f00000, 0x00000000a8f00000| Untracked 
| 132|0x00000000a9000000, 0x00000000a9000000, 0x00000000a9100000|  0%| F|  |TAMS 0x00000000a9000000, 0x00000000a9000000| Untracked 
| 133|0x00000000a9100000, 0x00000000a9100000, 0x00000000a9200000|  0%| F|  |TAMS 0x00000000a9100000, 0x00000000a9100000| Untracked 
| 134|0x00000000a9200000, 0x00000000a9200000, 0x00000000a9300000|  0%| F|  |TAMS 0x00000000a9200000, 0x00000000a9200000| Untracked 
| 135|0x00000000a9300000, 0x00000000a9300000, 0x00000000a9400000|  0%| F|  |TAMS 0x00000000a9300000, 0x00000000a9300000| Untracked 
| 136|0x00000000a9400000, 0x00000000a9400000, 0x00000000a9500000|  0%| F|  |TAMS 0x00000000a9400000, 0x00000000a9400000| Untracked 
| 137|0x00000000a9500000, 0x00000000a9500000, 0x00000000a9600000|  0%| F|  |TAMS 0x00000000a9500000, 0x00000000a9500000| Untracked 
| 138|0x00000000a9600000, 0x00000000a9600000, 0x00000000a9700000|  0%| F|  |TAMS 0x00000000a9600000, 0x00000000a9600000| Untracked 
| 139|0x00000000a9700000, 0x00000000a9700000, 0x00000000a9800000|  0%| F|  |TAMS 0x00000000a9700000, 0x00000000a9700000| Untracked 
| 140|0x00000000a9800000, 0x00000000a9800000, 0x00000000a9900000|  0%| F|  |TAMS 0x00000000a9800000, 0x00000000a9800000| Untracked 
| 141|0x00000000a9900000, 0x00000000a9900000, 0x00000000a9a00000|  0%| F|  |TAMS 0x00000000a9900000, 0x00000000a9900000| Untracked 
| 142|0x00000000a9a00000, 0x00000000a9a00000, 0x00000000a9b00000|  0%| F|  |TAMS 0x00000000a9a00000, 0x00000000a9a00000| Untracked 
| 143|0x00000000a9b00000, 0x00000000a9b00000, 0x00000000a9c00000|  0%| F|  |TAMS 0x00000000a9b00000, 0x00000000a9b00000| Untracked 
| 144|0x00000000a9c00000, 0x00000000a9c00000, 0x00000000a9d00000|  0%| F|  |TAMS 0x00000000a9c00000, 0x00000000a9c00000| Untracked 
| 145|0x00000000a9d00000, 0x00000000a9d00000, 0x00000000a9e00000|  0%| F|  |TAMS 0x00000000a9d00000, 0x00000000a9d00000| Untracked 
| 146|0x00000000a9e00000, 0x00000000a9e00000, 0x00000000a9f00000|  0%| F|  |TAMS 0x00000000a9e00000, 0x00000000a9e00000| Untracked 
| 147|0x00000000a9f00000, 0x00000000a9f00000, 0x00000000aa000000|  0%| F|  |TAMS 0x00000000a9f00000, 0x00000000a9f00000| Untracked 
| 148|0x00000000aa000000, 0x00000000aa000000, 0x00000000aa100000|  0%| F|  |TAMS 0x00000000aa000000, 0x00000000aa000000| Untracked 
| 149|0x00000000aa100000, 0x00000000aa100000, 0x00000000aa200000|  0%| F|  |TAMS 0x00000000aa100000, 0x00000000aa100000| Untracked 
| 150|0x00000000aa200000, 0x00000000aa200000, 0x00000000aa300000|  0%| F|  |TAMS 0x00000000aa200000, 0x00000000aa200000| Untracked 
| 151|0x00000000aa300000, 0x00000000aa300000, 0x00000000aa400000|  0%| F|  |TAMS 0x00000000aa300000, 0x00000000aa300000| Untracked 
| 152|0x00000000aa400000, 0x00000000aa400000, 0x00000000aa500000|  0%| F|  |TAMS 0x00000000aa400000, 0x00000000aa400000| Untracked 
| 153|0x00000000aa500000, 0x00000000aa500000, 0x00000000aa600000|  0%| F|  |TAMS 0x00000000aa500000, 0x00000000aa500000| Untracked 
| 154|0x00000000aa600000, 0x00000000aa600000, 0x00000000aa700000|  0%| F|  |TAMS 0x00000000aa600000, 0x00000000aa600000| Untracked 
| 155|0x00000000aa700000, 0x00000000aa700000, 0x00000000aa800000|  0%| F|  |TAMS 0x00000000aa700000, 0x00000000aa700000| Untracked 
| 156|0x00000000aa800000, 0x00000000aa800000, 0x00000000aa900000|  0%| F|  |TAMS 0x00000000aa800000, 0x00000000aa800000| Untracked 
| 157|0x00000000aa900000, 0x00000000aa900000, 0x00000000aaa00000|  0%| F|  |TAMS 0x00000000aa900000, 0x00000000aa900000| Untracked 
| 158|0x00000000aaa00000, 0x00000000aaa00000, 0x00000000aab00000|  0%| F|  |TAMS 0x00000000aaa00000, 0x00000000aaa00000| Untracked 
| 159|0x00000000aab00000, 0x00000000aab00000, 0x00000000aac00000|  0%| F|  |TAMS 0x00000000aab00000, 0x00000000aab00000| Untracked 
| 160|0x00000000aac00000, 0x00000000aac00000, 0x00000000aad00000|  0%| F|  |TAMS 0x00000000aac00000, 0x00000000aac00000| Untracked 
| 161|0x00000000aad00000, 0x00000000aad00000, 0x00000000aae00000|  0%| F|  |TAMS 0x00000000aad00000, 0x00000000aad00000| Untracked 
| 162|0x00000000aae00000, 0x00000000aae00000, 0x00000000aaf00000|  0%| F|  |TAMS 0x00000000aae00000, 0x00000000aae00000| Untracked 
| 163|0x00000000aaf00000, 0x00000000aaf00000, 0x00000000ab000000|  0%| F|  |TAMS 0x00000000aaf00000, 0x00000000aaf00000| Untracked 
| 164|0x00000000ab000000, 0x00000000ab000000, 0x00000000ab100000|  0%| F|  |TAMS 0x00000000ab000000, 0x00000000ab000000| Untracked 
| 165|0x00000000ab100000, 0x00000000ab100000, 0x00000000ab200000|  0%| F|  |TAMS 0x00000000ab100000, 0x00000000ab100000| Untracked 
| 166|0x00000000ab200000, 0x00000000ab200000, 0x00000000ab300000|  0%| F|  |TAMS 0x00000000ab200000, 0x00000000ab200000| Untracked 
| 167|0x00000000ab300000, 0x00000000ab300000, 0x00000000ab400000|  0%| F|  |TAMS 0x00000000ab300000, 0x00000000ab300000| Untracked 
| 168|0x00000000ab400000, 0x00000000ab400000, 0x00000000ab500000|  0%| F|  |TAMS 0x00000000ab400000, 0x00000000ab400000| Untracked 
| 169|0x00000000ab500000, 0x00000000ab500000, 0x00000000ab600000|  0%| F|  |TAMS 0x00000000ab500000, 0x00000000ab500000| Untracked 
| 170|0x00000000ab600000, 0x00000000ab600000, 0x00000000ab700000|  0%| F|  |TAMS 0x00000000ab600000, 0x00000000ab600000| Untracked 
| 171|0x00000000ab700000, 0x00000000ab700000, 0x00000000ab800000|  0%| F|  |TAMS 0x00000000ab700000, 0x00000000ab700000| Untracked 
| 172|0x00000000ab800000, 0x00000000ab800000, 0x00000000ab900000|  0%| F|  |TAMS 0x00000000ab800000, 0x00000000ab800000| Untracked 
| 173|0x00000000ab900000, 0x00000000ab900000, 0x00000000aba00000|  0%| F|  |TAMS 0x00000000ab900000, 0x00000000ab900000| Untracked 
| 174|0x00000000aba00000, 0x00000000aba00000, 0x00000000abb00000|  0%| F|  |TAMS 0x00000000aba00000, 0x00000000aba00000| Untracked 
| 175|0x00000000abb00000, 0x00000000abb00000, 0x00000000abc00000|  0%| F|  |TAMS 0x00000000abb00000, 0x00000000abb00000| Untracked 
| 176|0x00000000abc00000, 0x00000000abc00000, 0x00000000abd00000|  0%| F|  |TAMS 0x00000000abc00000, 0x00000000abc00000| Untracked 
| 177|0x00000000abd00000, 0x00000000abd00000, 0x00000000abe00000|  0%| F|  |TAMS 0x00000000abd00000, 0x00000000abd00000| Untracked 
| 178|0x00000000abe00000, 0x00000000abe00000, 0x00000000abf00000|  0%| F|  |TAMS 0x00000000abe00000, 0x00000000abe00000| Untracked 
| 179|0x00000000abf00000, 0x00000000abf00000, 0x00000000ac000000|  0%| F|  |TAMS 0x00000000abf00000, 0x00000000abf00000| Untracked 
| 180|0x00000000ac000000, 0x00000000ac000000, 0x00000000ac100000|  0%| F|  |TAMS 0x00000000ac000000, 0x00000000ac000000| Untracked 
| 181|0x00000000ac100000, 0x00000000ac100000, 0x00000000ac200000|  0%| F|  |TAMS 0x00000000ac100000, 0x00000000ac100000| Untracked 
| 182|0x00000000ac200000, 0x00000000ac200000, 0x00000000ac300000|  0%| F|  |TAMS 0x00000000ac200000, 0x00000000ac200000| Untracked 
| 183|0x00000000ac300000, 0x00000000ac300000, 0x00000000ac400000|  0%| F|  |TAMS 0x00000000ac300000, 0x00000000ac300000| Untracked 
| 184|0x00000000ac400000, 0x00000000ac400000, 0x00000000ac500000|  0%| F|  |TAMS 0x00000000ac400000, 0x00000000ac400000| Untracked 
| 185|0x00000000ac500000, 0x00000000ac500000, 0x00000000ac600000|  0%| F|  |TAMS 0x00000000ac500000, 0x00000000ac500000| Untracked 
| 186|0x00000000ac600000, 0x00000000ac600000, 0x00000000ac700000|  0%| F|  |TAMS 0x00000000ac600000, 0x00000000ac600000| Untracked 
| 187|0x00000000ac700000, 0x00000000ac700000, 0x00000000ac800000|  0%| F|  |TAMS 0x00000000ac700000, 0x00000000ac700000| Untracked 
| 188|0x00000000ac800000, 0x00000000ac800000, 0x00000000ac900000|  0%| F|  |TAMS 0x00000000ac800000, 0x00000000ac800000| Untracked 
| 189|0x00000000ac900000, 0x00000000ac900000, 0x00000000aca00000|  0%| F|  |TAMS 0x00000000ac900000, 0x00000000ac900000| Untracked 
| 190|0x00000000aca00000, 0x00000000aca00000, 0x00000000acb00000|  0%| F|  |TAMS 0x00000000aca00000, 0x00000000aca00000| Untracked 
| 191|0x00000000acb00000, 0x00000000acb00000, 0x00000000acc00000|  0%| F|  |TAMS 0x00000000acb00000, 0x00000000acb00000| Untracked 
| 192|0x00000000acc00000, 0x00000000acc00000, 0x00000000acd00000|  0%| F|  |TAMS 0x00000000acc00000, 0x00000000acc00000| Untracked 
| 193|0x00000000acd00000, 0x00000000acd00000, 0x00000000ace00000|  0%| F|  |TAMS 0x00000000acd00000, 0x00000000acd00000| Untracked 
| 194|0x00000000ace00000, 0x00000000ace00000, 0x00000000acf00000|  0%| F|  |TAMS 0x00000000ace00000, 0x00000000ace00000| Untracked 
| 195|0x00000000acf00000, 0x00000000acf00000, 0x00000000ad000000|  0%| F|  |TAMS 0x00000000acf00000, 0x00000000acf00000| Untracked 
| 196|0x00000000ad000000, 0x00000000ad000000, 0x00000000ad100000|  0%| F|  |TAMS 0x00000000ad000000, 0x00000000ad000000| Untracked 
| 197|0x00000000ad100000, 0x00000000ad100000, 0x00000000ad200000|  0%| F|  |TAMS 0x00000000ad100000, 0x00000000ad100000| Untracked 
| 198|0x00000000ad200000, 0x00000000ad200000, 0x00000000ad300000|  0%| F|  |TAMS 0x00000000ad200000, 0x00000000ad200000| Untracked 
| 199|0x00000000ad300000, 0x00000000ad300000, 0x00000000ad400000|  0%| F|  |TAMS 0x00000000ad300000, 0x00000000ad300000| Untracked 
| 200|0x00000000ad400000, 0x00000000ad400000, 0x00000000ad500000|  0%| F|  |TAMS 0x00000000ad400000, 0x00000000ad400000| Untracked 

Card table byte_map: [0x000002b9f99c0000,0x000002b9f9cc0000] _byte_map_base: 0x000002b9f94ba000

Marking Bits (Prev, Next): (CMBitMap*) 0x000002b9ef1954a0, (CMBitMap*) 0x000002b9ef1954e0
 Prev Bits: [0x000002b9f9fc0000, 0x000002b9fb790000)
 Next Bits: [0x000002b9fb790000, 0x000002b9fcf60000)

Polling page: 0x000002b9ee940000

Metaspace:

Usage:
  Non-class:     48.96 MB used.
      Class:      8.07 MB used.
       Both:     57.03 MB used.

Virtual space:
  Non-class space:       56.00 MB reserved,      49.25 MB ( 88%) committed,  7 nodes.
      Class space:        1.00 GB reserved,       8.31 MB ( <1%) committed,  1 nodes.
             Both:        1.05 GB reserved,      57.56 MB (  5%) committed. 

Chunk freelists:
   Non-Class:  1.91 MB
       Class:  3.58 MB
        Both:  5.48 MB

MaxMetaspaceSize: unlimited
CompressedClassSpaceSize: 1.00 GB
Initial GC threshold: 21.00 MB
Current GC threshold: 59.00 MB
CDS: on
MetaspaceReclaimPolicy: balanced
 - commit_granule_bytes: 65536.
 - commit_granule_words: 8192.
 - virtual_space_node_default_size: 1048576.
 - enlarge_chunks_in_place: 1.
 - new_chunks_are_fully_committed: 0.
 - uncommit_free_chunks: 1.
 - use_allocation_guard: 0.
 - handle_deallocations: 1.


Internal statistics:

num_allocs_failed_limit: 6.
num_arena_births: 686.
num_arena_deaths: 102.
num_vsnodes_births: 8.
num_vsnodes_deaths: 0.
num_space_committed: 920.
num_space_uncommitted: 0.
num_chunks_returned_to_freelist: 149.
num_chunks_taken_from_freelist: 3071.
num_chunk_merges: 57.
num_chunk_splits: 2057.
num_chunks_enlarged: 1444.
num_purges: 2.
num_inconsistent_stats: 0.

CodeCache: size=49152Kb used=13311Kb max_used=13311Kb free=35840Kb
 bounds [0x000002b9f69c0000, 0x000002b9f76c0000, 0x000002b9f99c0000]
 total_blobs=6942 nmethods=6266 adapters=601
 compilation: enabled
              stopped_count=0, restarted_count=0
 full_count=0

Compilation events (20 events):
Event: 6.997 Thread 0x000002b9ff5ae650 6256       1       org.hibernate.event.spi.EventType::ordinal (5 bytes)
Event: 6.997 Thread 0x000002b9ff5ae650 nmethod 6256 0x000002b9f76b9910 code [0x000002b9f76b9aa0, 0x000002b9f76b9b78]
Event: 7.001 Thread 0x000002b98151ea60 6257       1       org.hibernate.event.service.internal.EventListenerRegistryImpl$Builder$$Lambda$1172/0x00000008013fc800::apply (11 bytes)
Event: 7.001 Thread 0x000002b98151ea60 nmethod 6257 0x000002b9f76b9c10 code [0x000002b9f76b9dc0, 0x000002b9f76b9f78]
Event: 7.005 Thread 0x000002b9ff5ae650 6258       1       org.hibernate.event.service.internal.EventListenerRegistryImpl$Builder$$Lambda$1175/0x000000080140f440::apply (11 bytes)
Event: 7.005 Thread 0x000002b9ff5ae650 nmethod 6258 0x000002b9f76ba090 code [0x000002b9f76ba240, 0x000002b9f76ba3f8]
Event: 7.007 Thread 0x000002b9ff5ae650 6259       1       java.lang.String$CaseInsensitiveComparator::compare (68 bytes)
Event: 7.007 Thread 0x000002b9ff4e0b80 6260       1       java.lang.String$CaseInsensitiveComparator::compare (13 bytes)
Event: 7.007 Thread 0x000002b9ff4e0b80 nmethod 6260 0x000002b9f76ba510 code [0x000002b9f76ba6a0, 0x000002b9f76ba808]
Event: 7.008 Thread 0x000002b9ff5ae650 nmethod 6259 0x000002b9f76ba910 code [0x000002b9f76baae0, 0x000002b9f76bad58]
Event: 7.038 Thread 0x000002b9ff5ae650 6263       1       org.jboss.logging.Logger::join (112 bytes)
Event: 7.039 Thread 0x000002b9ff5ae650 nmethod 6263 0x000002b9f76bc810 code [0x000002b9f76bca40, 0x000002b9f76bcf38]
Event: 7.062 Thread 0x000002b9ff5ae650 6264       1       org.hibernate.service.spi.ServiceBinding::getService (5 bytes)
Event: 7.062 Thread 0x000002b9ff5ae650 nmethod 6264 0x000002b9f76bd910 code [0x000002b9f76bdaa0, 0x000002b9f76bdb78]
Event: 7.123 Thread 0x000002b9ff5ae650 6265       1       java.lang.Character::isUpperCase (5 bytes)
Event: 7.123 Thread 0x000002b9ff5ae650 nmethod 6265 0x000002b9f76bee10 code [0x000002b9f76befc0, 0x000002b9f76bf0b8]
Event: 7.124 Thread 0x000002b9ff5ae650 6266       1       java.lang.reflect.AccessibleObject::isAccessible (5 bytes)
Event: 7.124 Thread 0x000002b9ff5ae650 nmethod 6266 0x000002b9f76bf190 code [0x000002b9f76bf320, 0x000002b9f76bf3f8]
Event: 7.124 Thread 0x000002b9ff5ae650 6267       1       java.lang.reflect.Method::isBridge (16 bytes)
Event: 7.124 Thread 0x000002b9ff5ae650 nmethod 6267 0x000002b9f76bf490 code [0x000002b9f76bf620, 0x000002b9f76bf6f8]

GC Heap History (20 events):
Event: 1.097 GC heap after
{Heap after GC invocations=5 (full 0):
 garbage-first heap   total 205824K, used 38187K [0x00000000a0c00000, 0x0000000100000000)
  region size 1024K, 3 young (3072K), 3 survivors (3072K)
 Metaspace       used 3519K, committed 3712K, reserved 1056768K
  class space    used 421K, committed 512K, reserved 1048576K
}
Event: 1.953 GC heap before
{Heap before GC invocations=5 (full 0):
 garbage-first heap   total 205824K, used 69931K [0x00000000a0c00000, 0x0000000100000000)
  region size 1024K, 34 young (34816K), 3 survivors (3072K)
 Metaspace       used 7460K, committed 7744K, reserved 1056768K
  class space    used 1011K, committed 1152K, reserved 1048576K
}
Event: 1.963 GC heap after
{Heap after GC invocations=6 (full 0):
 garbage-first heap   total 205824K, used 40680K [0x00000000a0c00000, 0x0000000100000000)
  region size 1024K, 4 young (4096K), 4 survivors (4096K)
 Metaspace       used 7460K, committed 7744K, reserved 1056768K
  class space    used 1011K, committed 1152K, reserved 1048576K
}
Event: 2.785 GC heap before
{Heap before GC invocations=6 (full 0):
 garbage-first heap   total 205824K, used 159464K [0x00000000a0c00000, 0x0000000100000000)
  region size 1024K, 120 young (122880K), 4 survivors (4096K)
 Metaspace       used 17887K, committed 18240K, reserved 1064960K
  class space    used 2375K, committed 2560K, reserved 1048576K
}
Event: 2.796 GC heap after
{Heap after GC invocations=7 (full 0):
 garbage-first heap   total 205824K, used 46102K [0x00000000a0c00000, 0x0000000100000000)
  region size 1024K, 9 young (9216K), 9 survivors (9216K)
 Metaspace       used 17887K, committed 18240K, reserved 1064960K
  class space    used 2375K, committed 2560K, reserved 1048576K
}
Event: 3.205 GC heap before
{Heap before GC invocations=7 (full 0):
 garbage-first heap   total 205824K, used 67606K [0x00000000a0c00000, 0x0000000100000000)
  region size 1024K, 32 young (32768K), 9 survivors (9216K)
 Metaspace       used 21128K, committed 21504K, reserved 1073152K
  class space    used 2805K, committed 3008K, reserved 1048576K
}
Event: 3.217 GC heap after
{Heap after GC invocations=8 (full 0):
 garbage-first heap   total 205824K, used 49578K [0x00000000a0c00000, 0x0000000100000000)
  region size 1024K, 10 young (10240K), 10 survivors (10240K)
 Metaspace       used 21128K, committed 21504K, reserved 1073152K
  class space    used 2805K, committed 3008K, reserved 1048576K
}
Event: 4.276 GC heap before
{Heap before GC invocations=9 (full 0):
 garbage-first heap   total 178176K, used 149930K [0x00000000a0c00000, 0x0000000100000000)
  region size 1024K, 110 young (112640K), 10 survivors (10240K)
 Metaspace       used 29418K, committed 29888K, reserved 1081344K
  class space    used 4073K, committed 4288K, reserved 1048576K
}
Event: 4.296 GC heap after
{Heap after GC invocations=10 (full 0):
 garbage-first heap   total 178176K, used 57055K [0x00000000a0c00000, 0x0000000100000000)
  region size 1024K, 12 young (12288K), 12 survivors (12288K)
 Metaspace       used 29418K, committed 29888K, reserved 1081344K
  class space    used 4073K, committed 4288K, reserved 1048576K
}
Event: 4.301 GC heap before
{Heap before GC invocations=10 (full 0):
 garbage-first heap   total 178176K, used 58079K [0x00000000a0c00000, 0x0000000100000000)
  region size 1024K, 13 young (13312K), 12 survivors (12288K)
 Metaspace       used 29496K, committed 29952K, reserved 1081344K
  class space    used 4081K, committed 4288K, reserved 1048576K
}
Event: 4.312 GC heap after
{Heap after GC invocations=11 (full 0):
 garbage-first heap   total 178176K, used 54847K [0x00000000a0c00000, 0x0000000100000000)
  region size 1024K, 2 young (2048K), 2 survivors (2048K)
 Metaspace       used 29496K, committed 29952K, reserved 1081344K
  class space    used 4081K, committed 4288K, reserved 1048576K
}
Event: 4.818 GC heap before
{Heap before GC invocations=11 (full 0):
 garbage-first heap   total 178176K, used 136767K [0x00000000a0c00000, 0x0000000100000000)
  region size 1024K, 83 young (84992K), 2 survivors (2048K)
 Metaspace       used 32952K, committed 33408K, reserved 1081344K
  class space    used 4724K, committed 4928K, reserved 1048576K
}
Event: 4.823 GC heap after
{Heap after GC invocations=12 (full 0):
 garbage-first heap   total 178176K, used 55512K [0x00000000a0c00000, 0x0000000100000000)
  region size 1024K, 3 young (3072K), 3 survivors (3072K)
 Metaspace       used 32952K, committed 33408K, reserved 1081344K
  class space    used 4724K, committed 4928K, reserved 1048576K
}
Event: 5.391 GC heap before
{Heap before GC invocations=12 (full 0):
 garbage-first heap   total 178176K, used 123096K [0x00000000a0c00000, 0x0000000100000000)
  region size 1024K, 71 young (72704K), 3 survivors (3072K)
 Metaspace       used 35618K, committed 36160K, reserved 1081344K
  class space    used 5160K, committed 5440K, reserved 1048576K
}
Event: 5.398 GC heap after
{Heap after GC invocations=13 (full 0):
 garbage-first heap   total 178176K, used 58270K [0x00000000a0c00000, 0x0000000100000000)
  region size 1024K, 6 young (6144K), 6 survivors (6144K)
 Metaspace       used 35618K, committed 36160K, reserved 1081344K
  class space    used 5160K, committed 5440K, reserved 1048576K
}
Event: 6.234 GC heap before
{Heap before GC invocations=14 (full 0):
 garbage-first heap   total 178176K, used 141214K [0x00000000a0c00000, 0x0000000100000000)
  region size 1024K, 88 young (90112K), 6 survivors (6144K)
 Metaspace       used 43811K, committed 44288K, reserved 1089536K
  class space    used 6355K, committed 6592K, reserved 1048576K
}
Event: 6.246 GC heap after
{Heap after GC invocations=15 (full 0):
 garbage-first heap   total 178176K, used 65661K [0x00000000a0c00000, 0x0000000100000000)
  region size 1024K, 11 young (11264K), 11 survivors (11264K)
 Metaspace       used 43811K, committed 44288K, reserved 1089536K
  class space    used 6355K, committed 6592K, reserved 1048576K
}
Event: 6.259 GC heap before
{Heap before GC invocations=15 (full 0):
 garbage-first heap   total 178176K, used 65661K [0x00000000a0c00000, 0x0000000100000000)
  region size 1024K, 12 young (12288K), 11 survivors (11264K)
 Metaspace       used 43999K, committed 44544K, reserved 1089536K
  class space    used 6383K, committed 6656K, reserved 1048576K
}
Event: 6.269 GC heap after
{Heap after GC invocations=16 (full 0):
 garbage-first heap   total 178176K, used 65908K [0x00000000a0c00000, 0x0000000100000000)
  region size 1024K, 2 young (2048K), 2 survivors (2048K)
 Metaspace       used 43999K, committed 44544K, reserved 1089536K
  class space    used 6383K, committed 6656K, reserved 1048576K
}
Event: 7.155 GC heap before
{Heap before GC invocations=16 (full 0):
 garbage-first heap   total 178176K, used 139636K [0x00000000a0c00000, 0x0000000100000000)
  region size 1024K, 75 young (76800K), 2 survivors (2048K)
 Metaspace       used 58397K, committed 58944K, reserved 1105920K
  class space    used 8261K, committed 8512K, reserved 1048576K
}

Deoptimization events (20 events):
Event: 7.137 Thread 0x000002b982123a30 DEOPT PACKING pc=0x000002b9f6d4926c sp=0x000000df1b9fc800
Event: 7.137 Thread 0x000002b982123a30 DEOPT UNPACKING pc=0x000002b9f6a12b43 sp=0x000000df1b9fbc98 mode 1
Event: 7.137 Thread 0x000002b982123a30 DEOPT PACKING pc=0x000002b9f6d484fc sp=0x000000df1b9fc8d0
Event: 7.137 Thread 0x000002b982123a30 DEOPT UNPACKING pc=0x000002b9f6a12b43 sp=0x000000df1b9fbd78 mode 1
Event: 7.137 Thread 0x000002b982123a30 DEOPT PACKING pc=0x000002b9f70097ec sp=0x000000df1b9fc920
Event: 7.137 Thread 0x000002b982123a30 DEOPT UNPACKING pc=0x000002b9f6a12b43 sp=0x000000df1b9fbf40 mode 1
Event: 7.137 Thread 0x000002b982123a30 DEOPT PACKING pc=0x000002b9f6e3aab4 sp=0x000000df1b9fcb70
Event: 7.137 Thread 0x000002b982123a30 DEOPT UNPACKING pc=0x000002b9f6a12b43 sp=0x000000df1b9fc028 mode 1
Event: 7.137 Thread 0x000002b982123a30 DEOPT PACKING pc=0x000002b9f6e923d4 sp=0x000000df1b9fd560
Event: 7.137 Thread 0x000002b982123a30 DEOPT UNPACKING pc=0x000002b9f6a12b43 sp=0x000000df1b9fca50 mode 1
Event: 7.137 Thread 0x000002b982123a30 DEOPT PACKING pc=0x000002b9f6d4926c sp=0x000000df1b9fc800
Event: 7.137 Thread 0x000002b982123a30 DEOPT UNPACKING pc=0x000002b9f6a12b43 sp=0x000000df1b9fbc98 mode 1
Event: 7.137 Thread 0x000002b982123a30 DEOPT PACKING pc=0x000002b9f6d484fc sp=0x000000df1b9fc8d0
Event: 7.137 Thread 0x000002b982123a30 DEOPT UNPACKING pc=0x000002b9f6a12b43 sp=0x000000df1b9fbd78 mode 1
Event: 7.137 Thread 0x000002b982123a30 DEOPT PACKING pc=0x000002b9f70097ec sp=0x000000df1b9fc920
Event: 7.137 Thread 0x000002b982123a30 DEOPT UNPACKING pc=0x000002b9f6a12b43 sp=0x000000df1b9fbf40 mode 1
Event: 7.137 Thread 0x000002b982123a30 DEOPT PACKING pc=0x000002b9f6e3aab4 sp=0x000000df1b9fcb70
Event: 7.137 Thread 0x000002b982123a30 DEOPT UNPACKING pc=0x000002b9f6a12b43 sp=0x000000df1b9fc028 mode 1
Event: 7.137 Thread 0x000002b982123a30 DEOPT PACKING pc=0x000002b9f6e923d4 sp=0x000000df1b9fd560
Event: 7.137 Thread 0x000002b982123a30 DEOPT UNPACKING pc=0x000002b9f6a12b43 sp=0x000000df1b9fca50 mode 1

Classes unloaded (20 events):
Event: 5.483 Thread 0x000002b9ef230ca0 Unloading class 0x0000000800df1800 'java/lang/invoke/LambdaForm$MH+0x0000000800df1800'
Event: 5.483 Thread 0x000002b9ef230ca0 Unloading class 0x0000000800df1c00 'java/lang/invoke/LambdaForm$MH+0x0000000800df1c00'
Event: 5.483 Thread 0x000002b9ef230ca0 Unloading class 0x0000000800df1400 'java/lang/invoke/LambdaForm$MH+0x0000000800df1400'
Event: 5.483 Thread 0x000002b9ef230ca0 Unloading class 0x0000000800df1000 'java/lang/invoke/LambdaForm$MH+0x0000000800df1000'
Event: 5.483 Thread 0x000002b9ef230ca0 Unloading class 0x0000000800df0c00 'java/lang/invoke/LambdaForm$MH+0x0000000800df0c00'
Event: 5.483 Thread 0x000002b9ef230ca0 Unloading class 0x0000000800df0800 'java/lang/invoke/LambdaForm$MH+0x0000000800df0800'
Event: 5.483 Thread 0x000002b9ef230ca0 Unloading class 0x0000000800df0400 'java/lang/invoke/LambdaForm$MH+0x0000000800df0400'
Event: 5.483 Thread 0x000002b9ef230ca0 Unloading class 0x0000000800df0000 'java/lang/invoke/LambdaForm$MH+0x0000000800df0000'
Event: 5.483 Thread 0x000002b9ef230ca0 Unloading class 0x0000000800debc00 'java/lang/invoke/LambdaForm$MH+0x0000000800debc00'
Event: 5.483 Thread 0x000002b9ef230ca0 Unloading class 0x0000000800deb800 'java/lang/invoke/LambdaForm$MH+0x0000000800deb800'
Event: 5.483 Thread 0x000002b9ef230ca0 Unloading class 0x0000000800deb400 'java/lang/invoke/LambdaForm$MH+0x0000000800deb400'
Event: 5.483 Thread 0x000002b9ef230ca0 Unloading class 0x0000000800deb000 'java/lang/invoke/LambdaForm$MH+0x0000000800deb000'
Event: 5.483 Thread 0x000002b9ef230ca0 Unloading class 0x0000000800deac00 'java/lang/invoke/LambdaForm$MH+0x0000000800deac00'
Event: 5.483 Thread 0x000002b9ef230ca0 Unloading class 0x0000000800dea800 'java/lang/invoke/LambdaForm$MH+0x0000000800dea800'
Event: 5.483 Thread 0x000002b9ef230ca0 Unloading class 0x0000000800dea400 'java/lang/invoke/LambdaForm$MH+0x0000000800dea400'
Event: 5.483 Thread 0x000002b9ef230ca0 Unloading class 0x0000000800de9800 'java/lang/invoke/LambdaForm$MH+0x0000000800de9800'
Event: 5.483 Thread 0x000002b9ef230ca0 Unloading class 0x0000000800de9400 'java/lang/invoke/LambdaForm$MH+0x0000000800de9400'
Event: 5.483 Thread 0x000002b9ef230ca0 Unloading class 0x0000000800de9000 'java/lang/invoke/LambdaForm$MH+0x0000000800de9000'
Event: 5.483 Thread 0x000002b9ef230ca0 Unloading class 0x0000000800de8c00 'java/lang/invoke/LambdaForm$MH+0x0000000800de8c00'
Event: 5.483 Thread 0x000002b9ef230ca0 Unloading class 0x0000000800de8400 'java/lang/invoke/LambdaForm$MH+0x0000000800de8400'

Classes redefined (0 events):
No events

Internal exceptions (20 events):
Event: 6.445 Thread 0x000002b9821226f0 Exception <a 'sun/nio/fs/WindowsException'{0x00000000aa9b1370}> (0x00000000aa9b1370) 
thrown [t:\workspace\open\src\hotspot\share\prims\jni.cpp, line 516]
Event: 6.445 Thread 0x000002b9821226f0 Exception <a 'sun/nio/fs/WindowsException'{0x00000000aa9b1be8}> (0x00000000aa9b1be8) 
thrown [t:\workspace\open\src\hotspot\share\prims\jni.cpp, line 516]
Event: 6.445 Thread 0x000002b9821226f0 Exception <a 'sun/nio/fs/WindowsException'{0x00000000aa9b1fd8}> (0x00000000aa9b1fd8) 
thrown [t:\workspace\open\src\hotspot\share\prims\jni.cpp, line 516]
Event: 6.447 Thread 0x000002b9821226f0 Exception <a 'sun/nio/fs/WindowsException'{0x00000000aa9c10b8}> (0x00000000aa9c10b8) 
thrown [t:\workspace\open\src\hotspot\share\prims\jni.cpp, line 516]
Event: 6.447 Thread 0x000002b9821226f0 Exception <a 'sun/nio/fs/WindowsException'{0x00000000aa9c1478}> (0x00000000aa9c1478) 
thrown [t:\workspace\open\src\hotspot\share\prims\jni.cpp, line 516]
Event: 6.518 Thread 0x000002b9821226f0 Exception <a 'java/lang/IncompatibleClassChangeError'{0x00000000aa3b3ab0}: Found class java.lang.Object, but interface was expected> (0x00000000aa3b3ab0) 
thrown [t:\workspace\open\src\hotspot\share\interpreter\linkResolver.cpp, line 833]
Event: 6.518 Thread 0x000002b9821226f0 Exception <a 'java/lang/IncompatibleClassChangeError'{0x00000000aa3b6da8}: Found class java.lang.Object, but interface was expected> (0x00000000aa3b6da8) 
thrown [t:\workspace\open\src\hotspot\share\interpreter\linkResolver.cpp, line 833]
Event: 6.571 Thread 0x000002b9821226f0 Exception <a 'sun/nio/fs/WindowsException'{0x00000000a9fcd2f8}> (0x00000000a9fcd2f8) 
thrown [t:\workspace\open\src\hotspot\share\prims\jni.cpp, line 516]
Event: 6.572 Thread 0x000002b9821226f0 Exception <a 'sun/nio/fs/WindowsException'{0x00000000a9fcd688}> (0x00000000a9fcd688) 
thrown [t:\workspace\open\src\hotspot\share\prims\jni.cpp, line 516]
Event: 6.731 Thread 0x000002b9821226f0 Exception <a 'java/lang/NoSuchMethodError'{0x00000000a90992f8}: 'java.lang.Object java.lang.invoke.DirectMethodHandle$Holder.invokeSpecialIFC(java.lang.Object, java.lang.Object, java.lang.Object, java.lang.Object)'> (0x00000000a90992f8) 
thrown [t:\workspace\open\src\hotspot\share\interpreter\linkResolver.cpp, line 766]
Event: 6.830 Thread 0x000002b9821213b0 Exception <a 'java/net/ConnectException'{0x00000000a87583e0}: Connection refused: no further information> (0x00000000a87583e0) 
thrown [t:\workspace\open\src\hotspot\share\prims\jni.cpp, line 535]
Event: 6.931 Thread 0x000002b982120ee0 Exception <a 'java/net/SocketException'{0x00000000a82b96d8}: Network is unreachable: no further information> (0x00000000a82b96d8) 
thrown [t:\workspace\open\src\hotspot\share\prims\jni.cpp, line 535]
Event: 6.931 Thread 0x000002b982120ee0 Exception <a 'java/net/SocketException'{0x00000000a82b9a90}: Socket is not connected: shutdown> (0x00000000a82b9a90) 
thrown [t:\workspace\open\src\hotspot\share\prims\jni.cpp, line 535]
Event: 6.964 Thread 0x000002b982123a30 Exception <a 'java/lang/NoSuchMethodError'{0x00000000a7f16b50}: 'java.lang.Object java.lang.invoke.DirectMethodHandle$Holder.newInvokeSpecial(java.lang.Object, java.lang.Object, int, java.lang.Object, java.lang.Object)'> (0x00000000a7f16b50) 
thrown [t:\workspace\open\src\hotspot\share\interpreter\linkResolver.cpp, line 766]
Event: 7.011 Thread 0x000002b982123a30 Exception <a 'java/lang/NoSuchMethodError'{0x00000000a7ce0390}: 'long java.lang.invoke.DirectMethodHandle$Holder.invokeStatic(java.lang.Object)'> (0x00000000a7ce0390) 
thrown [t:\workspace\open\src\hotspot\share\interpreter\linkResolver.cpp, line 766]
Event: 7.012 Thread 0x000002b982123a30 Exception <a 'java/lang/NoSuchMethodError'{0x00000000a7cfef00}: 'long java.lang.invoke.DirectMethodHandle$Holder.invokeInterface(java.lang.Object, java.lang.Object)'> (0x00000000a7cfef00) 
thrown [t:\workspace\open\src\hotspot\share\interpreter\linkResolver.cpp, line 766]
Event: 7.071 Thread 0x000002b982123a30 Exception <a 'sun/nio/fs/WindowsException'{0x00000000a762fcc8}> (0x00000000a762fcc8) 
thrown [t:\workspace\open\src\hotspot\share\prims\jni.cpp, line 516]
Event: 7.071 Thread 0x000002b982123a30 Exception <a 'sun/nio/fs/WindowsException'{0x00000000a762ffd8}> (0x00000000a762ffd8) 
thrown [t:\workspace\open\src\hotspot\share\prims\jni.cpp, line 516]
Event: 7.128 Thread 0x000002b982123a30 Exception <a 'java/lang/NoSuchMethodError'{0x00000000a7153790}: 'int java.lang.invoke.DirectMethodHandle$Holder.invokeStatic(java.lang.Object, java.lang.Object, int)'> (0x00000000a7153790) 
thrown [t:\workspace\open\src\hotspot\share\interpreter\linkResolver.cpp, line 766]
Event: 7.139 Thread 0x000002b982123a30 Exception <a 'java/lang/NoSuchMethodError'{0x00000000a702d2c0}: 'java.lang.Object java.lang.invoke.DirectMethodHandle$Holder.invokeStaticInit(java.lang.Object, java.lang.Object, java.lang.Object, java.lang.Object, int, int)'> (0x00000000a702d2c0) 
thrown [t:\workspace\open\src\hotspot\share\interpreter\linkResolver.cpp, line 766]

VM Operations (20 events):
Event: 5.490 Executing VM operation: G1Concurrent done
Event: 5.490 Executing VM operation: Cleanup
Event: 5.491 Executing VM operation: Cleanup done
Event: 5.531 Executing VM operation: G1Concurrent
Event: 5.531 Executing VM operation: G1Concurrent done
Event: 6.093 Executing VM operation: HandshakeAllThreads
Event: 6.093 Executing VM operation: HandshakeAllThreads done
Event: 6.233 Executing VM operation: G1CollectForAllocation
Event: 6.246 Executing VM operation: G1CollectForAllocation done
Event: 6.259 Executing VM operation: G1CollectForAllocation
Event: 6.269 Executing VM operation: G1CollectForAllocation done
Event: 6.298 Executing VM operation: HandshakeAllThreads
Event: 6.298 Executing VM operation: HandshakeAllThreads done
Event: 6.443 Executing VM operation: HandshakeAllThreads
Event: 6.443 Executing VM operation: HandshakeAllThreads done
Event: 6.854 Executing VM operation: HandshakeAllThreads
Event: 6.854 Executing VM operation: HandshakeAllThreads done
Event: 6.856 Executing VM operation: HandshakeAllThreads
Event: 6.856 Executing VM operation: HandshakeAllThreads done
Event: 7.155 Executing VM operation: G1CollectForAllocation

Events (20 events):
Event: 6.941 loading class java/util/stream/SpinedBuffer$OfPrimitive
Event: 6.942 loading class java/util/stream/SpinedBuffer$OfPrimitive done
Event: 6.942 loading class java/util/stream/SpinedBuffer$OfInt done
Event: 6.942 loading class java/util/stream/Nodes$IntSpinedNodeBuilder done
Event: 6.944 loading class java/lang/StackTraceElement$HashedModules
Event: 6.944 loading class java/lang/StackTraceElement$HashedModules done
Event: 6.956 loading class javax/naming/RefAddr
Event: 6.957 loading class javax/naming/RefAddr done
Event: 6.957 loading class javax/naming/StringRefAddr
Event: 6.957 loading class javax/naming/StringRefAddr done
Event: 7.103 loading class java/beans/Introspector
Event: 7.104 loading class java/beans/Introspector done
Event: 7.104 loading class java/beans/EventSetDescriptor
Event: 7.104 loading class java/beans/FeatureDescriptor
Event: 7.104 loading class java/beans/FeatureDescriptor done
Event: 7.104 loading class java/beans/EventSetDescriptor done
Event: 7.104 loading class java/beans/Introspector$1
Event: 7.104 loading class jdk/internal/access/JavaBeansAccess
Event: 7.104 loading class jdk/internal/access/JavaBeansAccess done
Event: 7.104 loading class java/beans/Introspector$1 done


Dynamic libraries:
0x00007ff7b61c0000 - 0x00007ff7b61d0000 	C:\Program Files\Java\jdk-17.0.2\bin\java.EXE
0x00007ff9cf270000 - 0x00007ff9cf465000 	C:\Windows\SYSTEM32\ntdll.dll
0x00007ff9ce560000 - 0x00007ff9ce61e000 	C:\Windows\System32\KERNEL32.DLL
0x00007ff9ccd90000 - 0x00007ff9cd058000 	C:\Windows\System32\KERNELBASE.dll
0x00007ff9cd190000 - 0x00007ff9cd290000 	C:\Windows\System32\ucrtbase.dll
0x00007ff9b8750000 - 0x00007ff9b876a000 	C:\Program Files\Java\jdk-17.0.2\bin\VCRUNTIME140.dll
0x00007ff9b25b0000 - 0x00007ff9b25c8000 	C:\Program Files\Java\jdk-17.0.2\bin\jli.dll
0x00007ff9cf010000 - 0x00007ff9cf0be000 	C:\Windows\System32\ADVAPI32.dll
0x00007ff9cf0c0000 - 0x00007ff9cf15e000 	C:\Windows\System32\msvcrt.dll
0x00007ff9cef70000 - 0x00007ff9cf00c000 	C:\Windows\System32\sechost.dll
0x00007ff9cda10000 - 0x00007ff9cdb35000 	C:\Windows\System32\RPCRT4.dll
0x00007ff9ce210000 - 0x00007ff9ce3b0000 	C:\Windows\System32\USER32.dll
0x00007ff9ccaf0000 - 0x00007ff9ccb12000 	C:\Windows\System32\win32u.dll
0x00007ff9cef40000 - 0x00007ff9cef6b000 	C:\Windows\System32\GDI32.dll
0x00007ff9b9590000 - 0x00007ff9b982a000 	C:\Windows\WinSxS\amd64_microsoft.windows.common-controls_6595b64144ccf1df_6.0.19041.1110_none_60b5254171f9507e\COMCTL32.dll
0x00007ff9ccb20000 - 0x00007ff9ccc2d000 	C:\Windows\System32\gdi32full.dll
0x00007ff9cd060000 - 0x00007ff9cd0fd000 	C:\Windows\System32\msvcp_win.dll
0x00007ff9c2890000 - 0x00007ff9c289a000 	C:\Windows\SYSTEM32\VERSION.dll
0x00007ff9ce710000 - 0x00007ff9ce740000 	C:\Windows\System32\IMM32.DLL
0x00007ff9b8740000 - 0x00007ff9b874c000 	C:\Program Files\Java\jdk-17.0.2\bin\vcruntime140_1.dll
0x00007ff9ad320000 - 0x00007ff9ad3ad000 	C:\Program Files\Java\jdk-17.0.2\bin\msvcp140.dll
0x00007ff984c00000 - 0x00007ff9857c1000 	C:\Program Files\Java\jdk-17.0.2\bin\server\jvm.dll
0x00007ff9cec40000 - 0x00007ff9cec48000 	C:\Windows\System32\PSAPI.DLL
0x00007ff9c8320000 - 0x00007ff9c8329000 	C:\Windows\SYSTEM32\WSOCK32.dll
0x00007ff9ce750000 - 0x00007ff9ce7bb000 	C:\Windows\System32\WS2_32.dll
0x00007ff9c24b0000 - 0x00007ff9c24d7000 	C:\Windows\SYSTEM32\WINMM.dll
0x00007ff9ca830000 - 0x00007ff9ca842000 	C:\Windows\SYSTEM32\kernel.appcore.dll
0x00007ff9b1ea0000 - 0x00007ff9b1eaa000 	C:\Program Files\Java\jdk-17.0.2\bin\jimage.dll
0x00007ff9b6180000 - 0x00007ff9b6364000 	C:\Windows\SYSTEM32\DBGHELP.DLL
0x00007ff9b64a0000 - 0x00007ff9b64cc000 	C:\Windows\SYSTEM32\dbgcore.DLL
0x00007ff9cd100000 - 0x00007ff9cd182000 	C:\Windows\System32\bcryptPrimitives.dll
0x00007ff9c5a60000 - 0x00007ff9c5a6e000 	C:\Program Files\Java\jdk-17.0.2\bin\instrument.dll
0x00007ff9b1a30000 - 0x00007ff9b1a55000 	C:\Program Files\Java\jdk-17.0.2\bin\java.dll
0x00007ff9b1eb0000 - 0x00007ff9b1eeb000 	C:\Program Files\Java\jdk-17.0.2\bin\jdwp.dll
0x00007ff9ad240000 - 0x00007ff9ad316000 	C:\Program Files\Java\jdk-17.0.2\bin\jsvml.dll
0x00007ff9cd2c0000 - 0x00007ff9cda04000 	C:\Windows\System32\SHELL32.dll
0x00007ff9caa30000 - 0x00007ff9cb1c4000 	C:\Windows\SYSTEM32\windows.storage.dll
0x00007ff9cddd0000 - 0x00007ff9ce125000 	C:\Windows\System32\combase.dll
0x00007ff9cc3d0000 - 0x00007ff9cc3fe000 	C:\Windows\SYSTEM32\Wldp.dll
0x00007ff9cdd20000 - 0x00007ff9cddcd000 	C:\Windows\System32\SHCORE.dll
0x00007ff9ceee0000 - 0x00007ff9cef35000 	C:\Windows\System32\shlwapi.dll
0x00007ff9cc8c0000 - 0x00007ff9cc8df000 	C:\Windows\SYSTEM32\profapi.dll
0x00007ff9ad1e0000 - 0x00007ff9ad1f8000 	C:\Program Files\Java\jdk-17.0.2\bin\zip.dll
0x00007ff9ad220000 - 0x00007ff9ad239000 	C:\Program Files\Java\jdk-17.0.2\bin\net.dll
0x00007ff9c3430000 - 0x00007ff9c353c000 	C:\Windows\SYSTEM32\WINHTTP.dll
0x00007ff9cc0e0000 - 0x00007ff9cc14a000 	C:\Windows\system32\mswsock.dll
0x00007ff9ad200000 - 0x00007ff9ad216000 	C:\Program Files\Java\jdk-17.0.2\bin\nio.dll
0x00007ff9b25a0000 - 0x00007ff9b25ac000 	C:\Program Files\Java\jdk-17.0.2\bin\dt_socket.dll
0x00007ff9cbd70000 - 0x00007ff9cbdab000 	C:\Windows\SYSTEM32\IPHLPAPI.DLL
0x00007ff9cbdc0000 - 0x00007ff9cbe8b000 	C:\Windows\SYSTEM32\DNSAPI.dll
0x00007ff9ce740000 - 0x00007ff9ce748000 	C:\Windows\System32\NSI.dll
0x00007ff9c0890000 - 0x00007ff9c089a000 	C:\Windows\System32\rasadhlp.dll
0x00007ff9c0050000 - 0x00007ff9c00cf000 	C:\Windows\System32\fwpuclnt.dll
0x00007ff9cd290000 - 0x00007ff9cd2b7000 	C:\Windows\System32\bcrypt.dll
0x00007ff9be840000 - 0x00007ff9be850000 	C:\Program Files\Java\jdk-17.0.2\bin\verify.dll
0x00007ff9b18c0000 - 0x00007ff9b18c9000 	C:\Program Files\Java\jdk-17.0.2\bin\management.dll
0x00007ff9b18b0000 - 0x00007ff9b18bb000 	C:\Program Files\Java\jdk-17.0.2\bin\management_ext.dll
0x00007ff9cc290000 - 0x00007ff9cc2a8000 	C:\Windows\SYSTEM32\CRYPTSP.dll
0x00007ff9cba00000 - 0x00007ff9cba34000 	C:\Windows\system32\rsaenh.dll
0x00007ff9cc880000 - 0x00007ff9cc8ae000 	C:\Windows\SYSTEM32\USERENV.dll
0x00007ff9cc2b0000 - 0x00007ff9cc2bc000 	C:\Windows\SYSTEM32\CRYPTBASE.dll
0x00007ff9c3ef0000 - 0x00007ff9c3f07000 	C:\Windows\SYSTEM32\dhcpcsvc6.DLL
0x00007ff9c3780000 - 0x00007ff9c379d000 	C:\Windows\SYSTEM32\dhcpcsvc.DLL
0x00007ff9b18a0000 - 0x00007ff9b18ae000 	C:\Program Files\Java\jdk-17.0.2\bin\sunmscapi.dll
0x00007ff9ccc30000 - 0x00007ff9ccd86000 	C:\Windows\System32\CRYPT32.dll
0x00007ff9cc440000 - 0x00007ff9cc467000 	C:\Windows\SYSTEM32\ncrypt.dll
0x00007ff9cc400000 - 0x00007ff9cc43b000 	C:\Windows\SYSTEM32\NTASN1.dll
0x00007ff9b1890000 - 0x00007ff9b1897000 	C:\Windows\system32\wshunix.dll
0x00007ff9a8f90000 - 0x00007ff9a8fa7000 	C:\Windows\system32\napinsp.dll
0x00007ff9a8f70000 - 0x00007ff9a8f8b000 	C:\Windows\system32\pnrpnsp.dll
0x00007ff9c77e0000 - 0x00007ff9c77f5000 	C:\Windows\system32\wshbth.dll
0x00007ff9c8360000 - 0x00007ff9c837d000 	C:\Windows\system32\NLAapi.dll
0x00007ff9a8f50000 - 0x00007ff9a8f62000 	C:\Windows\System32\winrnr.dll

dbghelp: loaded successfully - version: 4.0.5 - missing functions: none
symbol engine: initialized successfully - sym options: 0x614 - pdb path: .;C:\Program Files\Java\jdk-17.0.2\bin;C:\Windows\SYSTEM32;C:\Windows\WinSxS\amd64_microsoft.windows.common-controls_6595b64144ccf1df_6.0.19041.1110_none_60b5254171f9507e;C:\Program Files\Java\jdk-17.0.2\bin\server

VM Arguments:
jvm_args: -Dquarkus-internal.serialized-app-model.path=C:\Users\ANNA\IdeaProjects\geekocon-crud-service\target\quarkus\bootstrap\dev-app-model.dat -javaagent:C:\Users\ANNA\.m2\repository\io\quarkus\quarkus-class-change-agent\2.6.3.Final\quarkus-class-change-agent-2.6.3.Final.jar -XX:TieredStopAtLevel=1 -agentlib:jdwp=transport=dt_socket,address=localhost:5005,server=y,suspend=n -Djava.util.logging.manager=org.jboss.logmanager.LogManager 
java_command: C:\Users\ANNA\IdeaProjects\geekocon-crud-service\target\geekocon-crud-service-dev.jar
java_class_path (initial): C:\Users\ANNA\IdeaProjects\geekocon-crud-service\target\geekocon-crud-service-dev.jar
Launcher Type: SUN_STANDARD

[Global flags]
     intx CICompilerCount                          = 3                                         {product} {ergonomic}
     uint ConcGCThreads                            = 1                                         {product} {ergonomic}
     uint G1ConcRefinementThreads                  = 4                                         {product} {ergonomic}
   size_t G1HeapRegionSize                         = 1048576                                   {product} {ergonomic}
    uintx GCDrainStackTargetSize                   = 64                                        {product} {ergonomic}
   size_t InitialHeapSize                          = 100663296                                 {product} {ergonomic}
   size_t MarkStackSize                            = 4194304                                   {product} {ergonomic}
   size_t MaxHeapSize                              = 1598029824                                {product} {ergonomic}
   size_t MaxNewSize                               = 958398464                                 {product} {ergonomic}
   size_t MinHeapDeltaBytes                        = 1048576                                   {product} {ergonomic}
   size_t MinHeapSize                              = 8388608                                   {product} {ergonomic}
    uintx NonProfiledCodeHeapSize                  = 0                                      {pd product} {ergonomic}
     bool ProfileInterpreter                       = false                                  {pd product} {command line}
    uintx ProfiledCodeHeapSize                     = 0                                      {pd product} {ergonomic}
   size_t SoftMaxHeapSize                          = 1598029824                             {manageable} {ergonomic}
     intx TieredStopAtLevel                        = 1                                         {product} {command line}
     bool UseCompressedClassPointers               = true                           {product lp64_product} {ergonomic}
     bool UseCompressedOops                        = true                           {product lp64_product} {ergonomic}
     bool UseG1GC                                  = true                                      {product} {ergonomic}
     bool UseLargePagesIndividualAllocation        = false                                  {pd product} {ergonomic}

Logging:
Log output configuration:
 #0: stdout all=warning uptime,level,tags
 #1: stderr all=off uptime,level,tags

Environment Variables:
JAVA_HOME=C:\Program Files\Java\jdk-17.0.2
PATH=D:\VMware\bin\;C:\Program Files\Common Files\Oracle\Java\javapath;C:\Windows\system32;C:\Windows;C:\Windows\System32\Wbem;C:\Windows\System32\WindowsPowerShell\v1.0\;C:\Windows\System32\OpenSSH\;D:\nodejs\;C:\Program Files\apache-maven-3.8.4\bin\;C:\Program Files\Java\jdk-17.0.2\bin;C:\Program Files\Apache Software Foundation\apache-maven-3.8.4\bin;D:\Git\cmd;C:\Program Files\Docker\Docker\resources\bin;C:\ProgramData\DockerDesktop\version-bin;C:\Users\ANNA\.jbang\bin;C:\Users\ANNA\AppData\Local\Microsoft\WindowsApps;D:\IntelliJ IDEA Community Edition 2021.2.2\bin;D:\PyCharm Community Edition 2021.2\bin;C:\Program Files\Java\jdk-17.0.2\bin;D:\Microsoft VS Code\bin;C:\Users\ANNA\AppData\Roaming\npm;C:\Program Files\Apache Software Foundation\apache-maven-3.8.4\bin;;D:\IntelliJ IDEA Community Edition 2021.3.2\bin;
USERNAME=ANNA
OS=Windows_NT
PROCESSOR_IDENTIFIER=AMD64 Family 23 Model 24 Stepping 1, AuthenticAMD



---------------  S Y S T E M  ---------------

OS:
 Windows 10 , 64 bit Build 19041 (10.0.19041.1503)
OS uptime: 0 days 1:07 hours
Hyper-V role detected

CPU: total 4 (initial active 4) (4 cores per cpu, 2 threads per core) family 23 model 24 stepping 1 microcode 0x0, cx8, cmov, fxsr, ht, mmx, 3dnowpref, sse, sse2, sse3, ssse3, sse4a, sse4.1, sse4.2, popcnt, lzcnt, tsc, tscinvbit, avx, avx2, aes, clmul, bmi1, bmi2, adx, sha, fma, vzeroupper, clflush, clflushopt, hv

Memory: 4k page, system-wide physical 6094M (378M free)
TotalPageFile size 10073M (AvailPageFile size 254M)
current process WorkingSet (physical memory assigned to process): 320M, peak: 320M
current process commit charge ("private bytes"): 390M, peak: 711M

vm_info: Java HotSpot(TM) 64-Bit Server VM (17.0.2+8-LTS-86) for windows-amd64 JRE (17.0.2+8-LTS-86), built on Dec  7 2021 21:51:03 by "mach5one" with MS VC++ 16.8 / 16.9 (VS2019)

END.
